#
# A fatal error has been detected by the Java Runtime Environment:
#
#  EXCEPTION_ACCESS_VIOLATION (0xc0000005) at pc=0x0000000065ed5ab7, pid=4988, tid=112
#
# JRE version: Java(TM) SE Runtime Environment 18.9 (11.0.18+9) (build 11.0.18+9-LTS-195)
# Java VM: Java HotSpot(TM) 64-Bit Server VM 18.9 (11.0.18+9-LTS-195, mixed mode, tiered, compressed oops, g1 gc, windows-amd64)
# Problematic frame:
# C  0x0000000065ed5ab7
#
# No core dump will be written. Minidumps are not enabled by default on client versions of Windows
#
# If you would like to submit a bug report, please visit:
#   https://bugreport.java.com/bugreport/crash.jsp
# The crash happened outside the Java Virtual Machine in native code.
# See problematic frame for where to report the bug.
#

---------------  S U M M A R Y ------------

Command Line: -Djava.util.logging.config.file=./logging.properties -Dsentry.environment=production -Dsentry.release=unspecified -Dsentry.tags=OS:windows --add-modules=javafx.controls,javafx.fxml,javafx.graphics,javafx.web --module-path=C:\Users\Abhijeet Patil\.gradle\caches\modules-2\files-2.1\org.openjfx\javafx-fxml\11.0.2\b3242e4c031558574de2a1da685bb5fcdbb8a530\javafx-fxml-11.0.2-win.jar;C:\Users\Abhijeet Patil\.gradle\caches\modules-2\files-2.1\org.openjfx\javafx-web\11.0.2\d84a525af501320e2d60931d5a30242a2dd47f8c\javafx-web-11.0.2-win.jar;C:\Users\Abhijeet Patil\.gradle\caches\modules-2\files-2.1\org.openjfx\javafx-controls\11.0.2\6c763707769c18adce406904c771c2ad1fcc370b\javafx-controls-11.0.2-win.jar;C:\Users\Abhijeet Patil\.gradle\caches\modules-2\files-2.1\org.openjfx\javafx-media\11.0.2\a9d052aba5dc676f26b5cfcd33a68e381f08a47a\javafx-media-11.0.2-win.jar;C:\Users\Abhijeet Patil\.gradle\caches\modules-2\files-2.1\org.openjfx\javafx-graphics\11.0.2\20459ea2cf714942bcbeb78a7f70ba3531dc1a44\javafx-graphics-11.0.2-win.jar;C:\Users\Abhijeet Patil\.gradle\caches\modules-2\files-2.1\org.openjfx\javafx-base\11.0.2\1852e57b8cf9a9b6488c33605bccd5d06ff210e1\javafx-base-11.0.2-win.jar -Dfile.encoding=windows-1252 -Duser.country=IN -Duser.language=en -Duser.variant com.workshiftly.application.ApplicationStarter

Host: 11th Gen Intel(R) Core(TM) i5-11320H @ 3.20GHz, 8 cores, 31G,  Windows 11 , 64 bit Build 22621 (10.0.22621.3085)
Time: Mon Mar  4 10:24:21 2024 India Standard Time elapsed time: 248199.884378 seconds (2d 20h 56m 39s)

---------------  T H R E A D  ---------------

Current thread (0x0000024c99488000):  JavaThread "pool-2-thread-3" [_thread_in_native, id=112, stack(0x0000007a9fe00000,0x0000007a9ff00000)]

Stack: [0x0000007a9fe00000,0x0000007a9ff00000],  sp=0x0000007a9fefe980,  free space=1018k
Native frames: (J=compiled Java code, j=interpreted, Vv=VM code, C=native code)
C  0x0000000065ed5ab7

Java frames: (J=compiled Java code, j=interpreted, Vv=VM code)
J 10318  org.sqlite.core.NativeDB._close()V (0 bytes) @ 0x0000024cf210da8b [0x0000024cf210da40+0x000000000000004b]
J 10189 c1 org.sqlite.core.DB.close()V (164 bytes) @ 0x0000024cebbf1004 [0x0000024cebbeffc0+0x0000000000001044]
J 10311 c1 org.sqlite.SQLiteConnection.close()V (30 bytes) @ 0x0000024cebc69d44 [0x0000024cebc69ae0+0x0000000000000264]
J 10310 c1 com.j256.ormlite.jdbc.JdbcDatabaseConnection.close()V (37 bytes) @ 0x0000024cebc69494 [0x0000024cebc69380+0x0000000000000114]
J 10319 c1 com.j256.ormlite.jdbc.JdbcConnectionSource.close()V (80 bytes) @ 0x0000024cebc70fdc [0x0000024cebc708e0+0x00000000000006fc]
J 10316 c1 com.workshiftly.persistence.Database.DatabaseProxy.closeConnection(Ljava/lang/Class;)V (83 bytes) @ 0x0000024cebc6b734 [0x0000024cebc6b1a0+0x0000000000000594]
J 10872 c1 com.workshiftly.domain.SyncDataModule.lambda$getSyncWorkTimeLogsTask$5(Ljava/util/List;)V (369 bytes) @ 0x0000024cebe4218c [0x0000024cebe41400+0x0000000000000d8c]
J 10871 c1 com.workshiftly.domain.SyncDataModule$$Lambda$1051.run()V (8 bytes) @ 0x0000024cebe40934 [0x0000024cebe408c0+0x0000000000000074]
J 9360 c2 java.util.concurrent.Executors$RunnableAdapter.call()Ljava/lang/Object; java.base@11.0.18 (14 bytes) @ 0x0000024cf2060acc [0x0000024cf2060a80+0x000000000000004c]
J 8450 c1 java.util.concurrent.FutureTask.run()V java.base@11.0.18 (123 bytes) @ 0x0000024ceb7dc834 [0x0000024ceb7dc180+0x00000000000006b4]
J 9825 c2 java.util.concurrent.ScheduledThreadPoolExecutor$ScheduledFutureTask.run()V java.base@11.0.18 (57 bytes) @ 0x0000024cf20a4fd4 [0x0000024cf20a4d80+0x0000000000000254]
j  java.util.concurrent.ThreadPoolExecutor.runWorker(Ljava/util/concurrent/ThreadPoolExecutor$Worker;)V+92 java.base@11.0.18
j  java.util.concurrent.ThreadPoolExecutor$Worker.run()V+5 java.base@11.0.18
j  java.lang.Thread.run()V+11 java.base@11.0.18
v  ~StubRoutines::call_stub

siginfo: EXCEPTION_ACCESS_VIOLATION (0xc0000005), reading address 0x0000024ca884a240


Register to memory mapping:

RIP=0x0000000065ed5ab7 points into unknown readable memory: 48
RAX=0x0000024ca884a220 points into unknown readable memory: 0x0000000000000000 | 00 00 00 00 00 00 00 00
RBX=0x0000024ca8386040 points into unknown readable memory: 0x0000000065f8b060 | 60 b0 f8 65 00 00 00 00
RCX=0x0 is NULL
RDX=0x0000024ca884a240 points into unknown readable memory: 0x0000000000000000 | 00 00 00 00 00 00 00 00
RSP=0x0000007a9fefe980 is pointing into the stack for thread: 0x0000024c99488000
RBP=0x0 is NULL
RSI=0x0000024ca885a998 points into unknown readable memory: 0x0000024c968221a8 | a8 21 82 96 4c 02 00 00
RDI=0x0000024ca8340188 points into unknown readable memory: 0x80000200961d6254 | 54 62 1d 96 00 02 00 80
R8 =0x0000000065f8b060 points into unknown readable memory: 0x0000000000000003 | 03 00 00 00 00 00 00 00
R9 =4096 is a compressed pointer to class: 0x0000000800001000
java.lang.Object {0x0000000800001008}
 - instance size:     2
 - klass size:        65
 - access:            public synchronized 
 - state:             fully_initialized
 - name:              'java/lang/Object'
 - super:             NULL
 - sub:               'java/awt/desktop/SystemSleepListener'   'java/awt/desktop/SystemEventListener'   'com/workshiftly/persistence/storage/ObjectStorage$$Lambda$1060'   'com/google/gson/internal/$Gson$Types$WildcardTypeImpl'   (5209 more klasses...)
 - arrays:            'java/lang/Object'[]
 - methods:           Array<T>(0x0000024cfedf04a0)
 - method ordering:   Array<T>(0x0000024cfedf0058)
 - default_methods:   Array<T>(0x0000000000000000)
 - local interfaces:  Array<T>(0x0000024cfedf00a0)
 - trans. interfaces: Array<T>(0x0000024cfedf00a0)
 - constants:         constant pool [92] {0x0000024cfedf0128} for 'java/lang/Object' cache=0x0000024cfeeeb1c8
 - class loader data:  loader data: 0x0000024cfedc9100 of 'bootstrap'
 - host class:        NULL
 - source file:       'Object.java'
 - class annotations:       Array<T>(0x0000000000000000)
 - class type annotations:  Array<T>(0x0000000000000000)
 - field annotations:       Array<T>(0x0000000000000000)
 - field type annotations:  Array<T>(0x0000000000000000)
 - inner classes:     Array<T>(0x0000024cfedf0070)
 - nest members:     Array<T>(0x0000024cfedf0070)
 - java mirror:       a 'java/lang/Class'{0x0000000604065b98} = 'java/lang/Object'
 - vtable length      5  (start addr: 0x00000008000011d0)
 - itable length      2 (start addr: 0x00000008000011f8)
 - ---- static fields (0 words):
 - ---- non-static fields (0 words):
 - non-static oop maps: 
R10=0x0000000000000dfe is an unknown value
R11=0x00007ffe6156ed9c jvm.dll
R12=0x0 is NULL
R13=0x0000007a9fefebc0 is pointing into the stack for thread: 0x0000024c99488000
R14=0x0000007a9fefeb90 is pointing into the stack for thread: 0x0000024c99488000
R15=0x0000024c99488000 is a thread


Registers:
RAX=0x0000024ca884a220, RBX=0x0000024ca8386040, RCX=0x0000000000000000, RDX=0x0000024ca884a240
RSP=0x0000007a9fefe980, RBP=0x0000000000000000, RSI=0x0000024ca885a998, RDI=0x0000024ca8340188
R8 =0x0000000065f8b060, R9 =0x0000000000001000, R10=0x0000000000000dfe, R11=0x00007ffe6156ed9c
R12=0x0000000000000000, R13=0x0000007a9fefebc0, R14=0x0000007a9fefeb90, R15=0x0000024c99488000
RIP=0x0000000065ed5ab7, EFLAGS=0x0000000000010283

Top of Stack: (sp=0x0000007a9fefe980)
0x0000007a9fefe980:   0000024ca8340188 0000000000000000
0x0000007a9fefe990:   0000000000000000 0000024ca8385ec8
0x0000007a9fefe9a0:   0000024ca8386040 0000000065ec3bc7
0x0000007a9fefe9b0:   0000024ca8385ec8 0000024ca885a998
0x0000007a9fefe9c0:   0000024ca8385ec8 0000024ca8385ec8
0x0000007a9fefe9d0:   0000024ca8385ec8 0000000065f25bd7
0x0000007a9fefe9e0:   0000000000000000 00007ffeb772cadc
0x0000007a9fefe9f0:   0000024ca867e3b8 0000000000000001
0x0000007a9fefea00:   0000024ca8340188 0000000000000000
0x0000007a9fefea10:   0000000000000000 0000024c968cc5f8
0x0000007a9fefea20:   0000024c9686c588 0000024ca885ac10
0x0000007a9fefea30:   0000000000000000 0000000065f26b26
0x0000007a9fefea40:   0000007a9fefeb90 0000024ca867e3b8
0x0000007a9fefea50:   0000024ca885a998 0000000000000000
0x0000007a9fefea60:   0000000000000000 0000024ca885a998
0x0000007a9fefea70:   0000000000000000 0000024ca885ac10 

Instructions: (pc=0x0000000065ed5ab7)
0x0000000065ed5a97:   56 e2 fe ff 48 8b 05 0e 57 0b 00 48 8d 15 07 57
0x0000000065ed5aa7:   0b 00 48 85 c0 74 16 48 39 c3 74 0a 48 8d 50 20
0x0000000065ed5ab7:   48 8b 40 20 eb ec 48 8b 43 20 48 89 02 48 8b 0d
0x0000000065ed5ac7:   dd 56 0b 00 48 c7 43 20 00 00 00 00 e8 35 e2 fe 


Stack slot to memory mapping:
stack at sp + 0 slots: 0x0000024ca8340188 points into unknown readable memory: 0x80000200961d6254 | 54 62 1d 96 00 02 00 80
stack at sp + 1 slots: 0x0 is NULL
stack at sp + 2 slots: 0x0 is NULL
stack at sp + 3 slots: 0x0000024ca8385ec8 points into unknown readable memory: 0x0000024c968221a8 | a8 21 82 96 4c 02 00 00
stack at sp + 4 slots: 0x0000024ca8386040 points into unknown readable memory: 0x0000000065f8b060 | 60 b0 f8 65 00 00 00 00
stack at sp + 5 slots: 0x0000000065ec3bc7 points into unknown readable memory: 48
stack at sp + 6 slots: 0x0000024ca8385ec8 points into unknown readable memory: 0x0000024c968221a8 | a8 21 82 96 4c 02 00 00
stack at sp + 7 slots: 0x0000024ca885a998 points into unknown readable memory: 0x0000024c968221a8 | a8 21 82 96 4c 02 00 00


---------------  P R O C E S S  ---------------

Threads class SMR info:
_java_thread_list=0x0000024c970ddab0, length=45, elements={
0x0000024ce28d1000, 0x0000024cff73b800, 0x0000024cff73d000, 0x0000024cff797800,
0x0000024cff79c800, 0x0000024cff79e800, 0x0000024cff7a0800, 0x0000024cff7a6000,
0x0000024cff7ab000, 0x0000024cff929800, 0x0000024c90ae5800, 0x0000024c903f8800,
0x0000024c908fe800, 0x0000024c90c50800, 0x0000024c910b5000, 0x0000024c910bf000,
0x0000024c913ab000, 0x0000024c9132e800, 0x0000024c9132e000, 0x0000024c91330800,
0x0000024c91331000, 0x0000024c91333000, 0x0000024c9132d000, 0x0000024c91333800,
0x0000024c9948b800, 0x0000024c9948c000, 0x0000024c9948e000, 0x0000024c99488000,
0x0000024c9948a800, 0x0000024c9948a000, 0x0000024c9948e800, 0x0000024cff8d4800,
0x0000024cff8cf800, 0x0000024cff8d3800, 0x0000024cff8d0800, 0x0000024cff8d8800,
0x0000024cff8d9800, 0x0000024cff8da000, 0x0000024cff8d2800, 0x0000024c90580000,
0x0000024c90581000, 0x0000024c98fba800, 0x0000024c98fba000, 0x0000024cff8d6000,
0x0000024c98fb8000
}

Java Threads: ( => current thread )
  0x0000024ce28d1000 JavaThread "main" [_thread_blocked, id=20848, stack(0x0000007a9ca00000,0x0000007a9cb00000)]
  0x0000024cff73b800 JavaThread "Reference Handler" daemon [_thread_blocked, id=8796, stack(0x0000007a9d100000,0x0000007a9d200000)]
  0x0000024cff73d000 JavaThread "Finalizer" daemon [_thread_blocked, id=12604, stack(0x0000007a9d200000,0x0000007a9d300000)]
  0x0000024cff797800 JavaThread "Signal Dispatcher" daemon [_thread_blocked, id=12312, stack(0x0000007a9d300000,0x0000007a9d400000)]
  0x0000024cff79c800 JavaThread "Attach Listener" daemon [_thread_blocked, id=31916, stack(0x0000007a9d400000,0x0000007a9d500000)]
  0x0000024cff79e800 JavaThread "Service Thread" daemon [_thread_blocked, id=9096, stack(0x0000007a9d500000,0x0000007a9d600000)]
  0x0000024cff7a0800 JavaThread "C2 CompilerThread0" daemon [_thread_blocked, id=19892, stack(0x0000007a9d600000,0x0000007a9d700000)]
  0x0000024cff7a6000 JavaThread "C1 CompilerThread0" daemon [_thread_blocked, id=28184, stack(0x0000007a9d700000,0x0000007a9d800000)]
  0x0000024cff7ab000 JavaThread "Sweeper thread" daemon [_thread_blocked, id=3920, stack(0x0000007a9d800000,0x0000007a9d900000)]
  0x0000024cff929800 JavaThread "Common-Cleaner" daemon [_thread_blocked, id=812, stack(0x0000007a9d900000,0x0000007a9da00000)]
  0x0000024c90ae5800 JavaThread "JUnique/Server/com.tcc.workshiftly.saas.desktop.client.STAGING" daemon [_thread_in_native, id=10832, stack(0x0000007a9dd00000,0x0000007a9de00000)]
  0x0000024c903f8800 JavaThread "JavaFX-Launcher" [_thread_blocked, id=5712, stack(0x0000007a9de00000,0x0000007a9df00000)]
  0x0000024c908fe800 JavaThread "QuantumRenderer-0" daemon [_thread_blocked, id=29812, stack(0x0000007a9df00000,0x0000007a9e000000)]
  0x0000024c90c50800 JavaThread "InvokeLaterDispatcher" daemon [_thread_blocked, id=23476, stack(0x0000007a9e000000,0x0000007a9e100000)]
  0x0000024c910b5000 JavaThread "JavaFX Application Thread" [_thread_in_native, id=32292, stack(0x0000007a9e100000,0x0000007a9e200000)]
  0x0000024c910bf000 JavaThread "Thread-3" daemon [_thread_in_native, id=22832, stack(0x0000007a9ec00000,0x0000007a9ed00000)]
  0x0000024c913ab000 JavaThread "Thread-5" daemon [_thread_blocked, id=15204, stack(0x0000007a9ef00000,0x0000007a9f000000)]
  0x0000024c9132e800 JavaThread "sentry-pool-1-thread-1" daemon [_thread_blocked, id=27340, stack(0x0000007a9f000000,0x0000007a9f100000)]
  0x0000024c9132e000 JavaThread "sentry-pool-1-thread-2" daemon [_thread_blocked, id=10716, stack(0x0000007a9f700000,0x0000007a9f800000)]
  0x0000024c91330800 JavaThread "sentry-pool-1-thread-3" daemon [_thread_blocked, id=19256, stack(0x0000007a9f800000,0x0000007a9f900000)]
  0x0000024c91331000 JavaThread "sentry-pool-1-thread-4" daemon [_thread_blocked, id=22380, stack(0x0000007a9f900000,0x0000007a9fa00000)]
  0x0000024c91333000 JavaThread "sentry-pool-1-thread-5" daemon [_thread_blocked, id=11040, stack(0x0000007a9fa00000,0x0000007a9fb00000)]
  0x0000024c9132d000 JavaThread "Prism Font Disposer" daemon [_thread_blocked, id=23400, stack(0x0000007a9fb00000,0x0000007a9fc00000)]
  0x0000024c91333800 JavaThread "sentry-pool-1-thread-6" daemon [_thread_blocked, id=11096, stack(0x0000007a9fc00000,0x0000007a9fd00000)]
  0x0000024c9948b800 JavaThread "Cleaner-0" daemon [_thread_blocked, id=27360, stack(0x0000007a9fd00000,0x0000007a9fe00000)]
  0x0000024c9948c000 JavaThread "pool-2-thread-1" [_thread_in_Java, id=4148, stack(0x0000007a9db00000,0x0000007a9dc00000)]
  0x0000024c9948e000 JavaThread "pool-2-thread-2" [_thread_in_Java, id=1212, stack(0x0000007a9ed00000,0x0000007a9ee00000)]
=>0x0000024c99488000 JavaThread "pool-2-thread-3" [_thread_in_native, id=112, stack(0x0000007a9fe00000,0x0000007a9ff00000)]
  0x0000024c9948a800 JavaThread "pool-2-thread-4" [_thread_in_Java, id=11788, stack(0x0000007a9f300000,0x0000007a9f400000)]
  0x0000024c9948a000 JavaThread "pool-2-thread-5" [_thread_in_Java, id=31076, stack(0x0000007aa0000000,0x0000007aa0100000)]
  0x0000024c9948e800 JavaThread "ScheduledService Delay Timer" daemon [_thread_blocked, id=30388, stack(0x0000007aa0100000,0x0000007aa0200000)]
  0x0000024cff8d4800 JavaThread "sentry-pool-1-thread-7" daemon [_thread_blocked, id=19884, stack(0x0000007aa0600000,0x0000007aa0700000)]
  0x0000024cff8cf800 JavaThread "sentry-pool-1-thread-8" daemon [_thread_blocked, id=16612, stack(0x0000007aa0800000,0x0000007aa0900000)]
  0x0000024cff8d3800 JavaThread "pool-2-thread-6" [_thread_in_Java, id=26020, stack(0x0000007aa0900000,0x0000007aa0a00000)]
  0x0000024cff8d0800 JavaThread "JNativeHook Hook Thread" [_thread_in_native, id=17288, stack(0x0000007aa0d00000,0x0000007aa0e00000)]
  0x0000024cff8d8800 JavaThread "Java2D Disposer" daemon [_thread_blocked, id=27364, stack(0x0000007aa0e00000,0x0000007aa0f00000)]
  0x0000024cff8d9800 JavaThread "AWT-Windows" daemon [_thread_in_native, id=31648, stack(0x0000007aa1000000,0x0000007aa1100000)]
  0x0000024cff8da000 JavaThread "JNativeHook Dispatch Thread" daemon [_thread_blocked, id=2812, stack(0x0000007aa1100000,0x0000007aa1200000)]
  0x0000024cff8d2800 JavaThread "ForkJoinPool.commonPool-worker-5" daemon [_thread_blocked, id=15012, stack(0x0000007aa0500000,0x0000007aa0600000)]
  0x0000024c90580000 JavaThread "Thread-3635" daemon [_thread_blocked, id=21820, stack(0x0000007a9c900000,0x0000007a9ca00000)]
  0x0000024c90581000 JavaThread "Thread-3637" daemon [_thread_blocked, id=18240, stack(0x0000007a9e400000,0x0000007a9e500000)]
  0x0000024c98fba800 JavaThread "Thread-3638" daemon [_thread_blocked, id=22816, stack(0x0000007a9c700000,0x0000007a9c800000)]
  0x0000024c98fba000 JavaThread "Thread-3639" daemon [_thread_blocked, id=6676, stack(0x0000007a9f200000,0x0000007a9f300000)]
  0x0000024cff8d6000 JavaThread "Thread-3640" daemon [_thread_blocked, id=20288, stack(0x0000007a9f400000,0x0000007a9f500000)]
  0x0000024c98fb8000 JavaThread "Thread-3641" daemon [_thread_new, id=840, stack(0x0000000000000000,0x0000000000000000)]

Other Threads:
  0x0000024cff715800 VMThread "VM Thread" [stack: 0x0000007a9d000000,0x0000007a9d100000] [id=26252]
  0x0000024c9065f800 WatcherThread [stack: 0x0000007a9dc00000,0x0000007a9dd00000] [id=20756]
  0x0000024ce28e5800 GCTaskThread "GC Thread#0" [stack: 0x0000007a9cb00000,0x0000007a9cc00000] [id=27592]
  0x0000024c91196000 GCTaskThread "GC Thread#1" [stack: 0x0000007a9e500000,0x0000007a9e600000] [id=25764]
  0x0000024c91135800 GCTaskThread "GC Thread#2" [stack: 0x0000007a9e600000,0x0000007a9e700000] [id=8144]
  0x0000024c90da1800 GCTaskThread "GC Thread#3" [stack: 0x0000007a9e700000,0x0000007a9e800000] [id=30068]
  0x0000024c90d90000 GCTaskThread "GC Thread#4" [stack: 0x0000007a9e800000,0x0000007a9e900000] [id=16600]
  0x0000024c90d91000 GCTaskThread "GC Thread#5" [stack: 0x0000007a9e900000,0x0000007a9ea00000] [id=29052]
  0x0000024c90b8b000 GCTaskThread "GC Thread#6" [stack: 0x0000007a9ea00000,0x0000007a9eb00000] [id=23236]
  0x0000024c90b8c000 GCTaskThread "GC Thread#7" [stack: 0x0000007a9eb00000,0x0000007a9ec00000] [id=24920]
  0x0000024ce2962800 ConcurrentGCThread "G1 Main Marker" [stack: 0x0000007a9cc00000,0x0000007a9cd00000] [id=20016]
  0x0000024ce2964000 ConcurrentGCThread "G1 Conc#0" [stack: 0x0000007a9cd00000,0x0000007a9ce00000] [id=26900]
  0x0000024c9154d800 ConcurrentGCThread "G1 Conc#1" [stack: 0x0000007a9ee00000,0x0000007a9ef00000] [id=16544]
  0x0000024cfed7b800 ConcurrentGCThread "G1 Refine#0" [stack: 0x0000007a9ce00000,0x0000007a9cf00000] [id=10148]
  0x0000024cfed7e800 ConcurrentGCThread "G1 Young RemSet Sampling" [stack: 0x0000007a9cf00000,0x0000007a9d000000] [id=20700]

Threads with active compile tasks:

VM state:not at safepoint (normal execution)

VM Mutex/Monitor currently owned by a thread: None

Heap address: 0x0000000604000000, size: 8128 MB, Compressed Oops mode: Zero based, Oop shift amount: 3
Narrow klass base: 0x0000000800000000, Narrow klass shift: 0
Compressed class space size: 1073741824 Address: 0x0000000800000000

Heap:
 garbage-first heap   total 520192K, used 261006K [0x0000000604000000, 0x0000000800000000)
  region size 2048K, 58 young (118784K), 3 survivors (6144K)
 Metaspace       used 54761K, capacity 56279K, committed 57216K, reserved 1099776K
  class space    used 6311K, capacity 6914K, committed 7296K, reserved 1048576K
Heap Regions: E=young(eden), S=young(survivor), O=old, HS=humongous(starts), HC=humongous(continues), CS=collection set, F=free, A=archive, TAMS=top-at-mark-start (previous, next)
|   0|0x0000000604000000, 0x0000000604200000, 0x0000000604200000|100%| O|  |TAMS 0x0000000604200000, 0x0000000604000000| Untracked 
|   1|0x0000000604200000, 0x0000000604400000, 0x0000000604400000|100%|HS|  |TAMS 0x0000000604400000, 0x0000000604200000| Complete 
|   2|0x0000000604400000, 0x0000000604600000, 0x0000000604600000|100%|HS|  |TAMS 0x0000000604600000, 0x0000000604400000| Complete 
|   3|0x0000000604600000, 0x0000000604800000, 0x0000000604800000|100%|HC|  |TAMS 0x0000000604800000, 0x0000000604600000| Complete 
|   4|0x0000000604800000, 0x0000000604a00000, 0x0000000604a00000|100%|HC|  |TAMS 0x0000000604a00000, 0x0000000604800000| Complete 
|   5|0x0000000604a00000, 0x0000000604c00000, 0x0000000604c00000|100%|HC|  |TAMS 0x0000000604c00000, 0x0000000604a00000| Complete 
|   6|0x0000000604c00000, 0x0000000604e00000, 0x0000000604e00000|100%|HC|  |TAMS 0x0000000604e00000, 0x0000000604c00000| Complete 
|   7|0x0000000604e00000, 0x0000000605000000, 0x0000000605000000|100%|HC|  |TAMS 0x0000000605000000, 0x0000000604e00000| Complete 
|   8|0x0000000605000000, 0x0000000605200000, 0x0000000605200000|100%|HC|  |TAMS 0x0000000605200000, 0x0000000605000000| Complete 
|   9|0x0000000605200000, 0x0000000605400000, 0x0000000605400000|100%|HC|  |TAMS 0x0000000605400000, 0x0000000605200000| Complete 
|  10|0x0000000605400000, 0x0000000605600000, 0x0000000605600000|100%|HC|  |TAMS 0x0000000605600000, 0x0000000605400000| Complete 
|  11|0x0000000605600000, 0x0000000605800000, 0x0000000605800000|100%|HC|  |TAMS 0x0000000605800000, 0x0000000605600000| Complete 
|  12|0x0000000605800000, 0x0000000605a00000, 0x0000000605a00000|100%|HC|  |TAMS 0x0000000605a00000, 0x0000000605800000| Complete 
|  13|0x0000000605a00000, 0x0000000605c00000, 0x0000000605c00000|100%|HC|  |TAMS 0x0000000605c00000, 0x0000000605a00000| Complete 
|  14|0x0000000605c00000, 0x0000000605e00000, 0x0000000605e00000|100%|HC|  |TAMS 0x0000000605e00000, 0x0000000605c00000| Complete 
|  15|0x0000000605e00000, 0x0000000606000000, 0x0000000606000000|100%|HC|  |TAMS 0x0000000606000000, 0x0000000605e00000| Complete 
|  16|0x0000000606000000, 0x0000000606200000, 0x0000000606200000|100%|HC|  |TAMS 0x0000000606200000, 0x0000000606000000| Complete 
|  17|0x0000000606200000, 0x0000000606400000, 0x0000000606400000|100%|HC|  |TAMS 0x0000000606400000, 0x0000000606200000| Complete 
|  18|0x0000000606400000, 0x0000000606600000, 0x0000000606600000|100%|HC|  |TAMS 0x0000000606600000, 0x0000000606400000| Complete 
|  19|0x0000000606600000, 0x0000000606800000, 0x0000000606800000|100%|HC|  |TAMS 0x0000000606800000, 0x0000000606600000| Complete 
|  20|0x0000000606800000, 0x0000000606a00000, 0x0000000606a00000|100%|HS|  |TAMS 0x0000000606a00000, 0x0000000606800000| Complete 
|  21|0x0000000606a00000, 0x0000000606c00000, 0x0000000606c00000|100%|HC|  |TAMS 0x0000000606c00000, 0x0000000606a00000| Complete 
|  22|0x0000000606c00000, 0x0000000606e00000, 0x0000000606e00000|100%|HC|  |TAMS 0x0000000606e00000, 0x0000000606c00000| Complete 
|  23|0x0000000606e00000, 0x0000000607000000, 0x0000000607000000|100%|HC|  |TAMS 0x0000000607000000, 0x0000000606e00000| Complete 
|  24|0x0000000607000000, 0x0000000607200000, 0x0000000607200000|100%|HC|  |TAMS 0x0000000607200000, 0x0000000607000000| Complete 
|  25|0x0000000607200000, 0x0000000607400000, 0x0000000607400000|100%|HC|  |TAMS 0x0000000607400000, 0x0000000607200000| Complete 
|  26|0x0000000607400000, 0x0000000607600000, 0x0000000607600000|100%|HC|  |TAMS 0x0000000607600000, 0x0000000607400000| Complete 
|  27|0x0000000607600000, 0x0000000607800000, 0x0000000607800000|100%|HC|  |TAMS 0x0000000607800000, 0x0000000607600000| Complete 
|  28|0x0000000607800000, 0x0000000607a00000, 0x0000000607a00000|100%|HC|  |TAMS 0x0000000607a00000, 0x0000000607800000| Complete 
|  29|0x0000000607a00000, 0x0000000607c00000, 0x0000000607c00000|100%|HC|  |TAMS 0x0000000607c00000, 0x0000000607a00000| Complete 
|  30|0x0000000607c00000, 0x0000000607e00000, 0x0000000607e00000|100%| O|  |TAMS 0x0000000607e00000, 0x0000000607c00000| Untracked 
|  31|0x0000000607e00000, 0x0000000608000000, 0x0000000608000000|100%| O|  |TAMS 0x0000000608000000, 0x0000000607e00000| Untracked 
|  32|0x0000000608000000, 0x0000000608200000, 0x0000000608200000|100%|HS|  |TAMS 0x0000000608200000, 0x0000000608000000| Complete 
|  33|0x0000000608200000, 0x0000000608400000, 0x0000000608400000|100%|HS|  |TAMS 0x0000000608400000, 0x0000000608200000| Complete 
|  34|0x0000000608400000, 0x0000000608600000, 0x0000000608600000|100%| O|  |TAMS 0x0000000608600000, 0x0000000608400000| Untracked 
|  35|0x0000000608600000, 0x0000000608800000, 0x0000000608800000|100%|HS|  |TAMS 0x0000000608800000, 0x0000000608600000| Complete 
|  36|0x0000000608800000, 0x0000000608800000, 0x0000000608a00000|  0%| F|  |TAMS 0x0000000608800000, 0x0000000608800000| Untracked 
|  37|0x0000000608a00000, 0x0000000608a00000, 0x0000000608c00000|  0%| F|  |TAMS 0x0000000608a00000, 0x0000000608a00000| Untracked 
|  38|0x0000000608c00000, 0x0000000608c00000, 0x0000000608e00000|  0%| F|  |TAMS 0x0000000608c00000, 0x0000000608c00000| Untracked 
|  39|0x0000000608e00000, 0x0000000609000000, 0x0000000609000000|100%|HS|  |TAMS 0x0000000609000000, 0x0000000608e00000| Complete 
|  40|0x0000000609000000, 0x0000000609200000, 0x0000000609200000|100%|HC|  |TAMS 0x0000000609200000, 0x0000000609000000| Complete 
|  41|0x0000000609200000, 0x0000000609400000, 0x0000000609400000|100%|HC|  |TAMS 0x0000000609400000, 0x0000000609200000| Complete 
|  42|0x0000000609400000, 0x0000000609600000, 0x0000000609600000|100%| O|  |TAMS 0x0000000609600000, 0x0000000609400000| Untracked 
|  43|0x0000000609600000, 0x0000000609800000, 0x0000000609800000|100%| O|  |TAMS 0x0000000609800000, 0x0000000609600000| Untracked 
|  44|0x0000000609800000, 0x0000000609a00000, 0x0000000609a00000|100%| O|  |TAMS 0x0000000609a00000, 0x0000000609800000| Untracked 
|  45|0x0000000609a00000, 0x0000000609c00000, 0x0000000609c00000|100%|HS|  |TAMS 0x0000000609a00000, 0x0000000609a00000| Complete 
|  46|0x0000000609c00000, 0x0000000609e00000, 0x0000000609e00000|100%|HC|  |TAMS 0x0000000609c00000, 0x0000000609c00000| Complete 
|  47|0x0000000609e00000, 0x000000060a000000, 0x000000060a000000|100%|HC|  |TAMS 0x0000000609e00000, 0x0000000609e00000| Complete 
|  48|0x000000060a000000, 0x000000060a200000, 0x000000060a200000|100%|HC|  |TAMS 0x000000060a000000, 0x000000060a000000| Complete 
|  49|0x000000060a200000, 0x000000060a400000, 0x000000060a400000|100%| O|  |TAMS 0x000000060a400000, 0x000000060a200000| Untracked 
|  50|0x000000060a400000, 0x000000060a600000, 0x000000060a600000|100%|HS|  |TAMS 0x000000060a600000, 0x000000060a400000| Complete 
|  51|0x000000060a600000, 0x000000060a800000, 0x000000060a800000|100%| O|  |TAMS 0x000000060a800000, 0x000000060a600000| Untracked 
|  52|0x000000060a800000, 0x000000060aa00000, 0x000000060aa00000|100%| O|  |TAMS 0x000000060aa00000, 0x000000060a800000| Untracked 
|  53|0x000000060aa00000, 0x000000060aa00000, 0x000000060ac00000|  0%| F|  |TAMS 0x000000060aa00000, 0x000000060aa00000| Untracked 
|  54|0x000000060ac00000, 0x000000060ac00000, 0x000000060ae00000|  0%| F|  |TAMS 0x000000060ac00000, 0x000000060ac00000| Untracked 
|  55|0x000000060ae00000, 0x000000060ae00000, 0x000000060b000000|  0%| F|  |TAMS 0x000000060ae00000, 0x000000060ae00000| Untracked 
|  56|0x000000060b000000, 0x000000060b000000, 0x000000060b200000|  0%| F|  |TAMS 0x000000060b000000, 0x000000060b000000| Untracked 
|  57|0x000000060b200000, 0x000000060b400000, 0x000000060b400000|100%| O|  |TAMS 0x000000060b400000, 0x000000060b200000| Untracked 
|  58|0x000000060b400000, 0x000000060b600000, 0x000000060b600000|100%|HS|  |TAMS 0x000000060b400000, 0x000000060b400000| Complete 
|  59|0x000000060b600000, 0x000000060b800000, 0x000000060b800000|100%|HC|  |TAMS 0x000000060b600000, 0x000000060b600000| Complete 
|  60|0x000000060b800000, 0x000000060ba00000, 0x000000060ba00000|100%|HC|  |TAMS 0x000000060b800000, 0x000000060b800000| Complete 
|  61|0x000000060ba00000, 0x000000060bc00000, 0x000000060bc00000|100%|HC|  |TAMS 0x000000060ba00000, 0x000000060ba00000| Complete 
|  62|0x000000060bc00000, 0x000000060bc00000, 0x000000060be00000|  0%| F|  |TAMS 0x000000060bc00000, 0x000000060bc00000| Untracked 
|  63|0x000000060be00000, 0x000000060be00000, 0x000000060c000000|  0%| F|  |TAMS 0x000000060be00000, 0x000000060be00000| Untracked 
|  64|0x000000060c000000, 0x000000060c000000, 0x000000060c200000|  0%| F|  |TAMS 0x000000060c000000, 0x000000060c000000| Untracked 
|  65|0x000000060c200000, 0x000000060c200000, 0x000000060c400000|  0%| F|  |TAMS 0x000000060c200000, 0x000000060c200000| Untracked 
|  66|0x000000060c400000, 0x000000060c400000, 0x000000060c600000|  0%| F|  |TAMS 0x000000060c400000, 0x000000060c400000| Untracked 
|  67|0x000000060c600000, 0x000000060c600000, 0x000000060c800000|  0%| F|  |TAMS 0x000000060c600000, 0x000000060c600000| Untracked 
|  68|0x000000060c800000, 0x000000060c800000, 0x000000060ca00000|  0%| F|  |TAMS 0x000000060c800000, 0x000000060c800000| Untracked 
|  69|0x000000060ca00000, 0x000000060cc00000, 0x000000060cc00000|100%|HS|  |TAMS 0x000000060ca00000, 0x000000060ca00000| Complete 
|  70|0x000000060cc00000, 0x000000060ce00000, 0x000000060ce00000|100%|HC|  |TAMS 0x000000060cc00000, 0x000000060cc00000| Complete 
|  71|0x000000060ce00000, 0x000000060d000000, 0x000000060d000000|100%|HC|  |TAMS 0x000000060ce00000, 0x000000060ce00000| Complete 
|  72|0x000000060d000000, 0x000000060d200000, 0x000000060d200000|100%|HC|  |TAMS 0x000000060d000000, 0x000000060d000000| Complete 
|  73|0x000000060d200000, 0x000000060d200000, 0x000000060d400000|  0%| F|  |TAMS 0x000000060d200000, 0x000000060d200000| Untracked 
|  74|0x000000060d400000, 0x000000060d400000, 0x000000060d600000|  0%| F|  |TAMS 0x000000060d400000, 0x000000060d400000| Untracked 
|  75|0x000000060d600000, 0x000000060d600000, 0x000000060d800000|  0%| F|  |TAMS 0x000000060d600000, 0x000000060d600000| Untracked 
|  76|0x000000060d800000, 0x000000060d800000, 0x000000060da00000|  0%| F|  |TAMS 0x000000060d800000, 0x000000060d800000| Untracked 
|  77|0x000000060da00000, 0x000000060da00000, 0x000000060dc00000|  0%| F|  |TAMS 0x000000060da00000, 0x000000060da00000| Untracked 
|  78|0x000000060dc00000, 0x000000060dc00000, 0x000000060de00000|  0%| F|  |TAMS 0x000000060dc00000, 0x000000060dc00000| Untracked 
|  79|0x000000060de00000, 0x000000060de00000, 0x000000060e000000|  0%| F|  |TAMS 0x000000060de00000, 0x000000060de00000| Untracked 
|  80|0x000000060e000000, 0x000000060e200000, 0x000000060e200000|100%|HS|  |TAMS 0x000000060e000000, 0x000000060e000000| Complete 
|  81|0x000000060e200000, 0x000000060e400000, 0x000000060e400000|100%|HC|  |TAMS 0x000000060e200000, 0x000000060e200000| Complete 
|  82|0x000000060e400000, 0x000000060e600000, 0x000000060e600000|100%|HC|  |TAMS 0x000000060e400000, 0x000000060e400000| Complete 
|  83|0x000000060e600000, 0x000000060e800000, 0x000000060e800000|100%|HC|  |TAMS 0x000000060e600000, 0x000000060e600000| Complete 
|  84|0x000000060e800000, 0x000000060e800000, 0x000000060ea00000|  0%| F|  |TAMS 0x000000060e800000, 0x000000060e800000| Untracked 
|  85|0x000000060ea00000, 0x000000060ea00000, 0x000000060ec00000|  0%| F|  |TAMS 0x000000060ea00000, 0x000000060ea00000| Untracked 
|  86|0x000000060ec00000, 0x000000060ec00000, 0x000000060ee00000|  0%| F|  |TAMS 0x000000060ec00000, 0x000000060ec00000| Untracked 
|  87|0x000000060ee00000, 0x000000060ee00000, 0x000000060f000000|  0%| F|  |TAMS 0x000000060ee00000, 0x000000060ee00000| Untracked 
|  88|0x000000060f000000, 0x000000060f000000, 0x000000060f200000|  0%| F|  |TAMS 0x000000060f000000, 0x000000060f000000| Untracked 
|  89|0x000000060f200000, 0x000000060f200000, 0x000000060f400000|  0%| F|  |TAMS 0x000000060f200000, 0x000000060f200000| Untracked 
|  90|0x000000060f400000, 0x000000060f400000, 0x000000060f600000|  0%| F|  |TAMS 0x000000060f400000, 0x000000060f400000| Untracked 
|  91|0x000000060f600000, 0x000000060f600000, 0x000000060f800000|  0%| F|  |TAMS 0x000000060f600000, 0x000000060f600000| Untracked 
|  92|0x000000060f800000, 0x000000060f800000, 0x000000060fa00000|  0%| F|  |TAMS 0x000000060f800000, 0x000000060f800000| Untracked 
|  93|0x000000060fa00000, 0x000000060fa00000, 0x000000060fc00000|  0%| F|  |TAMS 0x000000060fa00000, 0x000000060fa00000| Untracked 
|  94|0x000000060fc00000, 0x000000060fc00000, 0x000000060fe00000|  0%| F|  |TAMS 0x000000060fc00000, 0x000000060fc00000| Untracked 
|  95|0x000000060fe00000, 0x000000060fe00000, 0x0000000610000000|  0%| F|  |TAMS 0x000000060fe00000, 0x000000060fe00000| Untracked 
|  96|0x0000000610000000, 0x0000000610000000, 0x0000000610200000|  0%| F|  |TAMS 0x0000000610000000, 0x0000000610000000| Untracked 
|  97|0x0000000610200000, 0x0000000610200000, 0x0000000610400000|  0%| F|  |TAMS 0x0000000610200000, 0x0000000610200000| Untracked 
|  98|0x0000000610400000, 0x0000000610400000, 0x0000000610600000|  0%| F|  |TAMS 0x0000000610400000, 0x0000000610400000| Untracked 
|  99|0x0000000610600000, 0x0000000610600000, 0x0000000610800000|  0%| F|  |TAMS 0x0000000610600000, 0x0000000610600000| Untracked 
| 100|0x0000000610800000, 0x0000000610800000, 0x0000000610a00000|  0%| F|  |TAMS 0x0000000610800000, 0x0000000610800000| Untracked 
| 101|0x0000000610a00000, 0x0000000610a00000, 0x0000000610c00000|  0%| F|  |TAMS 0x0000000610a00000, 0x0000000610a00000| Untracked 
| 102|0x0000000610c00000, 0x0000000610c00000, 0x0000000610e00000|  0%| F|  |TAMS 0x0000000610c00000, 0x0000000610c00000| Untracked 
| 103|0x0000000610e00000, 0x0000000610e00000, 0x0000000611000000|  0%| F|  |TAMS 0x0000000610e00000, 0x0000000610e00000| Untracked 
| 104|0x0000000611000000, 0x0000000611200000, 0x0000000611200000|100%| O|  |TAMS 0x0000000611200000, 0x0000000611000000| Untracked 
| 105|0x0000000611200000, 0x0000000611400000, 0x0000000611400000|100%| O|  |TAMS 0x0000000611400000, 0x0000000611200000| Untracked 
| 106|0x0000000611400000, 0x0000000611600000, 0x0000000611600000|100%| O|  |TAMS 0x0000000611600000, 0x0000000611400000| Untracked 
| 107|0x0000000611600000, 0x000000061174d400, 0x0000000611800000| 65%| O|  |TAMS 0x000000061174d400, 0x0000000611600000| Untracked 
| 108|0x0000000611800000, 0x0000000611a00000, 0x0000000611a00000|100%|HS|  |TAMS 0x0000000611800000, 0x0000000611800000| Complete 
| 109|0x0000000611a00000, 0x0000000611c00000, 0x0000000611c00000|100%|HC|  |TAMS 0x0000000611a00000, 0x0000000611a00000| Complete 
| 110|0x0000000611c00000, 0x0000000611e00000, 0x0000000611e00000|100%|HC|  |TAMS 0x0000000611c00000, 0x0000000611c00000| Complete 
| 111|0x0000000611e00000, 0x0000000612000000, 0x0000000612000000|100%|HC|  |TAMS 0x0000000611e00000, 0x0000000611e00000| Complete 
| 112|0x0000000612000000, 0x0000000612000000, 0x0000000612200000|  0%| F|  |TAMS 0x0000000612000000, 0x0000000612000000| Untracked 
| 113|0x0000000612200000, 0x0000000612200000, 0x0000000612400000|  0%| F|  |TAMS 0x0000000612200000, 0x0000000612200000| Untracked 
| 114|0x0000000612400000, 0x0000000612400000, 0x0000000612600000|  0%| F|  |TAMS 0x0000000612400000, 0x0000000612400000| Untracked 
| 115|0x0000000612600000, 0x0000000612600000, 0x0000000612800000|  0%| F|  |TAMS 0x0000000612600000, 0x0000000612600000| Untracked 
| 116|0x0000000612800000, 0x0000000612800000, 0x0000000612a00000|  0%| F|  |TAMS 0x0000000612800000, 0x0000000612800000| Untracked 
| 117|0x0000000612a00000, 0x0000000612a00000, 0x0000000612c00000|  0%| F|  |TAMS 0x0000000612a00000, 0x0000000612a00000| Untracked 
| 118|0x0000000612c00000, 0x0000000612c00000, 0x0000000612e00000|  0%| F|  |TAMS 0x0000000612c00000, 0x0000000612c00000| Untracked 
| 119|0x0000000612e00000, 0x0000000612e00000, 0x0000000613000000|  0%| F|  |TAMS 0x0000000612e00000, 0x0000000612e00000| Untracked 
| 120|0x0000000613000000, 0x0000000613000000, 0x0000000613200000|  0%| F|  |TAMS 0x0000000613000000, 0x0000000613000000| Untracked 
| 121|0x0000000613200000, 0x0000000613200000, 0x0000000613400000|  0%| F|  |TAMS 0x0000000613200000, 0x0000000613200000| Untracked 
| 122|0x0000000613400000, 0x0000000613400000, 0x0000000613600000|  0%| F|  |TAMS 0x0000000613400000, 0x0000000613400000| Untracked 
| 123|0x0000000613600000, 0x0000000613600000, 0x0000000613800000|  0%| F|  |TAMS 0x0000000613600000, 0x0000000613600000| Untracked 
| 124|0x0000000613800000, 0x0000000613800000, 0x0000000613a00000|  0%| F|  |TAMS 0x0000000613800000, 0x0000000613800000| Untracked 
| 125|0x0000000613a00000, 0x0000000613a00000, 0x0000000613c00000|  0%| F|  |TAMS 0x0000000613a00000, 0x0000000613a00000| Untracked 
| 126|0x0000000613c00000, 0x0000000613c00000, 0x0000000613e00000|  0%| F|  |TAMS 0x0000000613c00000, 0x0000000613c00000| Untracked 
| 127|0x0000000613e00000, 0x0000000613e00000, 0x0000000614000000|  0%| F|  |TAMS 0x0000000613e00000, 0x0000000613e00000| Untracked 
| 128|0x0000000614000000, 0x0000000614000000, 0x0000000614200000|  0%| F|  |TAMS 0x0000000614000000, 0x0000000614000000| Untracked 
| 129|0x0000000614200000, 0x0000000614200000, 0x0000000614400000|  0%| F|  |TAMS 0x0000000614200000, 0x0000000614200000| Untracked 
| 130|0x0000000614400000, 0x0000000614400000, 0x0000000614600000|  0%| F|  |TAMS 0x0000000614400000, 0x0000000614400000| Untracked 
| 131|0x0000000614600000, 0x0000000614600000, 0x0000000614800000|  0%| F|  |TAMS 0x0000000614600000, 0x0000000614600000| Untracked 
| 132|0x0000000614800000, 0x0000000614800000, 0x0000000614a00000|  0%| F|  |TAMS 0x0000000614800000, 0x0000000614800000| Untracked 
| 133|0x0000000614a00000, 0x0000000614a00000, 0x0000000614c00000|  0%| F|  |TAMS 0x0000000614a00000, 0x0000000614a00000| Untracked 
| 134|0x0000000614c00000, 0x0000000614c00000, 0x0000000614e00000|  0%| F|  |TAMS 0x0000000614c00000, 0x0000000614c00000| Untracked 
| 135|0x0000000614e00000, 0x0000000614e00000, 0x0000000615000000|  0%| F|  |TAMS 0x0000000614e00000, 0x0000000614e00000| Untracked 
| 136|0x0000000615000000, 0x0000000615000000, 0x0000000615200000|  0%| F|  |TAMS 0x0000000615000000, 0x0000000615000000| Untracked 
| 137|0x0000000615200000, 0x0000000615200000, 0x0000000615400000|  0%| F|  |TAMS 0x0000000615200000, 0x0000000615200000| Untracked 
| 138|0x0000000615400000, 0x0000000615400000, 0x0000000615600000|  0%| F|  |TAMS 0x0000000615400000, 0x0000000615400000| Untracked 
| 139|0x0000000615600000, 0x0000000615600000, 0x0000000615800000|  0%| F|  |TAMS 0x0000000615600000, 0x0000000615600000| Untracked 
| 140|0x0000000615800000, 0x0000000615996680, 0x0000000615a00000| 79%| S|CS|TAMS 0x0000000615800000, 0x0000000615800000| Complete 
| 141|0x0000000615a00000, 0x0000000615c00000, 0x0000000615c00000|100%| S|CS|TAMS 0x0000000615a00000, 0x0000000615a00000| Complete 
| 142|0x0000000615c00000, 0x0000000615e00000, 0x0000000615e00000|100%| S|CS|TAMS 0x0000000615c00000, 0x0000000615c00000| Complete 
| 143|0x0000000615e00000, 0x0000000615e00000, 0x0000000616000000|  0%| F|  |TAMS 0x0000000615e00000, 0x0000000615e00000| Untracked 
| 144|0x0000000616000000, 0x0000000616000000, 0x0000000616200000|  0%| F|  |TAMS 0x0000000616000000, 0x0000000616000000| Untracked 
| 145|0x0000000616200000, 0x0000000616200000, 0x0000000616400000|  0%| F|  |TAMS 0x0000000616200000, 0x0000000616200000| Untracked 
| 146|0x0000000616400000, 0x0000000616400000, 0x0000000616600000|  0%| F|  |TAMS 0x0000000616400000, 0x0000000616400000| Untracked 
| 147|0x0000000616600000, 0x0000000616600000, 0x0000000616800000|  0%| F|  |TAMS 0x0000000616600000, 0x0000000616600000| Untracked 
| 148|0x0000000616800000, 0x0000000616800000, 0x0000000616a00000|  0%| F|  |TAMS 0x0000000616800000, 0x0000000616800000| Untracked 
| 149|0x0000000616a00000, 0x0000000616a00000, 0x0000000616c00000|  0%| F|  |TAMS 0x0000000616a00000, 0x0000000616a00000| Untracked 
| 150|0x0000000616c00000, 0x0000000616c00000, 0x0000000616e00000|  0%| F|  |TAMS 0x0000000616c00000, 0x0000000616c00000| Untracked 
| 151|0x0000000616e00000, 0x0000000616e00000, 0x0000000617000000|  0%| F|  |TAMS 0x0000000616e00000, 0x0000000616e00000| Untracked 
| 152|0x0000000617000000, 0x0000000617000000, 0x0000000617200000|  0%| F|  |TAMS 0x0000000617000000, 0x0000000617000000| Untracked 
| 153|0x0000000617200000, 0x0000000617200000, 0x0000000617400000|  0%| F|  |TAMS 0x0000000617200000, 0x0000000617200000| Untracked 
| 154|0x0000000617400000, 0x0000000617400000, 0x0000000617600000|  0%| F|  |TAMS 0x0000000617400000, 0x0000000617400000| Untracked 
| 155|0x0000000617600000, 0x0000000617600000, 0x0000000617800000|  0%| F|  |TAMS 0x0000000617600000, 0x0000000617600000| Untracked 
| 156|0x0000000617800000, 0x0000000617800000, 0x0000000617a00000|  0%| F|  |TAMS 0x0000000617800000, 0x0000000617800000| Untracked 
| 157|0x0000000617a00000, 0x0000000617a00000, 0x0000000617c00000|  0%| F|  |TAMS 0x0000000617a00000, 0x0000000617a00000| Untracked 
| 158|0x0000000617c00000, 0x0000000617c00000, 0x0000000617e00000|  0%| F|  |TAMS 0x0000000617c00000, 0x0000000617c00000| Untracked 
| 159|0x0000000617e00000, 0x0000000617e00000, 0x0000000618000000|  0%| F|  |TAMS 0x0000000617e00000, 0x0000000617e00000| Untracked 
| 160|0x0000000618000000, 0x0000000618000000, 0x0000000618200000|  0%| F|  |TAMS 0x0000000618000000, 0x0000000618000000| Untracked 
| 161|0x0000000618200000, 0x0000000618200000, 0x0000000618400000|  0%| F|  |TAMS 0x0000000618200000, 0x0000000618200000| Untracked 
| 162|0x0000000618400000, 0x0000000618400000, 0x0000000618600000|  0%| F|  |TAMS 0x0000000618400000, 0x0000000618400000| Untracked 
| 163|0x0000000618600000, 0x0000000618600000, 0x0000000618800000|  0%| F|  |TAMS 0x0000000618600000, 0x0000000618600000| Untracked 
| 164|0x0000000618800000, 0x0000000618800000, 0x0000000618a00000|  0%| F|  |TAMS 0x0000000618800000, 0x0000000618800000| Untracked 
| 165|0x0000000618a00000, 0x0000000618a00000, 0x0000000618c00000|  0%| F|  |TAMS 0x0000000618a00000, 0x0000000618a00000| Untracked 
| 166|0x0000000618c00000, 0x0000000618c00000, 0x0000000618e00000|  0%| F|  |TAMS 0x0000000618c00000, 0x0000000618c00000| Untracked 
| 167|0x0000000618e00000, 0x0000000618e00000, 0x0000000619000000|  0%| F|  |TAMS 0x0000000618e00000, 0x0000000618e00000| Untracked 
| 168|0x0000000619000000, 0x0000000619000000, 0x0000000619200000|  0%| F|  |TAMS 0x0000000619000000, 0x0000000619000000| Untracked 
| 169|0x0000000619200000, 0x0000000619200000, 0x0000000619400000|  0%| F|  |TAMS 0x0000000619200000, 0x0000000619200000| Untracked 
| 170|0x0000000619400000, 0x0000000619400000, 0x0000000619600000|  0%| F|  |TAMS 0x0000000619400000, 0x0000000619400000| Untracked 
| 171|0x0000000619600000, 0x0000000619600000, 0x0000000619800000|  0%| F|  |TAMS 0x0000000619600000, 0x0000000619600000| Untracked 
| 172|0x0000000619800000, 0x0000000619800000, 0x0000000619a00000|  0%| F|  |TAMS 0x0000000619800000, 0x0000000619800000| Untracked 
| 173|0x0000000619a00000, 0x0000000619a00000, 0x0000000619c00000|  0%| F|  |TAMS 0x0000000619a00000, 0x0000000619a00000| Untracked 
| 174|0x0000000619c00000, 0x0000000619c00000, 0x0000000619e00000|  0%| F|  |TAMS 0x0000000619c00000, 0x0000000619c00000| Untracked 
| 175|0x0000000619e00000, 0x0000000619e00000, 0x000000061a000000|  0%| F|  |TAMS 0x0000000619e00000, 0x0000000619e00000| Untracked 
| 176|0x000000061a000000, 0x000000061a000000, 0x000000061a200000|  0%| F|  |TAMS 0x000000061a000000, 0x000000061a000000| Untracked 
| 177|0x000000061a200000, 0x000000061a200000, 0x000000061a400000|  0%| F|  |TAMS 0x000000061a200000, 0x000000061a200000| Untracked 
| 178|0x000000061a400000, 0x000000061a400000, 0x000000061a600000|  0%| F|  |TAMS 0x000000061a400000, 0x000000061a400000| Untracked 
| 179|0x000000061a600000, 0x000000061a600000, 0x000000061a800000|  0%| F|  |TAMS 0x000000061a600000, 0x000000061a600000| Untracked 
| 180|0x000000061a800000, 0x000000061a800000, 0x000000061aa00000|  0%| F|  |TAMS 0x000000061a800000, 0x000000061a800000| Untracked 
| 181|0x000000061aa00000, 0x000000061aa00000, 0x000000061ac00000|  0%| F|  |TAMS 0x000000061aa00000, 0x000000061aa00000| Untracked 
| 182|0x000000061ac00000, 0x000000061ac00000, 0x000000061ae00000|  0%| F|  |TAMS 0x000000061ac00000, 0x000000061ac00000| Untracked 
| 183|0x000000061ae00000, 0x000000061ae00000, 0x000000061b000000|  0%| F|  |TAMS 0x000000061ae00000, 0x000000061ae00000| Untracked 
| 184|0x000000061b000000, 0x000000061b000000, 0x000000061b200000|  0%| F|  |TAMS 0x000000061b000000, 0x000000061b000000| Untracked 
| 185|0x000000061b200000, 0x000000061b200000, 0x000000061b400000|  0%| F|  |TAMS 0x000000061b200000, 0x000000061b200000| Untracked 
| 186|0x000000061b400000, 0x000000061b400000, 0x000000061b600000|  0%| F|  |TAMS 0x000000061b400000, 0x000000061b400000| Untracked 
| 187|0x000000061b600000, 0x000000061b600000, 0x000000061b800000|  0%| F|  |TAMS 0x000000061b600000, 0x000000061b600000| Untracked 
| 188|0x000000061b800000, 0x000000061b800000, 0x000000061ba00000|  0%| F|  |TAMS 0x000000061b800000, 0x000000061b800000| Untracked 
| 189|0x000000061ba00000, 0x000000061ba00000, 0x000000061bc00000|  0%| F|  |TAMS 0x000000061ba00000, 0x000000061ba00000| Untracked 
| 190|0x000000061bc00000, 0x000000061bc00000, 0x000000061be00000|  0%| F|  |TAMS 0x000000061bc00000, 0x000000061bc00000| Untracked 
| 191|0x000000061be00000, 0x000000061be00000, 0x000000061c000000|  0%| F|  |TAMS 0x000000061be00000, 0x000000061be00000| Untracked 
| 192|0x000000061c000000, 0x000000061c000000, 0x000000061c200000|  0%| F|  |TAMS 0x000000061c000000, 0x000000061c000000| Untracked 
| 193|0x000000061c200000, 0x000000061c200000, 0x000000061c400000|  0%| F|  |TAMS 0x000000061c200000, 0x000000061c200000| Untracked 
| 194|0x000000061c400000, 0x000000061c400000, 0x000000061c600000|  0%| F|  |TAMS 0x000000061c400000, 0x000000061c400000| Untracked 
| 195|0x000000061c600000, 0x000000061c600000, 0x000000061c800000|  0%| F|  |TAMS 0x000000061c600000, 0x000000061c600000| Untracked 
| 196|0x000000061c800000, 0x000000061c800000, 0x000000061ca00000|  0%| F|  |TAMS 0x000000061c800000, 0x000000061c800000| Untracked 
| 197|0x000000061ca00000, 0x000000061ca00000, 0x000000061cc00000|  0%| F|  |TAMS 0x000000061ca00000, 0x000000061ca00000| Untracked 
| 198|0x000000061cc00000, 0x000000061cc00000, 0x000000061ce00000|  0%| F|  |TAMS 0x000000061cc00000, 0x000000061cc00000| Untracked 
| 199|0x000000061ce00000, 0x000000061cedc048, 0x000000061d000000| 42%| E|  |TAMS 0x000000061ce00000, 0x000000061ce00000| Complete 
| 200|0x000000061d000000, 0x000000061d200000, 0x000000061d200000|100%| E|CS|TAMS 0x000000061d000000, 0x000000061d000000| Complete 
| 201|0x000000061d200000, 0x000000061d400000, 0x000000061d400000|100%| E|CS|TAMS 0x000000061d200000, 0x000000061d200000| Complete 
| 202|0x000000061d400000, 0x000000061d600000, 0x000000061d600000|100%| E|CS|TAMS 0x000000061d400000, 0x000000061d400000| Complete 
| 203|0x000000061d600000, 0x000000061d800000, 0x000000061d800000|100%| E|CS|TAMS 0x000000061d600000, 0x000000061d600000| Complete 
| 204|0x000000061d800000, 0x000000061da00000, 0x000000061da00000|100%| E|CS|TAMS 0x000000061d800000, 0x000000061d800000| Complete 
| 205|0x000000061da00000, 0x000000061dc00000, 0x000000061dc00000|100%| E|CS|TAMS 0x000000061da00000, 0x000000061da00000| Complete 
| 206|0x000000061dc00000, 0x000000061de00000, 0x000000061de00000|100%| E|CS|TAMS 0x000000061dc00000, 0x000000061dc00000| Complete 
| 207|0x000000061de00000, 0x000000061e000000, 0x000000061e000000|100%| E|CS|TAMS 0x000000061de00000, 0x000000061de00000| Complete 
| 208|0x000000061e000000, 0x000000061e200000, 0x000000061e200000|100%| E|CS|TAMS 0x000000061e000000, 0x000000061e000000| Complete 
| 209|0x000000061e200000, 0x000000061e400000, 0x000000061e400000|100%| E|CS|TAMS 0x000000061e200000, 0x000000061e200000| Complete 
| 210|0x000000061e400000, 0x000000061e600000, 0x000000061e600000|100%| E|CS|TAMS 0x000000061e400000, 0x000000061e400000| Complete 
| 211|0x000000061e600000, 0x000000061e800000, 0x000000061e800000|100%| E|CS|TAMS 0x000000061e600000, 0x000000061e600000| Complete 
| 212|0x000000061e800000, 0x000000061ea00000, 0x000000061ea00000|100%| E|CS|TAMS 0x000000061e800000, 0x000000061e800000| Complete 
| 213|0x000000061ea00000, 0x000000061ec00000, 0x000000061ec00000|100%| E|CS|TAMS 0x000000061ea00000, 0x000000061ea00000| Complete 
| 214|0x000000061ec00000, 0x000000061ee00000, 0x000000061ee00000|100%| E|CS|TAMS 0x000000061ec00000, 0x000000061ec00000| Complete 
| 215|0x000000061ee00000, 0x000000061f000000, 0x000000061f000000|100%| E|CS|TAMS 0x000000061ee00000, 0x000000061ee00000| Complete 
| 216|0x000000061f000000, 0x000000061f200000, 0x000000061f200000|100%| E|CS|TAMS 0x000000061f000000, 0x000000061f000000| Complete 
| 217|0x000000061f200000, 0x000000061f400000, 0x000000061f400000|100%| E|CS|TAMS 0x000000061f200000, 0x000000061f200000| Complete 
| 218|0x000000061f400000, 0x000000061f600000, 0x000000061f600000|100%| E|CS|TAMS 0x000000061f400000, 0x000000061f400000| Complete 
| 219|0x000000061f600000, 0x000000061f800000, 0x000000061f800000|100%| E|CS|TAMS 0x000000061f600000, 0x000000061f600000| Complete 
| 220|0x000000061f800000, 0x000000061fa00000, 0x000000061fa00000|100%| E|CS|TAMS 0x000000061f800000, 0x000000061f800000| Complete 
| 221|0x000000061fa00000, 0x000000061fc00000, 0x000000061fc00000|100%| E|CS|TAMS 0x000000061fa00000, 0x000000061fa00000| Complete 
| 222|0x000000061fc00000, 0x000000061fe00000, 0x000000061fe00000|100%| E|CS|TAMS 0x000000061fc00000, 0x000000061fc00000| Complete 
| 223|0x000000061fe00000, 0x0000000620000000, 0x0000000620000000|100%| E|CS|TAMS 0x000000061fe00000, 0x000000061fe00000| Complete 
| 224|0x0000000620000000, 0x0000000620200000, 0x0000000620200000|100%| E|CS|TAMS 0x0000000620000000, 0x0000000620000000| Complete 
| 225|0x0000000620200000, 0x0000000620400000, 0x0000000620400000|100%| E|CS|TAMS 0x0000000620200000, 0x0000000620200000| Complete 
| 226|0x0000000620400000, 0x0000000620600000, 0x0000000620600000|100%| E|CS|TAMS 0x0000000620400000, 0x0000000620400000| Complete 
| 227|0x0000000620600000, 0x0000000620800000, 0x0000000620800000|100%| E|CS|TAMS 0x0000000620600000, 0x0000000620600000| Complete 
| 228|0x0000000620800000, 0x0000000620a00000, 0x0000000620a00000|100%| E|CS|TAMS 0x0000000620800000, 0x0000000620800000| Complete 
| 229|0x0000000620a00000, 0x0000000620c00000, 0x0000000620c00000|100%| E|CS|TAMS 0x0000000620a00000, 0x0000000620a00000| Complete 
| 230|0x0000000620c00000, 0x0000000620e00000, 0x0000000620e00000|100%| E|CS|TAMS 0x0000000620c00000, 0x0000000620c00000| Complete 
| 231|0x0000000620e00000, 0x0000000621000000, 0x0000000621000000|100%| E|CS|TAMS 0x0000000620e00000, 0x0000000620e00000| Complete 
| 232|0x0000000621000000, 0x0000000621200000, 0x0000000621200000|100%| E|CS|TAMS 0x0000000621000000, 0x0000000621000000| Complete 
| 233|0x0000000621200000, 0x0000000621400000, 0x0000000621400000|100%| E|CS|TAMS 0x0000000621200000, 0x0000000621200000| Complete 
| 234|0x0000000621400000, 0x0000000621600000, 0x0000000621600000|100%| E|CS|TAMS 0x0000000621400000, 0x0000000621400000| Complete 
| 235|0x0000000621600000, 0x0000000621800000, 0x0000000621800000|100%| E|CS|TAMS 0x0000000621600000, 0x0000000621600000| Complete 
| 236|0x0000000621800000, 0x0000000621a00000, 0x0000000621a00000|100%| E|CS|TAMS 0x0000000621800000, 0x0000000621800000| Complete 
| 237|0x0000000621a00000, 0x0000000621c00000, 0x0000000621c00000|100%| E|CS|TAMS 0x0000000621a00000, 0x0000000621a00000| Complete 
| 238|0x0000000621c00000, 0x0000000621e00000, 0x0000000621e00000|100%| E|CS|TAMS 0x0000000621c00000, 0x0000000621c00000| Complete 
| 239|0x0000000621e00000, 0x0000000622000000, 0x0000000622000000|100%| E|CS|TAMS 0x0000000621e00000, 0x0000000621e00000| Complete 
| 240|0x0000000622000000, 0x0000000622200000, 0x0000000622200000|100%| E|CS|TAMS 0x0000000622000000, 0x0000000622000000| Complete 
| 241|0x0000000622200000, 0x0000000622400000, 0x0000000622400000|100%| E|CS|TAMS 0x0000000622200000, 0x0000000622200000| Complete 
| 242|0x0000000622400000, 0x0000000622600000, 0x0000000622600000|100%| E|CS|TAMS 0x0000000622400000, 0x0000000622400000| Complete 
| 243|0x0000000622600000, 0x0000000622800000, 0x0000000622800000|100%| E|CS|TAMS 0x0000000622600000, 0x0000000622600000| Complete 
| 244|0x0000000622800000, 0x0000000622a00000, 0x0000000622a00000|100%| E|CS|TAMS 0x0000000622800000, 0x0000000622800000| Complete 
| 245|0x0000000622a00000, 0x0000000622c00000, 0x0000000622c00000|100%| E|CS|TAMS 0x0000000622a00000, 0x0000000622a00000| Complete 
| 246|0x0000000622c00000, 0x0000000622e00000, 0x0000000622e00000|100%| E|CS|TAMS 0x0000000622c00000, 0x0000000622c00000| Complete 
| 247|0x0000000622e00000, 0x0000000623000000, 0x0000000623000000|100%| E|CS|TAMS 0x0000000622e00000, 0x0000000622e00000| Complete 
| 248|0x0000000623000000, 0x0000000623200000, 0x0000000623200000|100%| E|CS|TAMS 0x0000000623000000, 0x0000000623000000| Complete 
| 249|0x0000000623200000, 0x0000000623400000, 0x0000000623400000|100%| E|CS|TAMS 0x0000000623200000, 0x0000000623200000| Complete 
| 250|0x0000000623400000, 0x0000000623600000, 0x0000000623600000|100%| E|CS|TAMS 0x0000000623400000, 0x0000000623400000| Complete 
| 251|0x0000000623600000, 0x0000000623800000, 0x0000000623800000|100%| E|CS|TAMS 0x0000000623600000, 0x0000000623600000| Complete 
| 252|0x0000000623800000, 0x0000000623a00000, 0x0000000623a00000|100%| E|CS|TAMS 0x0000000623800000, 0x0000000623800000| Complete 
| 253|0x0000000623a00000, 0x0000000623c00000, 0x0000000623c00000|100%| E|CS|TAMS 0x0000000623a00000, 0x0000000623a00000| Complete 

Card table byte_map: [0x0000024cfa2a0000,0x0000024cfb280000] _byte_map_base: 0x0000024cf7280000

Marking Bits (Prev, Next): (CMBitMap*) 0x0000024ce29520a0, (CMBitMap*) 0x0000024ce2952068
 Prev Bits: [0x0000024c87f00000, 0x0000024c8fe00000)
 Next Bits: [0x0000024c80000000, 0x0000024c87f00000)

Polling page: 0x0000024ce2090000

Metaspace:

Usage:
  Non-class:     48.21 MB capacity,    47.31 MB ( 98%) used,   730.03 KB (  1%) free+waste,   184.44 KB ( <1%) overhead. 
      Class:      6.75 MB capacity,     6.16 MB ( 91%) used,   515.19 KB (  7%) free+waste,    87.69 KB (  1%) overhead. 
       Both:     54.96 MB capacity,    53.48 MB ( 97%) used,     1.22 MB (  2%) free+waste,   272.12 KB ( <1%) overhead. 

Virtual space:
  Non-class space:       50.00 MB reserved,      48.75 MB ( 98%) committed 
      Class space:        1.00 GB reserved,       7.12 MB ( <1%) committed 
             Both:        1.05 GB reserved,      55.88 MB (  5%) committed 

Chunk freelists:
   Non-Class:  69.38 KB
       Class:  36.25 KB
        Both:  105.62 KB

CodeHeap 'non-profiled nmethods': size=120000Kb used=7590Kb max_used=7590Kb free=112409Kb
 bounds [0x0000024cf1a60000, 0x0000024cf21d0000, 0x0000024cf8f90000]
CodeHeap 'profiled nmethods': size=120000Kb used=25723Kb max_used=25723Kb free=94276Kb
 bounds [0x0000024cea530000, 0x0000024cebe50000, 0x0000024cf1a60000]
CodeHeap 'non-nmethods': size=5760Kb used=1514Kb max_used=1563Kb free=4245Kb
 bounds [0x0000024ce9f90000, 0x0000024cea200000, 0x0000024cea530000]
 total_blobs=11834 nmethods=10835 adapters=907
 compilation: enabled
              stopped_count=0, restarted_count=0
 full_count=0

Compilation events (10 events):
Event: 248199.703 Thread 0x0000024cff7a6000 10871       3       com.workshiftly.domain.SyncDataModule$$Lambda$1051/0x00000008006fe040::run (8 bytes)
Event: 248199.703 Thread 0x0000024cff7a6000 nmethod 10871 0x0000024cebe40710 code [0x0000024cebe408c0, 0x0000024cebe409e8]
Event: 248199.703 Thread 0x0000024cff7a6000 10872   !   3       com.workshiftly.domain.SyncDataModule::lambda$getSyncWorkTimeLogsTask$5 (369 bytes)
Event: 248199.708 Thread 0x0000024cff7a6000 nmethod 10872 0x0000024cebe40a90 code [0x0000024cebe41400, 0x0000024cebe46e18]
Event: 248199.721 Thread 0x0000024cff7a6000 10873       3       java.util.stream.Collectors$$Lambda$1055/0x00000008006fd040::get (8 bytes)
Event: 248199.722 Thread 0x0000024cff7a6000 nmethod 10873 0x0000024cebe49a10 code [0x0000024cebe49bc0, 0x0000024cebe49e58]
Event: 248199.722 Thread 0x0000024cff7a6000 10875   !   3       com.workshiftly.persistence.storage.ObjectStorage::completeScreenshotPutObjectJobs (207 bytes)
Event: 248199.726 Thread 0x0000024cff7a6000 nmethod 10875 0x0000024cebe49f90 code [0x0000024cebe4a560, 0x0000024cebe4d7f8]
Event: 248199.726 Thread 0x0000024cff7a6000 10874       3       com.workshiftly.persistence.storage.ObjectStorage::handlePutObjectJobs (12 bytes)
Event: 248199.726 Thread 0x0000024cff7a6000 nmethod 10874 0x0000024cebe4f290 code [0x0000024cebe4f440, 0x0000024cebe4f5a8]

GC Heap History (10 events):
Event: 9076.142 GC heap before
{Heap before GC invocations=23 (full 0):
 garbage-first heap   total 520192K, used 330567K [0x0000000604000000, 0x0000000800000000)
  region size 2048K, 52 young (106496K), 1 survivors (2048K)
 Metaspace       used 54482K, capacity 56257K, committed 56448K, reserved 1097728K
  class space    used 6457K, capacity 7204K, committed 7296K, reserved 1048576K
}
Event: 9076.148 GC heap after
{Heap after GC invocations=24 (full 0):
 garbage-first heap   total 520192K, used 127824K [0x0000000604000000, 0x0000000800000000)
  region size 2048K, 1 young (2048K), 1 survivors (2048K)
 Metaspace       used 54482K, capacity 56257K, committed 56448K, reserved 1097728K
  class space    used 6457K, capacity 7204K, committed 7296K, reserved 1048576K
}
Event: 9359.477 GC heap before
{Heap before GC invocations=25 (full 0):
 garbage-first heap   total 520192K, used 437072K [0x0000000604000000, 0x0000000800000000)
  region size 2048K, 105 young (215040K), 1 survivors (2048K)
 Metaspace       used 53979K, capacity 55532K, committed 56704K, reserved 1099776K
  class space    used 6307K, capacity 6913K, committed 7296K, reserved 1048576K
}
Event: 9359.487 GC heap after
{Heap after GC invocations=26 (full 0):
 garbage-first heap   total 520192K, used 211948K [0x0000000604000000, 0x0000000800000000)
  region size 2048K, 2 young (4096K), 2 survivors (4096K)
 Metaspace       used 53979K, capacity 55532K, committed 56704K, reserved 1099776K
  class space    used 6307K, capacity 6913K, committed 7296K, reserved 1048576K
}
Event: 9758.002 GC heap before
{Heap before GC invocations=26 (full 0):
 garbage-first heap   total 520192K, used 390124K [0x0000000604000000, 0x0000000800000000)
  region size 2048K, 89 young (182272K), 2 survivors (4096K)
 Metaspace       used 54006K, capacity 55532K, committed 56704K, reserved 1099776K
  class space    used 6307K, capacity 6913K, committed 7296K, reserved 1048576K
}
Event: 9758.008 GC heap after
{Heap after GC invocations=27 (full 0):
 garbage-first heap   total 520192K, used 148332K [0x0000000604000000, 0x0000000800000000)
  region size 2048K, 2 young (4096K), 2 survivors (4096K)
 Metaspace       used 54006K, capacity 55532K, committed 56704K, reserved 1099776K
  class space    used 6307K, capacity 6913K, committed 7296K, reserved 1048576K
}
Event: 29059.480 GC heap before
{Heap before GC invocations=27 (full 0):
 garbage-first heap   total 520192K, used 361324K [0x0000000604000000, 0x0000000800000000)
  region size 2048K, 107 young (219136K), 2 survivors (4096K)
 Metaspace       used 54080K, capacity 55602K, committed 56704K, reserved 1099776K
  class space    used 6308K, capacity 6914K, committed 7296K, reserved 1048576K
}
Event: 29059.482 GC heap after
{Heap after GC invocations=28 (full 0):
 garbage-first heap   total 520192K, used 149648K [0x0000000604000000, 0x0000000800000000)
  region size 2048K, 3 young (6144K), 3 survivors (6144K)
 Metaspace       used 54080K, capacity 55602K, committed 56704K, reserved 1099776K
  class space    used 6308K, capacity 6914K, committed 7296K, reserved 1048576K
}
Event: 248188.930 GC heap before
{Heap before GC invocations=28 (full 0):
 garbage-first heap   total 520192K, used 368784K [0x0000000604000000, 0x0000000800000000)
  region size 2048K, 111 young (227328K), 3 survivors (6144K)
 Metaspace       used 54649K, capacity 56143K, committed 57216K, reserved 1099776K
  class space    used 6311K, capacity 6914K, committed 7296K, reserved 1048576K
}
Event: 248188.935 GC heap after
{Heap after GC invocations=29 (full 0):
 garbage-first heap   total 520192K, used 150414K [0x0000000604000000, 0x0000000800000000)
  region size 2048K, 3 young (6144K), 3 survivors (6144K)
 Metaspace       used 54649K, capacity 56143K, committed 57216K, reserved 1099776K
  class space    used 6311K, capacity 6914K, committed 7296K, reserved 1048576K
}

Deoptimization events (10 events):
Event: 29058.011 Thread 0x0000024c9948c000 Uncommon trap: reason=null_check action=make_not_entrant pc=0x0000024cf1e90734 method=java.lang.Class.reflectionData()Ljava/lang/Class$ReflectionData; @ 18 c2
Event: 41564.534 Thread 0x0000024c9948c000 Uncommon trap: reason=unstable_if action=reinterpret pc=0x0000024cf1fd4510 method=org.apache.http.impl.io.SessionInputBufferImpl.readLine(Lorg/apache/http/util/CharArrayBuffer;)I @ 233 c2
Event: 41565.500 Thread 0x0000024c9948c000 Uncommon trap: reason=class_check action=make_not_entrant pc=0x0000024cf20fd8bc method=java.util.ArrayList.toArray([Ljava/lang/Object;)[Ljava/lang/Object; @ 21 c2
Event: 51125.072 Thread 0x0000024c9948e000 Uncommon trap: reason=speculate_class_check action=maybe_recompile pc=0x0000024cf20e9ca4 method=java.util.concurrent.ThreadPoolExecutor.runWorker(Ljava/util/concurrent/ThreadPoolExecutor$Worker;)V @ 100 c2
Event: 51125.077 Thread 0x0000024c9948e000 Uncommon trap: reason=speculate_class_check action=maybe_recompile pc=0x0000024cf20e9ca4 method=java.util.concurrent.ThreadPoolExecutor.runWorker(Ljava/util/concurrent/ThreadPoolExecutor$Worker;)V @ 100 c2
Event: 51125.083 Thread 0x0000024c9948e000 Uncommon trap: reason=speculate_class_check action=maybe_recompile pc=0x0000024cf20e9ca4 method=java.util.concurrent.ThreadPoolExecutor.runWorker(Ljava/util/concurrent/ThreadPoolExecutor$Worker;)V @ 100 c2
Event: 51125.085 Thread 0x0000024c9948a800 Uncommon trap: reason=speculate_class_check action=maybe_recompile pc=0x0000024cf20e9ca4 method=java.util.concurrent.ThreadPoolExecutor.runWorker(Ljava/util/concurrent/ThreadPoolExecutor$Worker;)V @ 100 c2
Event: 51125.086 Thread 0x0000024c9948c000 Uncommon trap: reason=speculate_class_check action=maybe_recompile pc=0x0000024cf20e9ca4 method=java.util.concurrent.ThreadPoolExecutor.runWorker(Ljava/util/concurrent/ThreadPoolExecutor$Worker;)V @ 100 c2
Event: 248196.613 Thread 0x0000024c9948e000 Uncommon trap: reason=unstable_if action=reinterpret pc=0x0000024cf20a06f4 method=java.util.concurrent.ScheduledThreadPoolExecutor$DelayedWorkQueue.offer(Ljava/lang/Runnable;)Z @ 39 c2
Event: 248196.665 Thread 0x0000024c9948e000 Uncommon trap: reason=unstable_if action=reinterpret pc=0x0000024cf20a3374 method=java.util.concurrent.ScheduledThreadPoolExecutor$DelayedWorkQueue.offer(Ljava/lang/Runnable;)Z @ 39 c2

Classes redefined (0 events):
No events

Internal exceptions (10 events):
Event: 9207.694 Thread 0x0000024c9948a800 Exception <a 'java/net/SocketTimeoutException'{0x000000061eec0478}: Read timed out> (0x000000061eec0478) thrown at [./open/src/hotspot/share/prims/jni.cpp, line 632]
Event: 9930.530 Thread 0x0000024c9948c000 Exception <a 'java/net/SocketTimeoutException'{0x0000000623aab5b0}: Read timed out> (0x0000000623aab5b0) thrown at [./open/src/hotspot/share/prims/jni.cpp, line 632]
Event: 14701.663 Thread 0x0000024c9948c000 Exception <a 'java/net/SocketTimeoutException'{0x0000000619f24548}: Read timed out> (0x0000000619f24548) thrown at [./open/src/hotspot/share/prims/jni.cpp, line 632]
Event: 29058.005 Thread 0x0000024c9948c000 Exception <a 'sun/net/ConnectionResetException'{0x0000000619f25530}: > (0x0000000619f25530) thrown at [./open/src/hotspot/share/prims/jni.cpp, line 632]
Event: 29058.005 Thread 0x0000024c9948c000 Exception <a 'java/net/SocketException'{0x0000000619f270d8}: Connection reset by peer: socket write error> (0x0000000619f270d8) thrown at [./open/src/hotspot/share/prims/jni.cpp, line 632]
Event: 29058.010 Thread 0x0000024c9948c000 Exception <a 'java/lang/ClassNotFoundException'{0x0000000619f33438}: sun/util/logging/resources/spi/loggingProvider> (0x0000000619f33438) thrown at [./open/src/hotspot/share/classfile/systemDictionary.cpp, line 226]
Event: 29058.011 Thread 0x0000024c9948c000 Implicit null exception at 0x0000024cf1e8fe46 to 0x0000024cf1e90720
Event: 248187.102 Thread 0x0000024c99488000 Exception <a 'sun/net/ConnectionResetException'{0x0000000622c35a98}: > (0x0000000622c35a98) thrown at [./open/src/hotspot/share/prims/jni.cpp, line 632]
Event: 248187.103 Thread 0x0000024c99488000 Exception <a 'java/net/SocketException'{0x0000000622c37640}: Connection reset by peer: socket write error> (0x0000000622c37640) thrown at [./open/src/hotspot/share/prims/jni.cpp, line 632]
Event: 248187.708 Thread 0x0000024c99488000 Exception <a 'java/net/UnknownHostException'{0x000000061e4002d8}> (0x000000061e4002d8) thrown at [./open/src/hotspot/share/prims/jni.cpp, line 611]

Events (10 events):
Event: 248196.892 Thread 0x0000024c976c9000 Thread added: 0x0000024c976c9000
Event: 248197.422 Thread 0x0000024c976c9000 Thread exited: 0x0000024c976c9000
Event: 248197.540 Thread 0x0000024c90581000 Thread added: 0x0000024c90581000
Event: 248198.318 Thread 0x0000024c98fb8000 Thread exited: 0x0000024c98fb8000
Event: 248198.435 Thread 0x0000024c98fb9000 Thread exited: 0x0000024c98fb9000
Event: 248198.437 Thread 0x0000024c9057e800 Thread exited: 0x0000024c9057e800
Event: 248198.438 Thread 0x0000024c98fba800 Thread added: 0x0000024c98fba800
Event: 248198.747 Thread 0x0000024c98fba000 Thread added: 0x0000024c98fba000
Event: 248199.496 Thread 0x0000024cff8d6000 Thread added: 0x0000024cff8d6000
Event: 248199.734 Thread 0x0000024c9057a800 Thread exited: 0x0000024c9057a800


Dynamic libraries:
0x00007ff7c4330000 - 0x00007ff7c4340000 	C:\Program Files\Java\jdk-11\bin\java.exe
0x00007ffeb99b0000 - 0x00007ffeb9bc7000 	C:\WINDOWS\SYSTEM32\ntdll.dll
0x00007ffeb80c0000 - 0x00007ffeb8184000 	C:\WINDOWS\System32\KERNEL32.DLL
0x00007ffeb7350000 - 0x00007ffeb76f6000 	C:\WINDOWS\System32\KERNELBASE.dll
0x00007ffeb7100000 - 0x00007ffeb7211000 	C:\WINDOWS\System32\ucrtbase.dll
0x00007ffeade30000 - 0x00007ffeade4b000 	C:\Program Files\Java\jdk-11\bin\VCRUNTIME140.dll
0x00007ffe9a000000 - 0x00007ffe9a018000 	C:\Program Files\Java\jdk-11\bin\jli.dll
0x00007ffeb86f0000 - 0x00007ffeb87a3000 	C:\WINDOWS\System32\ADVAPI32.dll
0x00007ffeb7710000 - 0x00007ffeb77b7000 	C:\WINDOWS\System32\msvcrt.dll
0x00007ffeb98c0000 - 0x00007ffeb9968000 	C:\WINDOWS\System32\sechost.dll
0x00007ffeb6cf0000 - 0x00007ffeb6d18000 	C:\WINDOWS\System32\bcrypt.dll
0x00007ffeb8f30000 - 0x00007ffeb9047000 	C:\WINDOWS\System32\RPCRT4.dll
0x00007ffeb77c0000 - 0x00007ffeb796e000 	C:\WINDOWS\System32\USER32.dll
0x00007ffeb6dc0000 - 0x00007ffeb6de6000 	C:\WINDOWS\System32\win32u.dll
0x00007ffe9b2c0000 - 0x00007ffe9b553000 	C:\WINDOWS\WinSxS\amd64_microsoft.windows.common-controls_6595b64144ccf1df_6.0.22621.2506_none_270c5ae97388e100\COMCTL32.dll
0x00007ffeb7f30000 - 0x00007ffeb7f59000 	C:\WINDOWS\System32\GDI32.dll
0x00007ffeb6e70000 - 0x00007ffeb6f88000 	C:\WINDOWS\System32\gdi32full.dll
0x00007ffeb6d20000 - 0x00007ffeb6dba000 	C:\WINDOWS\System32\msvcp_win.dll
0x00007ffeaef90000 - 0x00007ffeaef9a000 	C:\WINDOWS\SYSTEM32\VERSION.dll
0x00007ffeb8b60000 - 0x00007ffeb8b91000 	C:\WINDOWS\System32\IMM32.DLL
0x00007ffeb3ab0000 - 0x00007ffeb3abc000 	C:\Program Files\Java\jdk-11\bin\vcruntime140_1.dll
0x00007ffe982f0000 - 0x00007ffe9837e000 	C:\Program Files\Java\jdk-11\bin\msvcp140.dll
0x00007ffe60ac0000 - 0x00007ffe61628000 	C:\Program Files\Java\jdk-11\bin\server\jvm.dll
0x00007ffeb7ed0000 - 0x00007ffeb7ed8000 	C:\WINDOWS\System32\PSAPI.DLL
0x00007ffe89b90000 - 0x00007ffe89b99000 	C:\WINDOWS\SYSTEM32\WSOCK32.dll
0x00007ffeb0350000 - 0x00007ffeb0384000 	C:\WINDOWS\SYSTEM32\WINMM.dll
0x00007ffeb8330000 - 0x00007ffeb83a1000 	C:\WINDOWS\System32\WS2_32.dll
0x00007ffeb5cf0000 - 0x00007ffeb5d08000 	C:\WINDOWS\SYSTEM32\kernel.appcore.dll
0x00007ffeb1c90000 - 0x00007ffeb1ca0000 	C:\Program Files\Java\jdk-11\bin\verify.dll
0x00007ffeb4530000 - 0x00007ffeb4763000 	C:\WINDOWS\SYSTEM32\DBGHELP.DLL
0x00007ffeb87d0000 - 0x00007ffeb8b59000 	C:\WINDOWS\System32\combase.dll
0x00007ffeb7df0000 - 0x00007ffeb7ec7000 	C:\WINDOWS\System32\OLEAUT32.dll
0x00007ffeb02d0000 - 0x00007ffeb0302000 	C:\WINDOWS\SYSTEM32\dbgcore.DLL
0x00007ffeb6df0000 - 0x00007ffeb6e6a000 	C:\WINDOWS\System32\bcryptPrimitives.dll
0x00007ffe99b90000 - 0x00007ffe99bb8000 	C:\Program Files\Java\jdk-11\bin\java.dll
0x00007ffeb1120000 - 0x00007ffeb112a000 	C:\Program Files\Java\jdk-11\bin\jimage.dll
0x00007ffea6bc0000 - 0x00007ffea6bd7000 	C:\Program Files\Java\jdk-11\bin\zip.dll
0x00007ffeb9050000 - 0x00007ffeb98ab000 	C:\WINDOWS\System32\SHELL32.dll
0x00007ffeb4c00000 - 0x00007ffeb54f6000 	C:\WINDOWS\SYSTEM32\windows.storage.dll
0x00007ffeb4ac0000 - 0x00007ffeb4bfe000 	C:\WINDOWS\SYSTEM32\wintypes.dll
0x00007ffeb8e30000 - 0x00007ffeb8f23000 	C:\WINDOWS\System32\SHCORE.dll
0x00007ffeb8dd0000 - 0x00007ffeb8e2e000 	C:\WINDOWS\System32\shlwapi.dll
0x00007ffeb6c20000 - 0x00007ffeb6c46000 	C:\WINDOWS\SYSTEM32\profapi.dll
0x00007ffe99ad0000 - 0x00007ffe99ae9000 	C:\Program Files\Java\jdk-11\bin\net.dll
0x00007ffeb1150000 - 0x00007ffeb1287000 	C:\WINDOWS\SYSTEM32\WINHTTP.dll
0x00007ffeb6160000 - 0x00007ffeb61c9000 	C:\WINDOWS\system32\mswsock.dll
0x00007ffe99a50000 - 0x00007ffe99a62000 	C:\Program Files\Java\jdk-11\bin\nio.dll
0x00007ffeb5790000 - 0x00007ffeb5889000 	C:\WINDOWS\SYSTEM32\DNSAPI.dll
0x00007ffeb5760000 - 0x00007ffeb578d000 	C:\WINDOWS\SYSTEM32\IPHLPAPI.DLL
0x00007ffeb86e0000 - 0x00007ffeb86e9000 	C:\WINDOWS\System32\NSI.dll
0x00007ffeaf2c0000 - 0x00007ffeaf2ca000 	C:\Windows\System32\rasadhlp.dll
0x00007ffeafd10000 - 0x00007ffeafd93000 	C:\WINDOWS\System32\fwpuclnt.dll
0x0000024ce2830000 - 0x0000024ce2833000 	C:\Program Files\Java\jdk-11\bin\api-ms-win-core-console-l1-1-0.dll
0x0000024ce2840000 - 0x0000024ce2843000 	C:\Program Files\Java\jdk-11\bin\api-ms-win-core-datetime-l1-1-0.dll
0x0000024ce2850000 - 0x0000024ce2853000 	C:\Program Files\Java\jdk-11\bin\api-ms-win-core-debug-l1-1-0.dll
0x0000024ce2860000 - 0x0000024ce2863000 	C:\Program Files\Java\jdk-11\bin\api-ms-win-core-errorhandling-l1-1-0.dll
0x0000024ce2870000 - 0x0000024ce2874000 	C:\Program Files\Java\jdk-11\bin\api-ms-win-core-file-l1-1-0.dll
0x0000024ce2880000 - 0x0000024ce2883000 	C:\Program Files\Java\jdk-11\bin\api-ms-win-core-file-l1-2-0.dll
0x0000024cffcf0000 - 0x0000024cffcf3000 	C:\Program Files\Java\jdk-11\bin\api-ms-win-core-file-l2-1-0.dll
0x0000024cffd00000 - 0x0000024cffd03000 	C:\Program Files\Java\jdk-11\bin\api-ms-win-core-handle-l1-1-0.dll
0x0000024cffd10000 - 0x0000024cffd13000 	C:\Program Files\Java\jdk-11\bin\api-ms-win-core-heap-l1-1-0.dll
0x0000024cffd20000 - 0x0000024cffd23000 	C:\Program Files\Java\jdk-11\bin\api-ms-win-core-interlocked-l1-1-0.dll
0x0000024cffd30000 - 0x0000024cffd33000 	C:\Program Files\Java\jdk-11\bin\api-ms-win-core-libraryloader-l1-1-0.dll
0x0000024cffd40000 - 0x0000024cffd43000 	C:\Program Files\Java\jdk-11\bin\api-ms-win-core-localization-l1-2-0.dll
0x0000024cffd50000 - 0x0000024cffd53000 	C:\Program Files\Java\jdk-11\bin\api-ms-win-core-memory-l1-1-0.dll
0x0000024cffd60000 - 0x0000024cffd63000 	C:\Program Files\Java\jdk-11\bin\api-ms-win-core-namedpipe-l1-1-0.dll
0x0000024cffd70000 - 0x0000024cffd73000 	C:\Program Files\Java\jdk-11\bin\api-ms-win-core-processenvironment-l1-1-0.dll
0x0000024cffd80000 - 0x0000024cffd83000 	C:\Program Files\Java\jdk-11\bin\api-ms-win-core-processthreads-l1-1-0.dll
0x0000024cffd90000 - 0x0000024cffd93000 	C:\Program Files\Java\jdk-11\bin\api-ms-win-core-processthreads-l1-1-1.dll
0x0000024cffda0000 - 0x0000024cffda3000 	C:\Program Files\Java\jdk-11\bin\api-ms-win-core-profile-l1-1-0.dll
0x0000024cffdb0000 - 0x0000024cffdb3000 	C:\Program Files\Java\jdk-11\bin\api-ms-win-core-rtlsupport-l1-1-0.dll
0x0000024cffdc0000 - 0x0000024cffdc3000 	C:\Program Files\Java\jdk-11\bin\api-ms-win-core-string-l1-1-0.dll
0x0000024cffff0000 - 0x0000024cffff3000 	C:\Program Files\Java\jdk-11\bin\api-ms-win-core-synch-l1-1-0.dll
0x0000024c91910000 - 0x0000024c91913000 	C:\Program Files\Java\jdk-11\bin\api-ms-win-core-synch-l1-2-0.dll
0x0000024c91920000 - 0x0000024c91923000 	C:\Program Files\Java\jdk-11\bin\api-ms-win-core-sysinfo-l1-1-0.dll
0x0000024c91930000 - 0x0000024c91933000 	C:\Program Files\Java\jdk-11\bin\api-ms-win-core-timezone-l1-1-0.dll
0x0000024c91940000 - 0x0000024c91943000 	C:\Program Files\Java\jdk-11\bin\api-ms-win-core-util-l1-1-0.dll
0x0000024c91950000 - 0x0000024c91953000 	C:\Program Files\Java\jdk-11\bin\api-ms-win-crt-conio-l1-1-0.dll
0x0000024c91960000 - 0x0000024c91964000 	C:\Program Files\Java\jdk-11\bin\api-ms-win-crt-convert-l1-1-0.dll
0x0000024c91970000 - 0x0000024c91973000 	C:\Program Files\Java\jdk-11\bin\api-ms-win-crt-environment-l1-1-0.dll
0x0000024c91980000 - 0x0000024c91983000 	C:\Program Files\Java\jdk-11\bin\api-ms-win-crt-filesystem-l1-1-0.dll
0x0000024c91990000 - 0x0000024c91993000 	C:\Program Files\Java\jdk-11\bin\api-ms-win-crt-heap-l1-1-0.dll
0x0000024c919a0000 - 0x0000024c919a3000 	C:\Program Files\Java\jdk-11\bin\api-ms-win-crt-locale-l1-1-0.dll
0x0000024c919b0000 - 0x0000024c919b5000 	C:\Program Files\Java\jdk-11\bin\api-ms-win-crt-math-l1-1-0.dll
0x0000024c919c0000 - 0x0000024c919c5000 	C:\Program Files\Java\jdk-11\bin\api-ms-win-crt-multibyte-l1-1-0.dll
0x0000024c919d0000 - 0x0000024c919e0000 	C:\Program Files\Java\jdk-11\bin\api-ms-win-crt-private-l1-1-0.dll
0x0000024c919e0000 - 0x0000024c919e3000 	C:\Program Files\Java\jdk-11\bin\api-ms-win-crt-process-l1-1-0.dll
0x0000024c919f0000 - 0x0000024c919f4000 	C:\Program Files\Java\jdk-11\bin\api-ms-win-crt-runtime-l1-1-0.dll
0x0000024c91a00000 - 0x0000024c91a04000 	C:\Program Files\Java\jdk-11\bin\api-ms-win-crt-stdio-l1-1-0.dll
0x0000024c91a10000 - 0x0000024c91a14000 	C:\Program Files\Java\jdk-11\bin\api-ms-win-crt-string-l1-1-0.dll
0x0000024c91a20000 - 0x0000024c91a23000 	C:\Program Files\Java\jdk-11\bin\api-ms-win-crt-time-l1-1-0.dll
0x0000024c91a30000 - 0x0000024c91a33000 	C:\Program Files\Java\jdk-11\bin\api-ms-win-crt-utility-l1-1-0.dll
0x00007ffe98490000 - 0x00007ffe98590000 	C:\Program Files\Java\jdk-11\bin\ucrtbase.dll
0x00007ffe99710000 - 0x00007ffe9975e000 	C:\Windows\System32\concrt140.dll
0x00007ffead500000 - 0x00007ffead523000 	C:\Users\Abhijeet Patil\.openjfx\cache\11.0.2\prism_d3d.dll
0x00007ffe2f950000 - 0x00007ffe2faf9000 	C:\WINDOWS\system32\d3d9.dll
0x00007ffeb3fa0000 - 0x00007ffeb3fcb000 	C:\WINDOWS\SYSTEM32\dwmapi.dll
0x00007ffeb3e40000 - 0x00007ffeb3e79000 	C:\WINDOWS\SYSTEM32\dxcore.dll
0x00007ffeb3d30000 - 0x00007ffeb3ddb000 	C:\WINDOWS\system32\uxtheme.dll
0x00007ffe65150000 - 0x00007ffe65388000 	C:\WINDOWS\System32\DriverStore\FileRepository\iigd_dch.inf_amd64_3fd734cf72127ac9\igdumdim64.dll
0x00007ffeb8190000 - 0x00007ffeb8330000 	C:\WINDOWS\System32\ole32.dll
0x00007ffdd82a0000 - 0x00007ffdd9610000 	C:\WINDOWS\System32\DriverStore\FileRepository\iigd_dch.inf_amd64_3fd734cf72127ac9\igd9dxva64.dll
0x00007ffeb7970000 - 0x00007ffeb7de4000 	C:\WINDOWS\System32\SETUPAPI.dll
0x00007ffeb6980000 - 0x00007ffeb69ce000 	C:\WINDOWS\SYSTEM32\cfgmgr32.dll
0x00007ffe36130000 - 0x00007ffe37e51000 	C:\WINDOWS\System32\DriverStore\FileRepository\iigd_dch.inf_amd64_3fd734cf72127ac9\media_bin_64.dll
0x00007ffeaa4e0000 - 0x00007ffeaa918000 	C:\WINDOWS\System32\DriverStore\FileRepository\iigd_dch.inf_amd64_3fd734cf72127ac9\igdgmm64.dll
0x00007ffeb0e30000 - 0x00007ffeb0e7a000 	C:\WINDOWS\SYSTEM32\directxdatabasehelper.dll
0x00007ffe99570000 - 0x00007ffe995b5000 	C:\Users\Abhijeet Patil\.openjfx\cache\11.0.2\glass.dll
0x00007ffeb8bc0000 - 0x00007ffeb8cb9000 	C:\WINDOWS\System32\COMDLG32.dll
0x00007ffeb7f60000 - 0x00007ffeb80b1000 	C:\WINDOWS\System32\MSCTF.dll
0x00007ffe4aec0000 - 0x00007ffe4aee7000 	C:\WINDOWS\System32\DriverStore\FileRepository\iigd_dch.inf_amd64_3fd734cf72127ac9\igdinfo64.dll
0x00007ffea1ac0000 - 0x00007ffea596d000 	C:\WINDOWS\System32\DriverStore\FileRepository\iigd_dch.inf_amd64_3fd734cf72127ac9\igc64.dll
0x00007ffeb64b0000 - 0x00007ffeb64cb000 	C:\WINDOWS\SYSTEM32\CRYPTSP.dll
0x00007ffeb5c50000 - 0x00007ffeb5c85000 	C:\WINDOWS\system32\rsaenh.dll
0x00007ffeb6200000 - 0x00007ffeb622c000 	C:\WINDOWS\SYSTEM32\USERENV.dll
0x00007ffeb6490000 - 0x00007ffeb649c000 	C:\WINDOWS\SYSTEM32\CRYPTBASE.dll
0x00007ffeb0fa0000 - 0x00007ffeb0fb9000 	C:\WINDOWS\SYSTEM32\dhcpcsvc6.DLL
0x00007ffeb0f80000 - 0x00007ffeb0f9f000 	C:\WINDOWS\SYSTEM32\dhcpcsvc.DLL
0x00007ffeb1c80000 - 0x00007ffeb1c8d000 	C:\Program Files\Java\jdk-11\bin\sunmscapi.dll
0x00007ffeb6f90000 - 0x00007ffeb70f6000 	C:\WINDOWS\System32\CRYPT32.dll
0x00007ffeb65a0000 - 0x00007ffeb65ce000 	C:\WINDOWS\SYSTEM32\ncrypt.dll
0x00007ffeb6560000 - 0x00007ffeb6597000 	C:\WINDOWS\SYSTEM32\NTASN1.dll
0x00007ffe99940000 - 0x00007ffe99967000 	C:\Program Files\Java\jdk-11\bin\sunec.dll
0x00007ffe4e660000 - 0x00007ffe4e677000 	C:\WINDOWS\system32\napinsp.dll
0x00007ffe4e640000 - 0x00007ffe4e65b000 	C:\WINDOWS\system32\pnrpnsp.dll
0x00007ffe4e620000 - 0x00007ffe4e631000 	C:\WINDOWS\System32\winrnr.dll
0x00007ffe90400000 - 0x00007ffe90415000 	C:\WINDOWS\system32\wshbth.dll
0x00007ffe4e680000 - 0x00007ffe4e6a1000 	C:\WINDOWS\system32\nlansp_c.dll

dbghelp: loaded successfully - version: 4.0.5 - missing functions: none
symbol engine: initialized successfully - sym options: 0x614 - pdb path: .;C:\Program Files\Java\jdk-11\bin;C:\WINDOWS\SYSTEM32;C:\WINDOWS\WinSxS\amd64_microsoft.windows.common-controls_6595b64144ccf1df_6.0.22621.2506_none_270c5ae97388e100;C:\Program Files\Java\jdk-11\bin\server;C:\Users\Abhijeet Patil\.openjfx\cache\11.0.2;C:\WINDOWS\System32\DriverStore\FileRepository\iigd_dch.inf_amd64_3fd734cf72127ac9;C:\Program Files\Common Files\Microsoft Shared\Ink;C:\Users\Abhijeet Patil\AppData\Local\Temp;C:\Users\Abhijeet Patil\AppData\Local\Temp\jna--1372347662

VM Arguments:
jvm_args: -Djava.util.logging.config.file=./logging.properties -Dsentry.environment=production -Dsentry.release=unspecified -Dsentry.tags=OS:windows --add-modules=javafx.controls,javafx.fxml,javafx.graphics,javafx.web --module-path=C:\Users\Abhijeet Patil\.gradle\caches\modules-2\files-2.1\org.openjfx\javafx-fxml\11.0.2\b3242e4c031558574de2a1da685bb5fcdbb8a530\javafx-fxml-11.0.2-win.jar;C:\Users\Abhijeet Patil\.gradle\caches\modules-2\files-2.1\org.openjfx\javafx-web\11.0.2\d84a525af501320e2d60931d5a30242a2dd47f8c\javafx-web-11.0.2-win.jar;C:\Users\Abhijeet Patil\.gradle\caches\modules-2\files-2.1\org.openjfx\javafx-controls\11.0.2\6c763707769c18adce406904c771c2ad1fcc370b\javafx-controls-11.0.2-win.jar;C:\Users\Abhijeet Patil\.gradle\caches\modules-2\files-2.1\org.openjfx\javafx-media\11.0.2\a9d052aba5dc676f26b5cfcd33a68e381f08a47a\javafx-media-11.0.2-win.jar;C:\Users\Abhijeet Patil\.gradle\caches\modules-2\files-2.1\org.openjfx\javafx-graphics\11.0.2\20459ea2cf714942bcbeb78a7f70ba3531dc1a44\javafx-graphics-11.0.2-win.jar;C:\Users\Abhijeet Patil\.gradle\caches\modules-2\files-2.1\org.openjfx\javafx-base\11.0.2\1852e57b8cf9a9b6488c33605bccd5d06ff210e1\javafx-base-11.0.2-win.jar -Dfile.encoding=windows-1252 -Duser.country=IN -Duser.language=en -Duser.variant 
java_command: com.workshiftly.application.ApplicationStarter
java_class_path (initial): D:\ws\ws_desktop_app_upgraded\build\classes\java\main;D:\ws\ws_desktop_app_upgraded\build\resources\main;C:\Users\Abhijeet Patil\.gradle\caches\modules-2\files-2.1\com.jfoenix\jfoenix\9.0.10\a7625792db8d15615ea6eebbc31e01504f20b2df\jfoenix-9.0.10.jar;C:\Users\Abhijeet Patil\.gradle\caches\modules-2\files-2.1\org.ini4j\ini4j\0.5.4\4a3ee4146a90c619b20977d65951825f5675b560\ini4j-0.5.4.jar;C:\Users\Abhijeet Patil\.gradle\caches\modules-2\files-2.1\com.j256.ormlite\ormlite-jdbc\5.1\8c5fac7d12ee7d3c82a4eb01534779fc66f75d4a\ormlite-jdbc-5.1.jar;C:\Users\Abhijeet Patil\.gradle\caches\modules-2\files-2.1\com.j256.ormlite\ormlite-core\5.1\bf7a747016c99ac01577d3268a4ac9c24e94d5de\ormlite-core-5.1.jar;C:\Users\Abhijeet Patil\.gradle\caches\modules-2\files-2.1\io.github.willena\sqlite-jdbc\3.35.5.3\ac7fb4e73316bbdf2e6f2c2014029851eaae66f1\sqlite-jdbc-3.35.5.3.jar;C:\Users\Abhijeet Patil\.gradle\caches\modules-2\files-2.1\com.1stleg\jnativehook\2.1.0\49e72ddee45ca9cf332c50b4c716781ac0df07fd\jnativehook-2.1.0.jar;C:\Users\Abhijeet Patil\.gradle\caches\modules-2\files-2.1\net.java.dev.jna\jna-platform\5.6.0\d18424ffb8bbfd036d71bcaab9b546858f2ef986\jna-platform-5.6.0.jar;C:\Users\Abhijeet Patil\.gradle\caches\modules-2\files-2.1\net.java.dev.jna\jna\5.6.0\330f2244e9030119ab3030fc3fededc86713d9cc\jna-5.6.0.jar;C:\Users\Abhijeet Patil\.gradle\caches\modules-2\files-2.1\com.konghq\unirest-object-mappers-gson\3.7.02\3bf52589393e039ffd122acadad4fb1a1610ee84\unirest-object-mappers-gson-3.7.02.jar;C:\Users\Abhijeet Patil\.gradle\caches\modules-2\files-2.1\commons-validator\commons-validator\1.6\e989d1e87cdd60575df0765ed5bac65c905d7908\commons-validator-1.6.jar;C:\Users\Abhijeet Patil\.gradle\caches\modules-2\files-2.1\com.github.javafaker\javafaker\1.0.2\be0ff271b1208416822db4438864df47f90af92f\javafaker-1.0.2.jar;C:\Users\Abhijeet Patil\.gradle\caches\modules-2\files-2.1\org.apache.commons\commons-lang3\3.11\68e9a6adf7cf8eb7e9d31bbc554c7c75eeaac568\commons-lan
Launcher Type: SUN_STANDARD

[Global flags]
     intx CICompilerCount                          = 4                                         {product} {ergonomic}
     uint ConcGCThreads                            = 2                                         {product} {ergonomic}
     uint G1ConcRefinementThreads                  = 8                                         {product} {ergonomic}
   size_t G1HeapRegionSize                         = 2097152                                   {product} {ergonomic}
    uintx GCDrainStackTargetSize                   = 64                                        {product} {ergonomic}
   size_t InitialHeapSize                          = 532676608                                 {product} {ergonomic}
   size_t MarkStackSize                            = 4194304                                   {product} {ergonomic}
   size_t MaxHeapSize                              = 8522825728                                {product} {ergonomic}
   size_t MaxNewSize                               = 5112856576                                {product} {ergonomic}
   size_t MinHeapDeltaBytes                        = 2097152                                   {product} {ergonomic}
    uintx NonNMethodCodeHeapSize                   = 5836300                                {pd product} {ergonomic}
    uintx NonProfiledCodeHeapSize                  = 122910970                              {pd product} {ergonomic}
    uintx ProfiledCodeHeapSize                     = 122910970                              {pd product} {ergonomic}
    uintx ReservedCodeCacheSize                    = 251658240                              {pd product} {ergonomic}
     bool SegmentedCodeCache                       = true                                      {product} {ergonomic}
     bool UseCompressedClassPointers               = true                                 {lp64_product} {ergonomic}
     bool UseCompressedOops                        = true                                 {lp64_product} {ergonomic}
     bool UseG1GC                                  = true                                      {product} {ergonomic}
     bool UseLargePagesIndividualAllocation        = false                                  {pd product} {ergonomic}

Logging:
Log output configuration:
 #0: stdout all=warning uptime,level,tags
 #1: stderr all=off uptime,level,tags

Environment Variables:
JAVA_HOME=C:\Program Files\Java\jdk-11
PATH=C:\Program Files\Common Files\Oracle\Java\javapath;C:\Program Files (x86)\Common Files\Oracle\Java\javapath;C:\Program Files\Microsoft\jdk-11.0.12.7-hotspot\bin;C:\Windows\system32;C:\Windows;C:\Windows\System32\Wbem;C:\Windows\System32\WindowsPowerShell\v1.0\;C:\Windows\System32\OpenSSH\;C:\Program Files\dotnet\;C:\Program Files\Microsoft SQL Server\Client SDK\ODBC\170\Tools\Binn\;C:\Program Files\Azure Data Studio\bin;C:\Users\dell\AppData\Roaming\nvm;C:\Program Files\nodejs;C:\WINDOWS\system32;C:\WINDOWS;C:\WINDOWS\System32\Wbem;C:\WINDOWS\System32\WindowsPowerShell\v1.0\;C:\WINDOWS\System32\OpenSSH\;C:\Program Files\PuTTY\;C:\Program Files (x86)\Microsoft SQL Server\160\DTS\Binn\;C:\Program Files (x86)\Microsoft SQL Server\160\Tools\Binn\;C:\Program Files\Microsoft SQL Server\160\Tools\Binn\;C:\Program Files\Microsoft SQL Server\160\DTS\Binn\;C:\Program Files\Microsoft SQL Server\150\Tools\Binn\;C:\Users\Abhijeet Patil\AppData\Local\Microsoft\WindowsApps;C:\Users\Abhijeet Patil\AppData\Local\GitHubDesktop\bin;C:\Users\Abhijeet Patil\.dotnet\tools;C:\Development\flutter\bin;C:\Users\Abhijeet Patil\AppData\Local\Programs\Git\cmd;C:\Users\Abhijeet Patil\AppData\Local\Programs\Microsoft VS Code\bin;C:\gradle-6.5\bin;C:\Program Files (x86)\WiX Toolset v3.11\bin;C:\Program Files (x86)\Inno Setup 6;C:\javafx-sdk-20.0.1;
USERNAME=Abhijeet Patil
OS=Windows_NT
PROCESSOR_IDENTIFIER=Intel64 Family 6 Model 140 Stepping 2, GenuineIntel



---------------  S Y S T E M  ---------------

OS: Windows 11 , 64 bit Build 22621 (10.0.22621.3085)
Hyper-V role detected

CPU:total 8 (initial active 8) (4 cores per cpu, 2 threads per core) family 6 model 140 stepping 2 microcode 0x16, cmov, cx8, fxsr, mmx, sse, sse2, sse3, ssse3, sse4.1, sse4.2, popcnt, avx, avx2, aes, clmul, erms, 3dnowpref, lzcnt, ht, tsc, tscinvbit, bmi1, bmi2, adx, evex, sha, fma

Memory: 4k page, system-wide physical 32506M (18092M free)
TotalPageFile size 37370M (AvailPageFile size 20322M)
current process WorkingSet (physical memory assigned to process): 814M, peak: 825M
current process commit charge ("private bytes"): 900M, peak: 928M

vm_info: Java HotSpot(TM) 64-Bit Server VM (11.0.18+9-LTS-195) for windows-amd64 JRE (11.0.18+9-LTS-195), built on Dec  6 2022 15:50:58 by "mach5one" with MS VC++ 17.1 (VS2022)

END.
