#
# A fatal error has been detected by the Java Runtime Environment:
#
#  EXCEPTION_ACCESS_VIOLATION (0xc0000005) at pc=0x0000000065ed5ab7, pid=20832, tid=23840
#
# JRE version: Java(TM) SE Runtime Environment 18.9 (11.0.18+9) (build 11.0.18+9-LTS-195)
# Java VM: Java HotSpot(TM) 64-Bit Server VM 18.9 (11.0.18+9-LTS-195, mixed mode, tiered, compressed oops, g1 gc, windows-amd64)
# Problematic frame:
# C  0x0000000065ed5ab7
#
# No core dump will be written. Minidumps are not enabled by default on client versions of Windows
#
# If you would like to submit a bug report, please visit:
#   https://bugreport.java.com/bugreport/crash.jsp
# The crash happened outside the Java Virtual Machine in native code.
# See problematic frame for where to report the bug.
#

---------------  S U M M A R Y ------------

Command Line: -Djava.util.logging.config.file=./logging.properties -Dsentry.environment=production -Dsentry.release=unspecified -Dsentry.tags=OS:windows --add-modules=javafx.controls,javafx.fxml,javafx.graphics,javafx.web --module-path=C:\Users\Abhijeet Patil\.gradle\caches\modules-2\files-2.1\org.openjfx\javafx-web\11.0.2\d84a525af501320e2d60931d5a30242a2dd47f8c\javafx-web-11.0.2-win.jar;C:\Users\Abhijeet Patil\.gradle\caches\modules-2\files-2.1\org.openjfx\javafx-media\11.0.2\a9d052aba5dc676f26b5cfcd33a68e381f08a47a\javafx-media-11.0.2-win.jar;C:\Users\Abhijeet Patil\.gradle\caches\modules-2\files-2.1\org.openjfx\javafx-fxml\11.0.2\b3242e4c031558574de2a1da685bb5fcdbb8a530\javafx-fxml-11.0.2-win.jar;C:\Users\Abhijeet Patil\.gradle\caches\modules-2\files-2.1\org.openjfx\javafx-controls\11.0.2\6c763707769c18adce406904c771c2ad1fcc370b\javafx-controls-11.0.2-win.jar;C:\Users\Abhijeet Patil\.gradle\caches\modules-2\files-2.1\org.openjfx\javafx-graphics\11.0.2\20459ea2cf714942bcbeb78a7f70ba3531dc1a44\javafx-graphics-11.0.2-win.jar;C:\Users\Abhijeet Patil\.gradle\caches\modules-2\files-2.1\org.openjfx\javafx-base\11.0.2\1852e57b8cf9a9b6488c33605bccd5d06ff210e1\javafx-base-11.0.2-win.jar -Dfile.encoding=windows-1252 -Duser.country=IN -Duser.language=en -Duser.variant com.workshiftly.application.ApplicationStarter

Host: 11th Gen Intel(R) Core(TM) i5-11320H @ 3.20GHz, 8 cores, 31G,  Windows 11 , 64 bit Build 22621 (10.0.22621.2506)
Time: Mon Dec 11 10:10:27 2023 India Standard Time elapsed time: 249835.562037 seconds (2d 21h 23m 55s)

---------------  T H R E A D  ---------------

Current thread (0x0000027cc8ff8000):  JavaThread "pool-2-thread-6" [_thread_in_native, id=23840, stack(0x000000b042e00000,0x000000b042f00000)]

Stack: [0x000000b042e00000,0x000000b042f00000],  sp=0x000000b042efe770,  free space=1017k
Native frames: (J=compiled Java code, j=interpreted, Vv=VM code, C=native code)
C  0x0000000065ed5ab7

Java frames: (J=compiled Java code, j=interpreted, Vv=VM code)
J 9267  org.sqlite.core.NativeDB._close()V (0 bytes) @ 0x0000027ca20a820b [0x0000027ca20a81c0+0x000000000000004b]
J 9290 c1 org.sqlite.core.DB.close()V (164 bytes) @ 0x0000027c9a967b04 [0x0000027c9a966ac0+0x0000000000001044]
J 9299 c1 org.sqlite.SQLiteConnection.close()V (30 bytes) @ 0x0000027c9aaa5bc4 [0x0000027c9aaa5960+0x0000000000000264]
J 9298 c1 com.j256.ormlite.jdbc.JdbcDatabaseConnection.close()V (37 bytes) @ 0x0000027c9aa8e594 [0x0000027c9aa8e480+0x0000000000000114]
J 9297 c1 com.j256.ormlite.jdbc.JdbcConnectionSource.close()V (80 bytes) @ 0x0000027c9aba185c [0x0000027c9aba1160+0x00000000000006fc]
J 9296 c1 com.workshiftly.persistence.Database.DatabaseProxy.closeConnection(Ljava/lang/Class;)V (83 bytes) @ 0x0000027c9a9621b4 [0x0000027c9a961c20+0x0000000000000594]
j  com.workshiftly.persistence.storage.ObjectStorage.completeScreenshotPutObjectJobs(Ljava/util/List;)V+166
j  com.workshiftly.persistence.storage.ObjectStorage.handlePutObjectJobs(Ljava/lang/Class;Ljava/util/List;)V+8
j  com.workshiftly.persistence.storage.ObjectStorage.completePendingJobs(Ljava/lang/String;Ljava/lang/Class;)V+188
j  com.workshiftly.domain.SyncDataModule.lambda$syncScreenshots$0(Lcom/workshiftly/persistence/storage/ObjectStorage;)V+5
j  com.workshiftly.domain.SyncDataModule$$Lambda$903.run()V+4
J 8094 c2 java.util.concurrent.Executors$RunnableAdapter.call()Ljava/lang/Object; java.base@11.0.18 (14 bytes) @ 0x0000027ca1f928d4 [0x0000027ca1f925c0+0x0000000000000314]
J 7416 c1 java.util.concurrent.FutureTask.run()V java.base@11.0.18 (123 bytes) @ 0x0000027c9b6552f4 [0x0000027c9b654c80+0x0000000000000674]
J 8292 c2 java.util.concurrent.ScheduledThreadPoolExecutor$ScheduledFutureTask.run()V java.base@11.0.18 (57 bytes) @ 0x0000027ca1fb07fc [0x0000027ca1fb02a0+0x000000000000055c]
j  java.util.concurrent.ThreadPoolExecutor.runWorker(Ljava/util/concurrent/ThreadPoolExecutor$Worker;)V+92 java.base@11.0.18
j  java.util.concurrent.ThreadPoolExecutor$Worker.run()V+5 java.base@11.0.18
j  java.lang.Thread.run()V+11 java.base@11.0.18
v  ~StubRoutines::call_stub

siginfo: EXCEPTION_ACCESS_VIOLATION (0xc0000005), reading address 0x00000000000012a0


Register to memory mapping:

RIP=0x0000000065ed5ab7 points into unknown readable memory: 48
RAX=0x0000000000001280 is an unknown value
RBX=0x0000027cc67d81a0 points into unknown readable memory: 0x0000000065f8b060 | 60 b0 f8 65 00 00 00 00
RCX=0x0 is NULL
RDX=0x00000000000012a0 is an unknown value
RSP=0x000000b042efe770 is pointing into the stack for thread: 0x0000027cc8ff8000
RBP=0x0 is NULL
RSI=0x0000027cd52f2288 points into unknown readable memory: 0x0000027cc671e548 | 48 e5 71 c6 7c 02 00 00
RDI=0x0000027cd5105628 points into unknown readable memory: 0x0000000000000000 | 00 00 00 00 00 00 00 00
R8 =0x0000000065f8b060 points into unknown readable memory: 0x0000000000000003 | 03 00 00 00 00 00 00 00
R9 =4096 is a compressed pointer to class: 0x0000000800001000
java.lang.Object {0x0000000800001008}
 - instance size:     2
 - klass size:        65
 - access:            public synchronized 
 - state:             fully_initialized
 - name:              'java/lang/Object'
 - super:             NULL
 - sub:               'java/awt/desktop/SystemSleepListener'   'java/awt/desktop/SystemEventListener'   'sun/net/util/SocketExceptions$1'   'sun/net/util/SocketExceptions'   (5292 more klasses...)
 - arrays:            'java/lang/Object'[]
 - methods:           Array<T>(0x0000027cbecd04a0)
 - method ordering:   Array<T>(0x0000027cbecd0058)
 - default_methods:   Array<T>(0x0000000000000000)
 - local interfaces:  Array<T>(0x0000027cbecd00a0)
 - trans. interfaces: Array<T>(0x0000027cbecd00a0)
 - constants:         constant pool [92] {0x0000027cbecd0128} for 'java/lang/Object' cache=0x0000027cbedcb1c8
 - class loader data:  loader data: 0x0000027c9299e390 of 'bootstrap'
 - host class:        NULL
 - source file:       'Object.java'
 - class annotations:       Array<T>(0x0000000000000000)
 - class type annotations:  Array<T>(0x0000000000000000)
 - field annotations:       Array<T>(0x0000000000000000)
 - field type annotations:  Array<T>(0x0000000000000000)
 - inner classes:     Array<T>(0x0000027cbecd0070)
 - nest members:     Array<T>(0x0000027cbecd0070)
 - java mirror:       a 'java/lang/Class'{0x0000000604047ad0} = 'java/lang/Object'
 - vtable length      5  (start addr: 0x00000008000011d0)
 - itable length      2 (start addr: 0x00000008000011f8)
 - ---- static fields (0 words):
 - ---- non-static fields (0 words):
 - non-static oop maps: 
R10=0x0000000000000c22 is an unknown value
R11=0x00007ffd0a05ed9c jvm.dll
R12=0x0 is NULL
R13=0x000000b042efe9b0 is pointing into the stack for thread: 0x0000027cc8ff8000
R14=0x000000b042efe980 is pointing into the stack for thread: 0x0000027cc8ff8000
R15=0x0000027cc8ff8000 is a thread


Registers:
RAX=0x0000000000001280, RBX=0x0000027cc67d81a0, RCX=0x0000000000000000, RDX=0x00000000000012a0
RSP=0x000000b042efe770, RBP=0x0000000000000000, RSI=0x0000027cd52f2288, RDI=0x0000027cd5105628
R8 =0x0000000065f8b060, R9 =0x0000000000001000, R10=0x0000000000000c22, R11=0x00007ffd0a05ed9c
R12=0x0000000000000000, R13=0x000000b042efe9b0, R14=0x000000b042efe980, R15=0x0000027cc8ff8000
RIP=0x0000000065ed5ab7, EFLAGS=0x0000000000010202

Top of Stack: (sp=0x000000b042efe770)
0x000000b042efe770:   0000027cd5105628 0000000000000000
0x000000b042efe780:   0000000000000000 0000027cc67d8028
0x000000b042efe790:   0000027cc67d81a0 0000000065ec3bc7
0x000000b042efe7a0:   0000027cc67d8028 0000027cd52f2288
0x000000b042efe7b0:   0000027cc67d8028 0000027cc67d8028
0x000000b042efe7c0:   0000027cc67d8028 0000000065f25bd7
0x000000b042efe7d0:   0000027cd5156b88 0000000065f2808f
0x000000b042efe7e0:   0000000000000000 0000000000000001
0x000000b042efe7f0:   0000027cd5105628 0000000000000000
0x000000b042efe800:   0000000000000000 0000027cd52c47b8
0x000000b042efe810:   0000027cc67e24e8 0000027cd52f2500
0x000000b042efe820:   0000000000000000 0000000065f26b26
0x000000b042efe830:   0000027cd52f2288 0000000000000000
0x000000b042efe840:   0000027cd52f2288 0000000000000000
0x000000b042efe850:   0000000000000000 0000027cd52f2288
0x000000b042efe860:   0000000000000000 0000027cd52f2500 

Instructions: (pc=0x0000000065ed5ab7)
0x0000000065ed5a97:   56 e2 fe ff 48 8b 05 0e 57 0b 00 48 8d 15 07 57
0x0000000065ed5aa7:   0b 00 48 85 c0 74 16 48 39 c3 74 0a 48 8d 50 20
0x0000000065ed5ab7:   48 8b 40 20 eb ec 48 8b 43 20 48 89 02 48 8b 0d
0x0000000065ed5ac7:   dd 56 0b 00 48 c7 43 20 00 00 00 00 e8 35 e2 fe 


Stack slot to memory mapping:
stack at sp + 0 slots: 0x0000027cd5105628 points into unknown readable memory: 0x0000000000000000 | 00 00 00 00 00 00 00 00
stack at sp + 1 slots: 0x0 is NULL
stack at sp + 2 slots: 0x0 is NULL
stack at sp + 3 slots: 0x0000027cc67d8028 points into unknown readable memory: 0x0000027cc671e548 | 48 e5 71 c6 7c 02 00 00
stack at sp + 4 slots: 0x0000027cc67d81a0 points into unknown readable memory: 0x0000000065f8b060 | 60 b0 f8 65 00 00 00 00
stack at sp + 5 slots: 0x0000000065ec3bc7 points into unknown readable memory: 48
stack at sp + 6 slots: 0x0000027cc67d8028 points into unknown readable memory: 0x0000027cc671e548 | 48 e5 71 c6 7c 02 00 00
stack at sp + 7 slots: 0x0000027cd52f2288 points into unknown readable memory: 0x0000027cc671e548 | 48 e5 71 c6 7c 02 00 00


---------------  P R O C E S S  ---------------

Threads class SMR info:
_java_thread_list=0x0000027cbff14600, length=41, elements={
0x0000027c9299c800, 0x0000027cbf5f4000, 0x0000027cbf615000, 0x0000027cbf67b800,
0x0000027cbf680800, 0x0000027cbf682800, 0x0000027cbf684000, 0x0000027cbf685000,
0x0000027cbf68e800, 0x0000027cbf812000, 0x0000027cc06ee800, 0x0000027cc0647800,
0x0000027cc044b000, 0x0000027cc07de000, 0x0000027cc07e5000, 0x0000027cc0cbf800,
0x0000027cc1168800, 0x0000027cc6f20000, 0x0000027cc6f1c000, 0x0000027cc6f1e800,
0x0000027cc6f20800, 0x0000027cc6f1d800, 0x0000027cc6f1f000, 0x0000027cc6f1b000,
0x0000027cc8ff1000, 0x0000027cc8ff2800, 0x0000027cc8fef000, 0x0000027cc8ff5800,
0x0000027cc8ff0000, 0x0000027cc8ffb800, 0x0000027cc8ffa000, 0x0000027cc8ff9000,
0x0000027cc8ffc800, 0x0000027cc8ffe000, 0x0000027cc8ff8000, 0x0000027cc8b96800,
0x0000027cc8b92000, 0x0000027cc8b96000, 0x0000027cc8b98800, 0x0000027cc8b92800,
0x0000027cc8b94800
}

Java Threads: ( => current thread )
  0x0000027c9299c800 JavaThread "main" [_thread_blocked, id=25268, stack(0x000000b03ea00000,0x000000b03eb00000)]
  0x0000027cbf5f4000 JavaThread "Reference Handler" daemon [_thread_blocked, id=18440, stack(0x000000b03f100000,0x000000b03f200000)]
  0x0000027cbf615000 JavaThread "Finalizer" daemon [_thread_blocked, id=11332, stack(0x000000b03f200000,0x000000b03f300000)]
  0x0000027cbf67b800 JavaThread "Signal Dispatcher" daemon [_thread_blocked, id=21696, stack(0x000000b03f300000,0x000000b03f400000)]
  0x0000027cbf680800 JavaThread "Attach Listener" daemon [_thread_blocked, id=25400, stack(0x000000b03f400000,0x000000b03f500000)]
  0x0000027cbf682800 JavaThread "Service Thread" daemon [_thread_blocked, id=24060, stack(0x000000b03f500000,0x000000b03f600000)]
  0x0000027cbf684000 JavaThread "C2 CompilerThread0" daemon [_thread_blocked, id=23720, stack(0x000000b03f600000,0x000000b03f700000)]
  0x0000027cbf685000 JavaThread "C1 CompilerThread0" daemon [_thread_blocked, id=4392, stack(0x000000b03f700000,0x000000b03f800000)]
  0x0000027cbf68e800 JavaThread "Sweeper thread" daemon [_thread_blocked, id=4068, stack(0x000000b03f800000,0x000000b03f900000)]
  0x0000027cbf812000 JavaThread "Common-Cleaner" daemon [_thread_blocked, id=25272, stack(0x000000b03f900000,0x000000b03fa00000)]
  0x0000027cc06ee800 JavaThread "JUnique/Server/com.tcc.workshiftly.saas.desktop.client.STAGING" daemon [_thread_in_native, id=23880, stack(0x000000b03fd00000,0x000000b03fe00000)]
  0x0000027cc0647800 JavaThread "JavaFX-Launcher" [_thread_blocked, id=9808, stack(0x000000b03fe00000,0x000000b03ff00000)]
  0x0000027cc044b000 JavaThread "QuantumRenderer-0" daemon [_thread_blocked, id=20900, stack(0x000000b03ff00000,0x000000b040000000)]
  0x0000027cc07de000 JavaThread "InvokeLaterDispatcher" daemon [_thread_blocked, id=23548, stack(0x000000b040000000,0x000000b040100000)]
  0x0000027cc07e5000 JavaThread "JavaFX Application Thread" [_thread_in_native, id=25504, stack(0x000000b040100000,0x000000b040200000)]
  0x0000027cc0cbf800 JavaThread "Thread-3" daemon [_thread_in_native, id=21432, stack(0x000000b040c00000,0x000000b040d00000)]
  0x0000027cc1168800 JavaThread "Thread-5" daemon [_thread_blocked, id=23940, stack(0x000000b040f00000,0x000000b041000000)]
  0x0000027cc6f20000 JavaThread "sentry-pool-1-thread-1" daemon [_thread_blocked, id=25320, stack(0x000000b041000000,0x000000b041100000)]
  0x0000027cc6f1c000 JavaThread "Prism Font Disposer" daemon [_thread_blocked, id=9812, stack(0x000000b041600000,0x000000b041700000)]
  0x0000027cc6f1e800 JavaThread "sentry-pool-1-thread-2" daemon [_thread_blocked, id=22568, stack(0x000000b041700000,0x000000b041800000)]
  0x0000027cc6f20800 JavaThread "Cleaner-0" daemon [_thread_blocked, id=24348, stack(0x000000b041800000,0x000000b041900000)]
  0x0000027cc6f1d800 JavaThread "pool-2-thread-1" [_thread_blocked, id=2132, stack(0x000000b03fb00000,0x000000b03fc00000)]
  0x0000027cc6f1f000 JavaThread "pool-2-thread-2" [_thread_blocked, id=15080, stack(0x000000b040d00000,0x000000b040e00000)]
  0x0000027cc6f1b000 JavaThread "pool-2-thread-3" [_thread_blocked, id=18560, stack(0x000000b041200000,0x000000b041300000)]
  0x0000027cc8ff1000 JavaThread "pool-2-thread-4" [_thread_in_Java, id=284, stack(0x000000b041a00000,0x000000b041b00000)]
  0x0000027cc8ff2800 JavaThread "ScheduledService Delay Timer" daemon [_thread_blocked, id=5320, stack(0x000000b041b00000,0x000000b041c00000)]
  0x0000027cc8fef000 JavaThread "sentry-pool-1-thread-3" daemon [_thread_blocked, id=8644, stack(0x000000b042000000,0x000000b042100000)]
  0x0000027cc8ff5800 JavaThread "sentry-pool-1-thread-4" daemon [_thread_blocked, id=19444, stack(0x000000b042100000,0x000000b042200000)]
  0x0000027cc8ff0000 JavaThread "sentry-pool-1-thread-5" daemon [_thread_blocked, id=6484, stack(0x000000b042300000,0x000000b042400000)]
  0x0000027cc8ffb800 JavaThread "sentry-pool-1-thread-6" daemon [_thread_blocked, id=7420, stack(0x000000b042400000,0x000000b042500000)]
  0x0000027cc8ffa000 JavaThread "sentry-pool-1-thread-7" daemon [_thread_blocked, id=4416, stack(0x000000b042500000,0x000000b042600000)]
  0x0000027cc8ff9000 JavaThread "pool-2-thread-5" [_thread_in_vm, id=23812, stack(0x000000b042800000,0x000000b042900000)]
  0x0000027cc8ffc800 JavaThread "sentry-pool-1-thread-8" daemon [_thread_blocked, id=2484, stack(0x000000b042900000,0x000000b042a00000)]
  0x0000027cc8ffe000 JavaThread "JNativeHook Hook Thread" [_thread_in_native, id=6072, stack(0x000000b042d00000,0x000000b042e00000)]
=>0x0000027cc8ff8000 JavaThread "pool-2-thread-6" [_thread_in_native, id=23840, stack(0x000000b042e00000,0x000000b042f00000)]
  0x0000027cc8b96800 JavaThread "Java2D Disposer" daemon [_thread_blocked, id=8548, stack(0x000000b042f00000,0x000000b043000000)]
  0x0000027cc8b92000 JavaThread "AWT-Windows" daemon [_thread_in_native, id=26372, stack(0x000000b043100000,0x000000b043200000)]
  0x0000027cc8b96000 JavaThread "JNativeHook Dispatch Thread" daemon [_thread_blocked, id=21908, stack(0x000000b03fa00000,0x000000b03fb00000)]
  0x0000027cc8b98800 JavaThread "Thread-1329" daemon [_thread_blocked, id=27392, stack(0x000000b040300000,0x000000b040400000)]
  0x0000027cc8b92800 JavaThread "Thread-1330" daemon [_thread_blocked, id=27500, stack(0x000000b03e900000,0x000000b03ea00000)]
  0x0000027cc8b94800 JavaThread "Thread-1331" daemon [_thread_in_Java, id=27548, stack(0x000000b040400000,0x000000b040500000)]

Other Threads:
  0x0000027cbf5f3000 VMThread "VM Thread" [stack: 0x000000b03f000000,0x000000b03f100000] [id=24336]
  0x0000027cc03e2800 WatcherThread [stack: 0x000000b03fc00000,0x000000b03fd00000] [id=8800]
  0x0000027c929b1800 GCTaskThread "GC Thread#0" [stack: 0x000000b03eb00000,0x000000b03ec00000] [id=25120]
  0x0000027cc0c8b000 GCTaskThread "GC Thread#1" [stack: 0x000000b040500000,0x000000b040600000] [id=19004]
  0x0000027cc0c6e800 GCTaskThread "GC Thread#2" [stack: 0x000000b040600000,0x000000b040700000] [id=15784]
  0x0000027cc0cab800 GCTaskThread "GC Thread#3" [stack: 0x000000b040700000,0x000000b040800000] [id=22220]
  0x0000027cc0c8f000 GCTaskThread "GC Thread#4" [stack: 0x000000b040800000,0x000000b040900000] [id=7604]
  0x0000027cc0d10000 GCTaskThread "GC Thread#5" [stack: 0x000000b040900000,0x000000b040a00000] [id=15040]
  0x0000027cc0c67800 GCTaskThread "GC Thread#6" [stack: 0x000000b040a00000,0x000000b040b00000] [id=23776]
  0x0000027cc0d5b800 GCTaskThread "GC Thread#7" [stack: 0x000000b040b00000,0x000000b040c00000] [id=10056]
  0x0000027c92a2f000 ConcurrentGCThread "G1 Main Marker" [stack: 0x000000b03ec00000,0x000000b03ed00000] [id=504]
  0x0000027c92a30800 ConcurrentGCThread "G1 Conc#0" [stack: 0x000000b03ed00000,0x000000b03ee00000] [id=10580]
  0x0000027cc0f21800 ConcurrentGCThread "G1 Conc#1" [stack: 0x000000b040e00000,0x000000b040f00000] [id=18480]
  0x0000027cbec56800 ConcurrentGCThread "G1 Refine#0" [stack: 0x000000b03ee00000,0x000000b03ef00000] [id=13728]
  0x0000027cbec58000 ConcurrentGCThread "G1 Young RemSet Sampling" [stack: 0x000000b03ef00000,0x000000b03f000000] [id=23836]

Threads with active compile tasks:

VM state:not at safepoint (normal execution)

VM Mutex/Monitor currently owned by a thread: None

Heap address: 0x0000000604000000, size: 8128 MB, Compressed Oops mode: Zero based, Oop shift amount: 3
Narrow klass base: 0x0000000800000000, Narrow klass shift: 0
Compressed class space size: 1073741824 Address: 0x0000000800000000

Heap:
 garbage-first heap   total 520192K, used 233027K [0x0000000604000000, 0x0000000800000000)
  region size 2048K, 45 young (92160K), 4 survivors (8192K)
 Metaspace       used 53324K, capacity 54900K, committed 55040K, reserved 1097728K
  class space    used 6237K, capacity 6902K, committed 6912K, reserved 1048576K
Heap Regions: E=young(eden), S=young(survivor), O=old, HS=humongous(starts), HC=humongous(continues), CS=collection set, F=free, A=archive, TAMS=top-at-mark-start (previous, next)
|   0|0x0000000604000000, 0x0000000604200000, 0x0000000604200000|100%| O|  |TAMS 0x0000000604200000, 0x0000000604000000| Untracked 
|   1|0x0000000604200000, 0x0000000604400000, 0x0000000604400000|100%|HS|  |TAMS 0x0000000604400000, 0x0000000604200000| Complete 
|   2|0x0000000604400000, 0x0000000604600000, 0x0000000604600000|100%|HS|  |TAMS 0x0000000604600000, 0x0000000604400000| Complete 
|   3|0x0000000604600000, 0x0000000604800000, 0x0000000604800000|100%|HC|  |TAMS 0x0000000604800000, 0x0000000604600000| Complete 
|   4|0x0000000604800000, 0x0000000604a00000, 0x0000000604a00000|100%|HC|  |TAMS 0x0000000604a00000, 0x0000000604800000| Complete 
|   5|0x0000000604a00000, 0x0000000604c00000, 0x0000000604c00000|100%|HC|  |TAMS 0x0000000604c00000, 0x0000000604a00000| Complete 
|   6|0x0000000604c00000, 0x0000000604e00000, 0x0000000604e00000|100%|HC|  |TAMS 0x0000000604e00000, 0x0000000604c00000| Complete 
|   7|0x0000000604e00000, 0x0000000605000000, 0x0000000605000000|100%|HC|  |TAMS 0x0000000605000000, 0x0000000604e00000| Complete 
|   8|0x0000000605000000, 0x0000000605200000, 0x0000000605200000|100%|HC|  |TAMS 0x0000000605200000, 0x0000000605000000| Complete 
|   9|0x0000000605200000, 0x0000000605400000, 0x0000000605400000|100%|HC|  |TAMS 0x0000000605400000, 0x0000000605200000| Complete 
|  10|0x0000000605400000, 0x0000000605600000, 0x0000000605600000|100%|HC|  |TAMS 0x0000000605600000, 0x0000000605400000| Complete 
|  11|0x0000000605600000, 0x0000000605800000, 0x0000000605800000|100%|HC|  |TAMS 0x0000000605800000, 0x0000000605600000| Complete 
|  12|0x0000000605800000, 0x0000000605a00000, 0x0000000605a00000|100%|HC|  |TAMS 0x0000000605a00000, 0x0000000605800000| Complete 
|  13|0x0000000605a00000, 0x0000000605c00000, 0x0000000605c00000|100%|HC|  |TAMS 0x0000000605c00000, 0x0000000605a00000| Complete 
|  14|0x0000000605c00000, 0x0000000605e00000, 0x0000000605e00000|100%|HC|  |TAMS 0x0000000605e00000, 0x0000000605c00000| Complete 
|  15|0x0000000605e00000, 0x0000000606000000, 0x0000000606000000|100%|HC|  |TAMS 0x0000000606000000, 0x0000000605e00000| Complete 
|  16|0x0000000606000000, 0x0000000606200000, 0x0000000606200000|100%|HC|  |TAMS 0x0000000606200000, 0x0000000606000000| Complete 
|  17|0x0000000606200000, 0x0000000606400000, 0x0000000606400000|100%|HC|  |TAMS 0x0000000606400000, 0x0000000606200000| Complete 
|  18|0x0000000606400000, 0x0000000606600000, 0x0000000606600000|100%|HC|  |TAMS 0x0000000606600000, 0x0000000606400000| Complete 
|  19|0x0000000606600000, 0x0000000606800000, 0x0000000606800000|100%|HC|  |TAMS 0x0000000606800000, 0x0000000606600000| Complete 
|  20|0x0000000606800000, 0x0000000606a00000, 0x0000000606a00000|100%|HS|  |TAMS 0x0000000606a00000, 0x0000000606800000| Complete 
|  21|0x0000000606a00000, 0x0000000606c00000, 0x0000000606c00000|100%|HC|  |TAMS 0x0000000606c00000, 0x0000000606a00000| Complete 
|  22|0x0000000606c00000, 0x0000000606e00000, 0x0000000606e00000|100%|HC|  |TAMS 0x0000000606e00000, 0x0000000606c00000| Complete 
|  23|0x0000000606e00000, 0x0000000607000000, 0x0000000607000000|100%|HC|  |TAMS 0x0000000607000000, 0x0000000606e00000| Complete 
|  24|0x0000000607000000, 0x0000000607200000, 0x0000000607200000|100%|HC|  |TAMS 0x0000000607200000, 0x0000000607000000| Complete 
|  25|0x0000000607200000, 0x0000000607400000, 0x0000000607400000|100%|HC|  |TAMS 0x0000000607400000, 0x0000000607200000| Complete 
|  26|0x0000000607400000, 0x0000000607600000, 0x0000000607600000|100%|HC|  |TAMS 0x0000000607600000, 0x0000000607400000| Complete 
|  27|0x0000000607600000, 0x0000000607800000, 0x0000000607800000|100%|HC|  |TAMS 0x0000000607800000, 0x0000000607600000| Complete 
|  28|0x0000000607800000, 0x0000000607a00000, 0x0000000607a00000|100%|HC|  |TAMS 0x0000000607a00000, 0x0000000607800000| Complete 
|  29|0x0000000607a00000, 0x0000000607c00000, 0x0000000607c00000|100%|HC|  |TAMS 0x0000000607c00000, 0x0000000607a00000| Complete 
|  30|0x0000000607c00000, 0x0000000607e00000, 0x0000000607e00000|100%| O|  |TAMS 0x0000000607e00000, 0x0000000607c00000| Untracked 
|  31|0x0000000607e00000, 0x0000000608000000, 0x0000000608000000|100%| O|  |TAMS 0x0000000608000000, 0x0000000607e00000| Untracked 
|  32|0x0000000608000000, 0x0000000608200000, 0x0000000608200000|100%|HS|  |TAMS 0x0000000608200000, 0x0000000608000000| Complete 
|  33|0x0000000608200000, 0x0000000608400000, 0x0000000608400000|100%|HS|  |TAMS 0x0000000608400000, 0x0000000608200000| Complete 
|  34|0x0000000608400000, 0x0000000608600000, 0x0000000608600000|100%| O|  |TAMS 0x0000000608600000, 0x0000000608400000| Untracked 
|  35|0x0000000608600000, 0x0000000608800000, 0x0000000608800000|100%|HS|  |TAMS 0x0000000608800000, 0x0000000608600000| Complete 
|  36|0x0000000608800000, 0x0000000608a00000, 0x0000000608a00000|100%|HS|  |TAMS 0x0000000608a00000, 0x0000000608800000| Complete 
|  37|0x0000000608a00000, 0x0000000608c00000, 0x0000000608c00000|100%|HC|  |TAMS 0x0000000608c00000, 0x0000000608a00000| Complete 
|  38|0x0000000608c00000, 0x0000000608e00000, 0x0000000608e00000|100%|HC|  |TAMS 0x0000000608e00000, 0x0000000608c00000| Complete 
|  39|0x0000000608e00000, 0x0000000609000000, 0x0000000609000000|100%| O|  |TAMS 0x0000000609000000, 0x0000000608e00000| Untracked 
|  40|0x0000000609000000, 0x0000000609200000, 0x0000000609200000|100%| O|  |TAMS 0x0000000609200000, 0x0000000609000000| Untracked 
|  41|0x0000000609200000, 0x0000000609400000, 0x0000000609400000|100%| O|  |TAMS 0x0000000609400000, 0x0000000609200000| Untracked 
|  42|0x0000000609400000, 0x0000000609400000, 0x0000000609600000|  0%| F|  |TAMS 0x0000000609400000, 0x0000000609400000| Untracked 
|  43|0x0000000609600000, 0x0000000609600000, 0x0000000609800000|  0%| F|  |TAMS 0x0000000609600000, 0x0000000609600000| Untracked 
|  44|0x0000000609800000, 0x0000000609800000, 0x0000000609a00000|  0%| F|  |TAMS 0x0000000609800000, 0x0000000609800000| Untracked 
|  45|0x0000000609a00000, 0x0000000609a00000, 0x0000000609c00000|  0%| F|  |TAMS 0x0000000609a00000, 0x0000000609a00000| Untracked 
|  46|0x0000000609c00000, 0x0000000609c00000, 0x0000000609e00000|  0%| F|  |TAMS 0x0000000609c00000, 0x0000000609c00000| Untracked 
|  47|0x0000000609e00000, 0x0000000609e00000, 0x000000060a000000|  0%| F|  |TAMS 0x0000000609e00000, 0x0000000609e00000| Untracked 
|  48|0x000000060a000000, 0x000000060a000000, 0x000000060a200000|  0%| F|  |TAMS 0x000000060a000000, 0x000000060a000000| Untracked 
|  49|0x000000060a200000, 0x000000060a400000, 0x000000060a400000|100%| O|  |TAMS 0x000000060a400000, 0x000000060a200000| Untracked 
|  50|0x000000060a400000, 0x000000060a600000, 0x000000060a600000|100%|HS|  |TAMS 0x000000060a600000, 0x000000060a400000| Complete 
|  51|0x000000060a600000, 0x000000060a800000, 0x000000060a800000|100%| O|  |TAMS 0x000000060a800000, 0x000000060a600000| Untracked 
|  52|0x000000060a800000, 0x000000060aa00000, 0x000000060aa00000|100%| O|  |TAMS 0x000000060aa00000, 0x000000060a800000| Untracked 
|  53|0x000000060aa00000, 0x000000060ac00000, 0x000000060ac00000|100%|HS|  |TAMS 0x000000060aa00000, 0x000000060aa00000| Complete 
|  54|0x000000060ac00000, 0x000000060ae00000, 0x000000060ae00000|100%|HC|  |TAMS 0x000000060ac00000, 0x000000060ac00000| Complete 
|  55|0x000000060ae00000, 0x000000060b000000, 0x000000060b000000|100%|HC|  |TAMS 0x000000060ae00000, 0x000000060ae00000| Complete 
|  56|0x000000060b000000, 0x000000060b200000, 0x000000060b200000|100%|HC|  |TAMS 0x000000060b000000, 0x000000060b000000| Complete 
|  57|0x000000060b200000, 0x000000060b400000, 0x000000060b400000|100%| O|  |TAMS 0x000000060b400000, 0x000000060b200000| Untracked 
|  58|0x000000060b400000, 0x000000060b600000, 0x000000060b600000|100%| O|  |TAMS 0x000000060b600000, 0x000000060b400000| Untracked 
|  59|0x000000060b600000, 0x000000060b800000, 0x000000060b800000|100%| O|  |TAMS 0x000000060b800000, 0x000000060b600000| Untracked 
|  60|0x000000060b800000, 0x000000060b800000, 0x000000060ba00000|  0%| F|  |TAMS 0x000000060b800000, 0x000000060b800000| Untracked 
|  61|0x000000060ba00000, 0x000000060ba00000, 0x000000060bc00000|  0%| F|  |TAMS 0x000000060ba00000, 0x000000060ba00000| Untracked 
|  62|0x000000060bc00000, 0x000000060bc00000, 0x000000060be00000|  0%| F|  |TAMS 0x000000060bc00000, 0x000000060bc00000| Untracked 
|  63|0x000000060be00000, 0x000000060be00000, 0x000000060c000000|  0%| F|  |TAMS 0x000000060be00000, 0x000000060be00000| Untracked 
|  64|0x000000060c000000, 0x000000060c000000, 0x000000060c200000|  0%| F|  |TAMS 0x000000060c000000, 0x000000060c000000| Untracked 
|  65|0x000000060c200000, 0x000000060c200000, 0x000000060c400000|  0%| F|  |TAMS 0x000000060c200000, 0x000000060c200000| Untracked 
|  66|0x000000060c400000, 0x000000060c400000, 0x000000060c600000|  0%| F|  |TAMS 0x000000060c400000, 0x000000060c400000| Untracked 
|  67|0x000000060c600000, 0x000000060c600000, 0x000000060c800000|  0%| F|  |TAMS 0x000000060c600000, 0x000000060c600000| Untracked 
|  68|0x000000060c800000, 0x000000060c800000, 0x000000060ca00000|  0%| F|  |TAMS 0x000000060c800000, 0x000000060c800000| Untracked 
|  69|0x000000060ca00000, 0x000000060ca00000, 0x000000060cc00000|  0%| F|  |TAMS 0x000000060ca00000, 0x000000060ca00000| Untracked 
|  70|0x000000060cc00000, 0x000000060cc00000, 0x000000060ce00000|  0%| F|  |TAMS 0x000000060cc00000, 0x000000060cc00000| Untracked 
|  71|0x000000060ce00000, 0x000000060ce00000, 0x000000060d000000|  0%| F|  |TAMS 0x000000060ce00000, 0x000000060ce00000| Untracked 
|  72|0x000000060d000000, 0x000000060d000000, 0x000000060d200000|  0%| F|  |TAMS 0x000000060d000000, 0x000000060d000000| Untracked 
|  73|0x000000060d200000, 0x000000060d200000, 0x000000060d400000|  0%| F|  |TAMS 0x000000060d200000, 0x000000060d200000| Untracked 
|  74|0x000000060d400000, 0x000000060d600000, 0x000000060d600000|100%|HS|  |TAMS 0x000000060d600000, 0x000000060d400000| Complete 
|  75|0x000000060d600000, 0x000000060d800000, 0x000000060d800000|100%|HC|  |TAMS 0x000000060d800000, 0x000000060d600000| Complete 
|  76|0x000000060d800000, 0x000000060da00000, 0x000000060da00000|100%|HC|  |TAMS 0x000000060da00000, 0x000000060d800000| Complete 
|  77|0x000000060da00000, 0x000000060dc00000, 0x000000060dc00000|100%|HC|  |TAMS 0x000000060dc00000, 0x000000060da00000| Complete 
|  78|0x000000060dc00000, 0x000000060dc00000, 0x000000060de00000|  0%| F|  |TAMS 0x000000060dc00000, 0x000000060dc00000| Untracked 
|  79|0x000000060de00000, 0x000000060de00000, 0x000000060e000000|  0%| F|  |TAMS 0x000000060de00000, 0x000000060de00000| Untracked 
|  80|0x000000060e000000, 0x000000060e000000, 0x000000060e200000|  0%| F|  |TAMS 0x000000060e000000, 0x000000060e000000| Untracked 
|  81|0x000000060e200000, 0x000000060e200000, 0x000000060e400000|  0%| F|  |TAMS 0x000000060e200000, 0x000000060e200000| Untracked 
|  82|0x000000060e400000, 0x000000060e400000, 0x000000060e600000|  0%| F|  |TAMS 0x000000060e400000, 0x000000060e400000| Untracked 
|  83|0x000000060e600000, 0x000000060e600000, 0x000000060e800000|  0%| F|  |TAMS 0x000000060e600000, 0x000000060e600000| Untracked 
|  84|0x000000060e800000, 0x000000060e800000, 0x000000060ea00000|  0%| F|  |TAMS 0x000000060e800000, 0x000000060e800000| Untracked 
|  85|0x000000060ea00000, 0x000000060ea00000, 0x000000060ec00000|  0%| F|  |TAMS 0x000000060ea00000, 0x000000060ea00000| Untracked 
|  86|0x000000060ec00000, 0x000000060ec00000, 0x000000060ee00000|  0%| F|  |TAMS 0x000000060ec00000, 0x000000060ec00000| Untracked 
|  87|0x000000060ee00000, 0x000000060ee00000, 0x000000060f000000|  0%| F|  |TAMS 0x000000060ee00000, 0x000000060ee00000| Untracked 
|  88|0x000000060f000000, 0x000000060f000000, 0x000000060f200000|  0%| F|  |TAMS 0x000000060f000000, 0x000000060f000000| Untracked 
|  89|0x000000060f200000, 0x000000060f200000, 0x000000060f400000|  0%| F|  |TAMS 0x000000060f200000, 0x000000060f200000| Untracked 
|  90|0x000000060f400000, 0x000000060f400000, 0x000000060f600000|  0%| F|  |TAMS 0x000000060f400000, 0x000000060f400000| Untracked 
|  91|0x000000060f600000, 0x000000060f600000, 0x000000060f800000|  0%| F|  |TAMS 0x000000060f600000, 0x000000060f600000| Untracked 
|  92|0x000000060f800000, 0x000000060f800000, 0x000000060fa00000|  0%| F|  |TAMS 0x000000060f800000, 0x000000060f800000| Untracked 
|  93|0x000000060fa00000, 0x000000060fc00000, 0x000000060fc00000|100%|HS|  |TAMS 0x000000060fc00000, 0x000000060fa00000| Complete 
|  94|0x000000060fc00000, 0x000000060fe00000, 0x000000060fe00000|100%|HC|  |TAMS 0x000000060fe00000, 0x000000060fc00000| Complete 
|  95|0x000000060fe00000, 0x0000000610000000, 0x0000000610000000|100%|HC|  |TAMS 0x0000000610000000, 0x000000060fe00000| Complete 
|  96|0x0000000610000000, 0x0000000610200000, 0x0000000610200000|100%|HC|  |TAMS 0x0000000610200000, 0x0000000610000000| Complete 
|  97|0x0000000610200000, 0x0000000610200000, 0x0000000610400000|  0%| F|  |TAMS 0x0000000610200000, 0x0000000610200000| Untracked 
|  98|0x0000000610400000, 0x0000000610400000, 0x0000000610600000|  0%| F|  |TAMS 0x0000000610400000, 0x0000000610400000| Untracked 
|  99|0x0000000610600000, 0x0000000610600000, 0x0000000610800000|  0%| F|  |TAMS 0x0000000610600000, 0x0000000610600000| Untracked 
| 100|0x0000000610800000, 0x0000000610800000, 0x0000000610a00000|  0%| F|  |TAMS 0x0000000610800000, 0x0000000610800000| Untracked 
| 101|0x0000000610a00000, 0x0000000610a00000, 0x0000000610c00000|  0%| F|  |TAMS 0x0000000610a00000, 0x0000000610a00000| Untracked 
| 102|0x0000000610c00000, 0x0000000610c00000, 0x0000000610e00000|  0%| F|  |TAMS 0x0000000610c00000, 0x0000000610c00000| Untracked 
| 103|0x0000000610e00000, 0x0000000610e00000, 0x0000000611000000|  0%| F|  |TAMS 0x0000000610e00000, 0x0000000610e00000| Untracked 
| 104|0x0000000611000000, 0x0000000611200000, 0x0000000611200000|100%| O|  |TAMS 0x0000000611200000, 0x0000000611000000| Untracked 
| 105|0x0000000611200000, 0x0000000611400000, 0x0000000611400000|100%| O|  |TAMS 0x0000000611400000, 0x0000000611200000| Untracked 
| 106|0x0000000611400000, 0x0000000611600000, 0x0000000611600000|100%| O|  |TAMS 0x0000000611600000, 0x0000000611400000| Untracked 
| 107|0x0000000611600000, 0x0000000611800000, 0x0000000611800000|100%| O|  |TAMS 0x0000000611800000, 0x0000000611600000| Untracked 
| 108|0x0000000611800000, 0x0000000611a00000, 0x0000000611a00000|100%| O|  |TAMS 0x0000000611a00000, 0x0000000611800000| Untracked 
| 109|0x0000000611a00000, 0x0000000611a5c600, 0x0000000611c00000| 18%| O|  |TAMS 0x0000000611a5c600, 0x0000000611a00000| Untracked 
| 110|0x0000000611c00000, 0x0000000611c00000, 0x0000000611e00000|  0%| F|  |TAMS 0x0000000611c00000, 0x0000000611c00000| Untracked 
| 111|0x0000000611e00000, 0x0000000611e00000, 0x0000000612000000|  0%| F|  |TAMS 0x0000000611e00000, 0x0000000611e00000| Untracked 
| 112|0x0000000612000000, 0x0000000612000000, 0x0000000612200000|  0%| F|  |TAMS 0x0000000612000000, 0x0000000612000000| Untracked 
| 113|0x0000000612200000, 0x0000000612200000, 0x0000000612400000|  0%| F|  |TAMS 0x0000000612200000, 0x0000000612200000| Untracked 
| 114|0x0000000612400000, 0x0000000612600000, 0x0000000612600000|100%|HS|  |TAMS 0x0000000612600000, 0x0000000612400000| Complete 
| 115|0x0000000612600000, 0x0000000612800000, 0x0000000612800000|100%|HC|  |TAMS 0x0000000612800000, 0x0000000612600000| Complete 
| 116|0x0000000612800000, 0x0000000612a00000, 0x0000000612a00000|100%|HC|  |TAMS 0x0000000612a00000, 0x0000000612800000| Complete 
| 117|0x0000000612a00000, 0x0000000612c00000, 0x0000000612c00000|100%|HC|  |TAMS 0x0000000612c00000, 0x0000000612a00000| Complete 
| 118|0x0000000612c00000, 0x0000000612c00000, 0x0000000612e00000|  0%| F|  |TAMS 0x0000000612c00000, 0x0000000612c00000| Untracked 
| 119|0x0000000612e00000, 0x0000000612e00000, 0x0000000613000000|  0%| F|  |TAMS 0x0000000612e00000, 0x0000000612e00000| Untracked 
| 120|0x0000000613000000, 0x0000000613000000, 0x0000000613200000|  0%| F|  |TAMS 0x0000000613000000, 0x0000000613000000| Untracked 
| 121|0x0000000613200000, 0x0000000613200000, 0x0000000613400000|  0%| F|  |TAMS 0x0000000613200000, 0x0000000613200000| Untracked 
| 122|0x0000000613400000, 0x0000000613400000, 0x0000000613600000|  0%| F|  |TAMS 0x0000000613400000, 0x0000000613400000| Untracked 
| 123|0x0000000613600000, 0x0000000613600000, 0x0000000613800000|  0%| F|  |TAMS 0x0000000613600000, 0x0000000613600000| Untracked 
| 124|0x0000000613800000, 0x0000000613800000, 0x0000000613a00000|  0%| F|  |TAMS 0x0000000613800000, 0x0000000613800000| Untracked 
| 125|0x0000000613a00000, 0x0000000613b34688, 0x0000000613c00000| 60%| S|CS|TAMS 0x0000000613a00000, 0x0000000613a00000| Complete 
| 126|0x0000000613c00000, 0x0000000613e00000, 0x0000000613e00000|100%| S|CS|TAMS 0x0000000613c00000, 0x0000000613c00000| Complete 
| 127|0x0000000613e00000, 0x0000000614000000, 0x0000000614000000|100%| S|CS|TAMS 0x0000000613e00000, 0x0000000613e00000| Complete 
| 128|0x0000000614000000, 0x0000000614200000, 0x0000000614200000|100%| S|CS|TAMS 0x0000000614000000, 0x0000000614000000| Complete 
| 129|0x0000000614200000, 0x0000000614200000, 0x0000000614400000|  0%| F|  |TAMS 0x0000000614200000, 0x0000000614200000| Untracked 
| 130|0x0000000614400000, 0x0000000614400000, 0x0000000614600000|  0%| F|  |TAMS 0x0000000614400000, 0x0000000614400000| Untracked 
| 131|0x0000000614600000, 0x0000000614600000, 0x0000000614800000|  0%| F|  |TAMS 0x0000000614600000, 0x0000000614600000| Untracked 
| 132|0x0000000614800000, 0x0000000614800000, 0x0000000614a00000|  0%| F|  |TAMS 0x0000000614800000, 0x0000000614800000| Untracked 
| 133|0x0000000614a00000, 0x0000000614a00000, 0x0000000614c00000|  0%| F|  |TAMS 0x0000000614a00000, 0x0000000614a00000| Untracked 
| 134|0x0000000614c00000, 0x0000000614c00000, 0x0000000614e00000|  0%| F|  |TAMS 0x0000000614c00000, 0x0000000614c00000| Untracked 
| 135|0x0000000614e00000, 0x0000000614e00000, 0x0000000615000000|  0%| F|  |TAMS 0x0000000614e00000, 0x0000000614e00000| Untracked 
| 136|0x0000000615000000, 0x0000000615000000, 0x0000000615200000|  0%| F|  |TAMS 0x0000000615000000, 0x0000000615000000| Untracked 
| 137|0x0000000615200000, 0x0000000615200000, 0x0000000615400000|  0%| F|  |TAMS 0x0000000615200000, 0x0000000615200000| Untracked 
| 138|0x0000000615400000, 0x0000000615400000, 0x0000000615600000|  0%| F|  |TAMS 0x0000000615400000, 0x0000000615400000| Untracked 
| 139|0x0000000615600000, 0x0000000615600000, 0x0000000615800000|  0%| F|  |TAMS 0x0000000615600000, 0x0000000615600000| Untracked 
| 140|0x0000000615800000, 0x0000000615800000, 0x0000000615a00000|  0%| F|  |TAMS 0x0000000615800000, 0x0000000615800000| Untracked 
| 141|0x0000000615a00000, 0x0000000615a00000, 0x0000000615c00000|  0%| F|  |TAMS 0x0000000615a00000, 0x0000000615a00000| Untracked 
| 142|0x0000000615c00000, 0x0000000615c00000, 0x0000000615e00000|  0%| F|  |TAMS 0x0000000615c00000, 0x0000000615c00000| Untracked 
| 143|0x0000000615e00000, 0x0000000615e00000, 0x0000000616000000|  0%| F|  |TAMS 0x0000000615e00000, 0x0000000615e00000| Untracked 
| 144|0x0000000616000000, 0x0000000616000000, 0x0000000616200000|  0%| F|  |TAMS 0x0000000616000000, 0x0000000616000000| Untracked 
| 145|0x0000000616200000, 0x0000000616200000, 0x0000000616400000|  0%| F|  |TAMS 0x0000000616200000, 0x0000000616200000| Untracked 
| 146|0x0000000616400000, 0x0000000616400000, 0x0000000616600000|  0%| F|  |TAMS 0x0000000616400000, 0x0000000616400000| Untracked 
| 147|0x0000000616600000, 0x0000000616600000, 0x0000000616800000|  0%| F|  |TAMS 0x0000000616600000, 0x0000000616600000| Untracked 
| 148|0x0000000616800000, 0x0000000616800000, 0x0000000616a00000|  0%| F|  |TAMS 0x0000000616800000, 0x0000000616800000| Untracked 
| 149|0x0000000616a00000, 0x0000000616a00000, 0x0000000616c00000|  0%| F|  |TAMS 0x0000000616a00000, 0x0000000616a00000| Untracked 
| 150|0x0000000616c00000, 0x0000000616c00000, 0x0000000616e00000|  0%| F|  |TAMS 0x0000000616c00000, 0x0000000616c00000| Untracked 
| 151|0x0000000616e00000, 0x0000000616e00000, 0x0000000617000000|  0%| F|  |TAMS 0x0000000616e00000, 0x0000000616e00000| Untracked 
| 152|0x0000000617000000, 0x0000000617000000, 0x0000000617200000|  0%| F|  |TAMS 0x0000000617000000, 0x0000000617000000| Untracked 
| 153|0x0000000617200000, 0x0000000617200000, 0x0000000617400000|  0%| F|  |TAMS 0x0000000617200000, 0x0000000617200000| Untracked 
| 154|0x0000000617400000, 0x0000000617400000, 0x0000000617600000|  0%| F|  |TAMS 0x0000000617400000, 0x0000000617400000| Untracked 
| 155|0x0000000617600000, 0x0000000617600000, 0x0000000617800000|  0%| F|  |TAMS 0x0000000617600000, 0x0000000617600000| Untracked 
| 156|0x0000000617800000, 0x0000000617800000, 0x0000000617a00000|  0%| F|  |TAMS 0x0000000617800000, 0x0000000617800000| Untracked 
| 157|0x0000000617a00000, 0x0000000617a00000, 0x0000000617c00000|  0%| F|  |TAMS 0x0000000617a00000, 0x0000000617a00000| Untracked 
| 158|0x0000000617c00000, 0x0000000617c00000, 0x0000000617e00000|  0%| F|  |TAMS 0x0000000617c00000, 0x0000000617c00000| Untracked 
| 159|0x0000000617e00000, 0x0000000617e00000, 0x0000000618000000|  0%| F|  |TAMS 0x0000000617e00000, 0x0000000617e00000| Untracked 
| 160|0x0000000618000000, 0x0000000618000000, 0x0000000618200000|  0%| F|  |TAMS 0x0000000618000000, 0x0000000618000000| Untracked 
| 161|0x0000000618200000, 0x0000000618200000, 0x0000000618400000|  0%| F|  |TAMS 0x0000000618200000, 0x0000000618200000| Untracked 
| 162|0x0000000618400000, 0x0000000618400000, 0x0000000618600000|  0%| F|  |TAMS 0x0000000618400000, 0x0000000618400000| Untracked 
| 163|0x0000000618600000, 0x0000000618600000, 0x0000000618800000|  0%| F|  |TAMS 0x0000000618600000, 0x0000000618600000| Untracked 
| 164|0x0000000618800000, 0x0000000618800000, 0x0000000618a00000|  0%| F|  |TAMS 0x0000000618800000, 0x0000000618800000| Untracked 
| 165|0x0000000618a00000, 0x0000000618a00000, 0x0000000618c00000|  0%| F|  |TAMS 0x0000000618a00000, 0x0000000618a00000| Untracked 
| 166|0x0000000618c00000, 0x0000000618c00000, 0x0000000618e00000|  0%| F|  |TAMS 0x0000000618c00000, 0x0000000618c00000| Untracked 
| 167|0x0000000618e00000, 0x0000000618e00000, 0x0000000619000000|  0%| F|  |TAMS 0x0000000618e00000, 0x0000000618e00000| Untracked 
| 168|0x0000000619000000, 0x0000000619000000, 0x0000000619200000|  0%| F|  |TAMS 0x0000000619000000, 0x0000000619000000| Untracked 
| 169|0x0000000619200000, 0x0000000619200000, 0x0000000619400000|  0%| F|  |TAMS 0x0000000619200000, 0x0000000619200000| Untracked 
| 170|0x0000000619400000, 0x0000000619400000, 0x0000000619600000|  0%| F|  |TAMS 0x0000000619400000, 0x0000000619400000| Untracked 
| 171|0x0000000619600000, 0x0000000619600000, 0x0000000619800000|  0%| F|  |TAMS 0x0000000619600000, 0x0000000619600000| Untracked 
| 172|0x0000000619800000, 0x0000000619800000, 0x0000000619a00000|  0%| F|  |TAMS 0x0000000619800000, 0x0000000619800000| Untracked 
| 173|0x0000000619a00000, 0x0000000619a00000, 0x0000000619c00000|  0%| F|  |TAMS 0x0000000619a00000, 0x0000000619a00000| Untracked 
| 174|0x0000000619c00000, 0x0000000619c00000, 0x0000000619e00000|  0%| F|  |TAMS 0x0000000619c00000, 0x0000000619c00000| Untracked 
| 175|0x0000000619e00000, 0x0000000619e00000, 0x000000061a000000|  0%| F|  |TAMS 0x0000000619e00000, 0x0000000619e00000| Untracked 
| 176|0x000000061a000000, 0x000000061a000000, 0x000000061a200000|  0%| F|  |TAMS 0x000000061a000000, 0x000000061a000000| Untracked 
| 177|0x000000061a200000, 0x000000061a200000, 0x000000061a400000|  0%| F|  |TAMS 0x000000061a200000, 0x000000061a200000| Untracked 
| 178|0x000000061a400000, 0x000000061a400000, 0x000000061a600000|  0%| F|  |TAMS 0x000000061a400000, 0x000000061a400000| Untracked 
| 179|0x000000061a600000, 0x000000061a600000, 0x000000061a800000|  0%| F|  |TAMS 0x000000061a600000, 0x000000061a600000| Untracked 
| 180|0x000000061a800000, 0x000000061a800000, 0x000000061aa00000|  0%| F|  |TAMS 0x000000061a800000, 0x000000061a800000| Untracked 
| 181|0x000000061aa00000, 0x000000061aa00000, 0x000000061ac00000|  0%| F|  |TAMS 0x000000061aa00000, 0x000000061aa00000| Untracked 
| 182|0x000000061ac00000, 0x000000061ac00000, 0x000000061ae00000|  0%| F|  |TAMS 0x000000061ac00000, 0x000000061ac00000| Untracked 
| 183|0x000000061ae00000, 0x000000061ae00000, 0x000000061b000000|  0%| F|  |TAMS 0x000000061ae00000, 0x000000061ae00000| Untracked 
| 184|0x000000061b000000, 0x000000061b000000, 0x000000061b200000|  0%| F|  |TAMS 0x000000061b000000, 0x000000061b000000| Untracked 
| 185|0x000000061b200000, 0x000000061b200000, 0x000000061b400000|  0%| F|  |TAMS 0x000000061b200000, 0x000000061b200000| Untracked 
| 186|0x000000061b400000, 0x000000061b400000, 0x000000061b600000|  0%| F|  |TAMS 0x000000061b400000, 0x000000061b400000| Untracked 
| 187|0x000000061b600000, 0x000000061b600000, 0x000000061b800000|  0%| F|  |TAMS 0x000000061b600000, 0x000000061b600000| Untracked 
| 188|0x000000061b800000, 0x000000061b800000, 0x000000061ba00000|  0%| F|  |TAMS 0x000000061b800000, 0x000000061b800000| Untracked 
| 189|0x000000061ba00000, 0x000000061ba00000, 0x000000061bc00000|  0%| F|  |TAMS 0x000000061ba00000, 0x000000061ba00000| Untracked 
| 190|0x000000061bc00000, 0x000000061bc00000, 0x000000061be00000|  0%| F|  |TAMS 0x000000061bc00000, 0x000000061bc00000| Untracked 
| 191|0x000000061be00000, 0x000000061be00000, 0x000000061c000000|  0%| F|  |TAMS 0x000000061be00000, 0x000000061be00000| Untracked 
| 192|0x000000061c000000, 0x000000061c000000, 0x000000061c200000|  0%| F|  |TAMS 0x000000061c000000, 0x000000061c000000| Untracked 
| 193|0x000000061c200000, 0x000000061c200000, 0x000000061c400000|  0%| F|  |TAMS 0x000000061c200000, 0x000000061c200000| Untracked 
| 194|0x000000061c400000, 0x000000061c400000, 0x000000061c600000|  0%| F|  |TAMS 0x000000061c400000, 0x000000061c400000| Untracked 
| 195|0x000000061c600000, 0x000000061c600000, 0x000000061c800000|  0%| F|  |TAMS 0x000000061c600000, 0x000000061c600000| Untracked 
| 196|0x000000061c800000, 0x000000061c800000, 0x000000061ca00000|  0%| F|  |TAMS 0x000000061c800000, 0x000000061c800000| Untracked 
| 197|0x000000061ca00000, 0x000000061ca00000, 0x000000061cc00000|  0%| F|  |TAMS 0x000000061ca00000, 0x000000061ca00000| Untracked 
| 198|0x000000061cc00000, 0x000000061cc00000, 0x000000061ce00000|  0%| F|  |TAMS 0x000000061cc00000, 0x000000061cc00000| Untracked 
| 199|0x000000061ce00000, 0x000000061ce00000, 0x000000061d000000|  0%| F|  |TAMS 0x000000061ce00000, 0x000000061ce00000| Untracked 
| 200|0x000000061d000000, 0x000000061d000000, 0x000000061d200000|  0%| F|  |TAMS 0x000000061d000000, 0x000000061d000000| Untracked 
| 201|0x000000061d200000, 0x000000061d200000, 0x000000061d400000|  0%| F|  |TAMS 0x000000061d200000, 0x000000061d200000| Untracked 
| 202|0x000000061d400000, 0x000000061d400000, 0x000000061d600000|  0%| F|  |TAMS 0x000000061d400000, 0x000000061d400000| Untracked 
| 203|0x000000061d600000, 0x000000061d600000, 0x000000061d800000|  0%| F|  |TAMS 0x000000061d600000, 0x000000061d600000| Untracked 
| 204|0x000000061d800000, 0x000000061d800000, 0x000000061da00000|  0%| F|  |TAMS 0x000000061d800000, 0x000000061d800000| Untracked 
| 205|0x000000061da00000, 0x000000061da00000, 0x000000061dc00000|  0%| F|  |TAMS 0x000000061da00000, 0x000000061da00000| Untracked 
| 206|0x000000061dc00000, 0x000000061dc00000, 0x000000061de00000|  0%| F|  |TAMS 0x000000061dc00000, 0x000000061dc00000| Untracked 
| 207|0x000000061de00000, 0x000000061de00000, 0x000000061e000000|  0%| F|  |TAMS 0x000000061de00000, 0x000000061de00000| Untracked 
| 208|0x000000061e000000, 0x000000061e000000, 0x000000061e200000|  0%| F|  |TAMS 0x000000061e000000, 0x000000061e000000| Untracked 
| 209|0x000000061e200000, 0x000000061e200000, 0x000000061e400000|  0%| F|  |TAMS 0x000000061e200000, 0x000000061e200000| Untracked 
| 210|0x000000061e400000, 0x000000061e400000, 0x000000061e600000|  0%| F|  |TAMS 0x000000061e400000, 0x000000061e400000| Untracked 
| 211|0x000000061e600000, 0x000000061e600000, 0x000000061e800000|  0%| F|  |TAMS 0x000000061e600000, 0x000000061e600000| Untracked 
| 212|0x000000061e800000, 0x000000061e800000, 0x000000061ea00000|  0%| F|  |TAMS 0x000000061e800000, 0x000000061e800000| Untracked 
| 213|0x000000061ea00000, 0x000000061ebeac88, 0x000000061ec00000| 95%| E|  |TAMS 0x000000061ea00000, 0x000000061ea00000| Complete 
| 214|0x000000061ec00000, 0x000000061ee00000, 0x000000061ee00000|100%| E|CS|TAMS 0x000000061ec00000, 0x000000061ec00000| Complete 
| 215|0x000000061ee00000, 0x000000061f000000, 0x000000061f000000|100%| E|CS|TAMS 0x000000061ee00000, 0x000000061ee00000| Complete 
| 216|0x000000061f000000, 0x000000061f200000, 0x000000061f200000|100%| E|CS|TAMS 0x000000061f000000, 0x000000061f000000| Complete 
| 217|0x000000061f200000, 0x000000061f400000, 0x000000061f400000|100%| E|CS|TAMS 0x000000061f200000, 0x000000061f200000| Complete 
| 218|0x000000061f400000, 0x000000061f600000, 0x000000061f600000|100%| E|CS|TAMS 0x000000061f400000, 0x000000061f400000| Complete 
| 219|0x000000061f600000, 0x000000061f800000, 0x000000061f800000|100%| E|CS|TAMS 0x000000061f600000, 0x000000061f600000| Complete 
| 220|0x000000061f800000, 0x000000061fa00000, 0x000000061fa00000|100%| E|CS|TAMS 0x000000061f800000, 0x000000061f800000| Complete 
| 221|0x000000061fa00000, 0x000000061fc00000, 0x000000061fc00000|100%| E|CS|TAMS 0x000000061fa00000, 0x000000061fa00000| Complete 
| 222|0x000000061fc00000, 0x000000061fe00000, 0x000000061fe00000|100%| E|CS|TAMS 0x000000061fc00000, 0x000000061fc00000| Complete 
| 223|0x000000061fe00000, 0x0000000620000000, 0x0000000620000000|100%| E|CS|TAMS 0x000000061fe00000, 0x000000061fe00000| Complete 
| 224|0x0000000620000000, 0x0000000620200000, 0x0000000620200000|100%| E|CS|TAMS 0x0000000620000000, 0x0000000620000000| Complete 
| 225|0x0000000620200000, 0x0000000620400000, 0x0000000620400000|100%| E|CS|TAMS 0x0000000620200000, 0x0000000620200000| Complete 
| 226|0x0000000620400000, 0x0000000620600000, 0x0000000620600000|100%| E|CS|TAMS 0x0000000620400000, 0x0000000620400000| Complete 
| 227|0x0000000620600000, 0x0000000620800000, 0x0000000620800000|100%| E|CS|TAMS 0x0000000620600000, 0x0000000620600000| Complete 
| 228|0x0000000620800000, 0x0000000620a00000, 0x0000000620a00000|100%| E|CS|TAMS 0x0000000620800000, 0x0000000620800000| Complete 
| 229|0x0000000620a00000, 0x0000000620c00000, 0x0000000620c00000|100%| E|CS|TAMS 0x0000000620a00000, 0x0000000620a00000| Complete 
| 230|0x0000000620c00000, 0x0000000620e00000, 0x0000000620e00000|100%| E|CS|TAMS 0x0000000620c00000, 0x0000000620c00000| Complete 
| 231|0x0000000620e00000, 0x0000000621000000, 0x0000000621000000|100%| E|CS|TAMS 0x0000000620e00000, 0x0000000620e00000| Complete 
| 232|0x0000000621000000, 0x0000000621200000, 0x0000000621200000|100%| E|CS|TAMS 0x0000000621000000, 0x0000000621000000| Complete 
| 233|0x0000000621200000, 0x0000000621400000, 0x0000000621400000|100%| E|CS|TAMS 0x0000000621200000, 0x0000000621200000| Complete 
| 234|0x0000000621400000, 0x0000000621600000, 0x0000000621600000|100%| E|CS|TAMS 0x0000000621400000, 0x0000000621400000| Complete 
| 235|0x0000000621600000, 0x0000000621800000, 0x0000000621800000|100%| E|CS|TAMS 0x0000000621600000, 0x0000000621600000| Complete 
| 236|0x0000000621800000, 0x0000000621a00000, 0x0000000621a00000|100%| E|CS|TAMS 0x0000000621800000, 0x0000000621800000| Complete 
| 237|0x0000000621a00000, 0x0000000621c00000, 0x0000000621c00000|100%| E|CS|TAMS 0x0000000621a00000, 0x0000000621a00000| Complete 
| 238|0x0000000621c00000, 0x0000000621e00000, 0x0000000621e00000|100%| E|CS|TAMS 0x0000000621c00000, 0x0000000621c00000| Complete 
| 239|0x0000000621e00000, 0x0000000622000000, 0x0000000622000000|100%| E|CS|TAMS 0x0000000621e00000, 0x0000000621e00000| Complete 
| 240|0x0000000622000000, 0x0000000622200000, 0x0000000622200000|100%| E|CS|TAMS 0x0000000622000000, 0x0000000622000000| Complete 
| 241|0x0000000622200000, 0x0000000622400000, 0x0000000622400000|100%| E|CS|TAMS 0x0000000622200000, 0x0000000622200000| Complete 
| 242|0x0000000622400000, 0x0000000622600000, 0x0000000622600000|100%| E|CS|TAMS 0x0000000622400000, 0x0000000622400000| Complete 
| 243|0x0000000622600000, 0x0000000622800000, 0x0000000622800000|100%| E|CS|TAMS 0x0000000622600000, 0x0000000622600000| Complete 
| 244|0x0000000622800000, 0x0000000622a00000, 0x0000000622a00000|100%| E|CS|TAMS 0x0000000622800000, 0x0000000622800000| Complete 
| 245|0x0000000622a00000, 0x0000000622c00000, 0x0000000622c00000|100%| E|CS|TAMS 0x0000000622a00000, 0x0000000622a00000| Complete 
| 246|0x0000000622c00000, 0x0000000622e00000, 0x0000000622e00000|100%| E|CS|TAMS 0x0000000622c00000, 0x0000000622c00000| Complete 
| 247|0x0000000622e00000, 0x0000000623000000, 0x0000000623000000|100%| E|CS|TAMS 0x0000000622e00000, 0x0000000622e00000| Complete 
| 248|0x0000000623000000, 0x0000000623200000, 0x0000000623200000|100%| E|CS|TAMS 0x0000000623000000, 0x0000000623000000| Complete 
| 249|0x0000000623200000, 0x0000000623400000, 0x0000000623400000|100%| E|CS|TAMS 0x0000000623200000, 0x0000000623200000| Complete 
| 250|0x0000000623400000, 0x0000000623600000, 0x0000000623600000|100%| E|CS|TAMS 0x0000000623400000, 0x0000000623400000| Complete 
| 251|0x0000000623600000, 0x0000000623800000, 0x0000000623800000|100%| E|CS|TAMS 0x0000000623600000, 0x0000000623600000| Complete 
| 252|0x0000000623800000, 0x0000000623a00000, 0x0000000623a00000|100%| E|CS|TAMS 0x0000000623800000, 0x0000000623800000| Complete 
| 253|0x0000000623a00000, 0x0000000623c00000, 0x0000000623c00000|100%| E|CS|TAMS 0x0000000623a00000, 0x0000000623a00000| Complete 

Card table byte_map: [0x0000027caa370000,0x0000027cab350000] _byte_map_base: 0x0000027ca7350000

Marking Bits (Prev, Next): (CMBitMap*) 0x0000027c92a1e4f8, (CMBitMap*) 0x0000027c92a1e530
 Prev Bits: [0x0000027cac330000, 0x0000027cb4230000)
 Next Bits: [0x0000027cb4230000, 0x0000027cbc130000)

Polling page: 0x0000027c92160000

Metaspace:

Usage:
  Non-class:     46.87 MB capacity,    45.98 MB ( 98%) used,   715.64 KB (  1%) free+waste,   194.62 KB ( <1%) overhead. 
      Class:      6.74 MB capacity,     6.09 MB ( 90%) used,   570.27 KB (  8%) free+waste,    94.69 KB (  1%) overhead. 
       Both:     53.61 MB capacity,    52.07 MB ( 97%) used,     1.26 MB (  2%) free+waste,   289.31 KB ( <1%) overhead. 

Virtual space:
  Non-class space:       48.00 MB reserved,      47.00 MB ( 98%) committed 
      Class space:        1.00 GB reserved,       6.75 MB ( <1%) committed 
             Both:        1.05 GB reserved,      53.75 MB (  5%) committed 

Chunk freelists:
   Non-Class:  256 bytes
       Class:  1.25 KB
        Both:  1.50 KB

CodeHeap 'non-profiled nmethods': size=120000Kb used=5905Kb max_used=5905Kb free=114094Kb
 bounds [0x0000027ca1b30000, 0x0000027ca2100000, 0x0000027ca9060000]
CodeHeap 'profiled nmethods': size=120000Kb used=22422Kb max_used=22422Kb free=97578Kb
 bounds [0x0000027c9a600000, 0x0000027c9bbf0000, 0x0000027ca1b30000]
CodeHeap 'non-nmethods': size=5760Kb used=1523Kb max_used=1569Kb free=4236Kb
 bounds [0x0000027c9a060000, 0x0000027c9a2d0000, 0x0000027c9a600000]
 total_blobs=10404 nmethods=9396 adapters=919
 compilation: enabled
              stopped_count=0, restarted_count=0
 full_count=0

Compilation events (10 events):
Event: 249835.202 Thread 0x0000027cbf684000 nmethod 9411 0x0000027ca20e0990 code [0x0000027ca20e0b20, 0x0000027ca20e0d38]
Event: 249835.267 Thread 0x0000027cbf684000 9412       4       com.j256.ormlite.db.BaseDatabaseType::appendEscapedEntityName (65 bytes)
Event: 249835.305 Thread 0x0000027cbf684000 nmethod 9412 0x0000027ca20e0f10 code [0x0000027ca20e1100, 0x0000027ca20e21b8]
Event: 249835.305 Thread 0x0000027cbf684000 9413       4       java.util.concurrent.locks.AbstractQueuedSynchronizer$ConditionObject::doSignal (43 bytes)
Event: 249835.319 Thread 0x0000027cbf684000 nmethod 9413 0x0000027ca20e2a90 code [0x0000027ca20e2c20, 0x0000027ca20e32e8]
Event: 249835.338 Thread 0x0000027cbf684000 9414       4       java.util.ImmutableCollections$List12::size (13 bytes)
Event: 249835.339 Thread 0x0000027cbf684000 nmethod 9414 0x0000027ca20e3490 code [0x0000027ca20e3600, 0x0000027ca20e3678]
Event: 249835.362 Thread 0x0000027cbf684000 9415       4       java.util.Collections::addAll (43 bytes)
Event: 249835.373 Thread 0x0000027cbf684000 nmethod 9415 0x0000027ca20e3710 code [0x0000027ca20e38a0, 0x0000027ca20e4018]
Event: 249835.412 Thread 0x0000027cbf684000 9416   !   4       com.j256.ormlite.dao.BaseDaoImpl::initialize (352 bytes)

GC Heap History (10 events):
Event: 2061.511 GC heap before
{Heap before GC invocations=9 (full 0):
 garbage-first heap   total 520192K, used 353166K [0x0000000604000000, 0x0000000800000000)
  region size 2048K, 62 young (126976K), 3 survivors (6144K)
 Metaspace       used 52091K, capacity 53613K, committed 53760K, reserved 1095680K
  class space    used 6222K, capacity 6897K, committed 6912K, reserved 1048576K
}
Event: 2061.513 GC heap after
{Heap after GC invocations=10 (full 0):
 garbage-first heap   total 520192K, used 173914K [0x0000000604000000, 0x0000000800000000)
  region size 2048K, 4 young (8192K), 4 survivors (8192K)
 Metaspace       used 52091K, capacity 53613K, committed 53760K, reserved 1095680K
  class space    used 6222K, capacity 6897K, committed 6912K, reserved 1048576K
}
Event: 2192.875 GC heap before
{Heap before GC invocations=10 (full 0):
 garbage-first heap   total 520192K, used 327514K [0x0000000604000000, 0x0000000800000000)
  region size 2048K, 49 young (100352K), 4 survivors (8192K)
 Metaspace       used 52382K, capacity 53948K, committed 54016K, reserved 1095680K
  class space    used 6229K, capacity 6900K, committed 6912K, reserved 1048576K
}
Event: 2192.877 GC heap after
{Heap after GC invocations=11 (full 0):
 garbage-first heap   total 520192K, used 230562K [0x0000000604000000, 0x0000000800000000)
  region size 2048K, 3 young (6144K), 3 survivors (6144K)
 Metaspace       used 52382K, capacity 53948K, committed 54016K, reserved 1095680K
  class space    used 6229K, capacity 6900K, committed 6912K, reserved 1048576K
}
Event: 2242.878 GC heap before
{Heap before GC invocations=12 (full 0):
 garbage-first heap   total 520192K, used 261282K [0x0000000604000000, 0x0000000800000000)
  region size 2048K, 20 young (40960K), 3 survivors (6144K)
 Metaspace       used 52384K, capacity 53948K, committed 54016K, reserved 1095680K
  class space    used 6229K, capacity 6900K, committed 6912K, reserved 1048576K
}
Event: 2242.879 GC heap after
{Heap after GC invocations=13 (full 0):
 garbage-first heap   total 520192K, used 191018K [0x0000000604000000, 0x0000000800000000)
  region size 2048K, 2 young (4096K), 2 survivors (4096K)
 Metaspace       used 52384K, capacity 53948K, committed 54016K, reserved 1095680K
  class space    used 6229K, capacity 6900K, committed 6912K, reserved 1048576K
}
Event: 20336.696 GC heap before
{Heap before GC invocations=14 (full 0):
 garbage-first heap   total 520192K, used 389674K [0x0000000604000000, 0x0000000800000000)
  region size 2048K, 92 young (188416K), 2 survivors (4096K)
 Metaspace       used 52940K, capacity 54495K, committed 54528K, reserved 1097728K
  class space    used 6237K, capacity 6902K, committed 6912K, reserved 1048576K
}
Event: 20336.698 GC heap after
{Heap after GC invocations=15 (full 0):
 garbage-first heap   total 520192K, used 153638K [0x0000000604000000, 0x0000000800000000)
  region size 2048K, 2 young (4096K), 2 survivors (4096K)
 Metaspace       used 52940K, capacity 54495K, committed 54528K, reserved 1097728K
  class space    used 6237K, capacity 6902K, committed 6912K, reserved 1048576K
}
Event: 249833.681 GC heap before
{Heap before GC invocations=15 (full 0):
 garbage-first heap   total 520192K, used 403494K [0x0000000604000000, 0x0000000800000000)
  region size 2048K, 125 young (256000K), 2 survivors (4096K)
 Metaspace       used 53306K, capacity 54899K, committed 55040K, reserved 1097728K
  class space    used 6237K, capacity 6902K, committed 6912K, reserved 1048576K
}
Event: 249833.686 GC heap after
{Heap after GC invocations=16 (full 0):
 garbage-first heap   total 520192K, used 151107K [0x0000000604000000, 0x0000000800000000)
  region size 2048K, 4 young (8192K), 4 survivors (8192K)
 Metaspace       used 53306K, capacity 54899K, committed 55040K, reserved 1097728K
  class space    used 6237K, capacity 6902K, committed 6912K, reserved 1048576K
}

Deoptimization events (10 events):
Event: 249823.270 Thread 0x0000027cc8ff9000 Uncommon trap: reason=unstable_if action=reinterpret pc=0x0000027ca1fb8e24 method=java.util.concurrent.locks.AbstractQueuedSynchronizer.unparkSuccessor(Ljava/util/concurrent/locks/AbstractQueuedSynchronizer$Node;)V @ 22 c2
Event: 249823.271 Thread 0x0000027cc8ff1000 Uncommon trap: reason=unstable_if action=reinterpret pc=0x0000027ca1efab34 method=java.util.concurrent.locks.ReentrantLock$Sync.nonfairTryAcquire(I)Z @ 19 c2
Event: 249824.939 Thread 0x0000027cc8ff1000 Uncommon trap: reason=unstable_if action=reinterpret pc=0x0000027ca2052784 method=java.util.concurrent.ThreadPoolExecutor.runWorker(Ljava/util/concurrent/ThreadPoolExecutor$Worker;)V @ 31 c2
Event: 249824.945 Thread 0x0000027cc8ff9000 Uncommon trap: reason=class_check action=make_not_entrant pc=0x0000027ca2044b78 method=java.util.concurrent.CopyOnWriteArrayList.toArray([Ljava/lang/Object;)[Ljava/lang/Object; @ 20 c2
Event: 249831.536 Thread 0x0000027cc8b92800 Uncommon trap: reason=profile_predicate action=maybe_recompile pc=0x0000027ca207ba90 method=java.util.stream.ReferencePipeline.forEachWithCancel(Ljava/util/Spliterator;Ljava/util/stream/Sink;)Z @ 8 c2
Event: 249832.091 Thread 0x0000027cc8b99000 Uncommon trap: reason=profile_predicate action=maybe_recompile pc=0x0000027ca207ba90 method=java.util.stream.ReferencePipeline.forEachWithCancel(Ljava/util/Spliterator;Ljava/util/stream/Sink;)Z @ 8 c2
Event: 249832.617 Thread 0x0000027cc8b93800 Uncommon trap: reason=profile_predicate action=maybe_recompile pc=0x0000027ca207ba90 method=java.util.stream.ReferencePipeline.forEachWithCancel(Ljava/util/Spliterator;Ljava/util/stream/Sink;)Z @ 8 c2
Event: 249832.738 Thread 0x0000027cc6f1b000 Uncommon trap: reason=unstable_if action=reinterpret pc=0x0000027ca2056f08 method=java.util.concurrent.ScheduledThreadPoolExecutor$DelayedWorkQueue.offer(Ljava/lang/Runnable;)Z @ 39 c2
Event: 249833.045 Thread 0x0000027cc8ff9000 Uncommon trap: reason=intrinsic_or_type_checked_inlining action=make_not_entrant pc=0x0000027ca1ce80cc method=java.util.ArrayList.toArray([Ljava/lang/Object;)[Ljava/lang/Object; @ 36 c2
Event: 249834.711 Thread 0x0000027cc8b98800 Uncommon trap: reason=profile_predicate action=maybe_recompile pc=0x0000027ca207ba90 method=java.util.stream.ReferencePipeline.forEachWithCancel(Ljava/util/Spliterator;Ljava/util/stream/Sink;)Z @ 8 c2

Classes redefined (0 events):
No events

Internal exceptions (10 events):
Event: 249835.459 Thread 0x0000027cc8ff9000 Exception <a 'java/net/NoRouteToHostException'{0x00000006209e55d8}: No route to host: connect> (0x00000006209e55d8) thrown at [./open/src/hotspot/share/prims/jni.cpp, line 632]
Event: 249835.459 Thread 0x0000027cc8ff9000 Exception <a 'java/net/NoRouteToHostException'{0x00000006209f1b80}: No route to host: connect> (0x00000006209f1b80) thrown at [./open/src/hotspot/share/prims/jni.cpp, line 632]
Event: 249835.471 Thread 0x0000027cc8ff9000 Exception <a 'java/net/NoRouteToHostException'{0x00000006206a48f8}: No route to host: connect> (0x00000006206a48f8) thrown at [./open/src/hotspot/share/prims/jni.cpp, line 632]
Event: 249835.472 Thread 0x0000027cc8ff9000 Exception <a 'java/net/NoRouteToHostException'{0x00000006206afa48}: No route to host: connect> (0x00000006206afa48) thrown at [./open/src/hotspot/share/prims/jni.cpp, line 632]
Event: 249835.473 Thread 0x0000027cc8ff9000 Exception <a 'java/net/NoRouteToHostException'{0x00000006206bbff0}: No route to host: connect> (0x00000006206bbff0) thrown at [./open/src/hotspot/share/prims/jni.cpp, line 632]
Event: 249835.474 Thread 0x0000027cc8ff9000 Exception <a 'java/net/NoRouteToHostException'{0x00000006206c8598}: No route to host: connect> (0x00000006206c8598) thrown at [./open/src/hotspot/share/prims/jni.cpp, line 632]
Event: 249835.475 Thread 0x0000027cc8ff9000 Exception <a 'java/net/NoRouteToHostException'{0x00000006206d4b40}: No route to host: connect> (0x00000006206d4b40) thrown at [./open/src/hotspot/share/prims/jni.cpp, line 632]
Event: 249835.485 Thread 0x0000027cc8ff9000 Exception <a 'java/net/NoRouteToHostException'{0x00000006206dfc90}: No route to host: connect> (0x00000006206dfc90) thrown at [./open/src/hotspot/share/prims/jni.cpp, line 632]
Event: 249835.493 Thread 0x0000027cc8ff9000 Exception <a 'java/net/NoRouteToHostException'{0x00000006206ec238}: No route to host: connect> (0x00000006206ec238) thrown at [./open/src/hotspot/share/prims/jni.cpp, line 632]
Event: 249835.497 Thread 0x0000027cc8ff9000 Exception <a 'java/net/NoRouteToHostException'{0x00000006206f87e0}: No route to host: connect> (0x00000006206f87e0) thrown at [./open/src/hotspot/share/prims/jni.cpp, line 632]

Events (10 events):
Event: 249833.698 Executing VM operation: BulkRevokeBias done
Event: 249833.761 Thread 0x0000027cc8b93800 Thread exited: 0x0000027cc8b93800
Event: 249834.028 Thread 0x0000027cc8ff8000 DEOPT PACKING pc=0x0000027c9b903271 sp=0x000000b042efe400
Event: 249834.028 Thread 0x0000027cc8ff8000 DEOPT UNPACKING pc=0x0000027c9a087e8e sp=0x000000b042efdb00 mode 0
Event: 249834.710 Thread 0x0000027cc8b92800 Thread exited: 0x0000027cc8b92800
Event: 249834.711 Thread 0x0000027cc8b98800 Uncommon trap: trap_request=0xffffffbe fr.pc=0x0000027ca207ba90 relative=0x0000000000000570
Event: 249834.711 Thread 0x0000027cc8b98800 DEOPT PACKING pc=0x0000027ca207ba90 sp=0x000000b0403fd6c0
Event: 249834.713 Thread 0x0000027cc10a7800 Thread exited: 0x0000027cc10a7800
Event: 249834.800 Thread 0x0000027cc8b98800 DEOPT UNPACKING pc=0x0000027c9a0683af sp=0x000000b0403fd660 mode 2
Event: 249834.800 Thread 0x0000027cc8b92800 Thread added: 0x0000027cc8b92800


Dynamic libraries:
0x00007ff73a2c0000 - 0x00007ff73a2d0000 	C:\Program Files\Java\jdk-11\bin\java.exe
0x00007ffda9770000 - 0x00007ffda9987000 	C:\WINDOWS\SYSTEM32\ntdll.dll
0x00007ffda85e0000 - 0x00007ffda86a4000 	C:\WINDOWS\System32\KERNEL32.DLL
0x00007ffda6f30000 - 0x00007ffda72d5000 	C:\WINDOWS\System32\KERNELBASE.dll
0x00007ffda6b80000 - 0x00007ffda6c91000 	C:\WINDOWS\System32\ucrtbase.dll
0x00007ffd9eb20000 - 0x00007ffd9eb38000 	C:\Program Files\Java\jdk-11\bin\jli.dll
0x00007ffd0e0f0000 - 0x00007ffd0e10b000 	C:\Program Files\Java\jdk-11\bin\VCRUNTIME140.dll
0x00007ffda8bf0000 - 0x00007ffda8ca1000 	C:\WINDOWS\System32\ADVAPI32.dll
0x00007ffda9120000 - 0x00007ffda91c7000 	C:\WINDOWS\System32\msvcrt.dll
0x00007ffda7fb0000 - 0x00007ffda8056000 	C:\WINDOWS\System32\sechost.dll
0x00007ffda91d0000 - 0x00007ffda92e7000 	C:\WINDOWS\System32\RPCRT4.dll
0x00007ffda86b0000 - 0x00007ffda885e000 	C:\WINDOWS\System32\USER32.dll
0x00007ffda6f00000 - 0x00007ffda6f26000 	C:\WINDOWS\System32\win32u.dll
0x00007ffda7db0000 - 0x00007ffda7dd9000 	C:\WINDOWS\System32\GDI32.dll
0x00007ffd8b1b0000 - 0x00007ffd8b443000 	C:\WINDOWS\WinSxS\amd64_microsoft.windows.common-controls_6595b64144ccf1df_6.0.22621.2506_none_270c5ae97388e100\COMCTL32.dll
0x00007ffda72e0000 - 0x00007ffda73f9000 	C:\WINDOWS\System32\gdi32full.dll
0x00007ffda6ae0000 - 0x00007ffda6b7a000 	C:\WINDOWS\System32\msvcp_win.dll
0x00007ffd993a0000 - 0x00007ffd993aa000 	C:\WINDOWS\SYSTEM32\VERSION.dll
0x00007ffda7e90000 - 0x00007ffda7ec1000 	C:\WINDOWS\System32\IMM32.DLL
0x00007ffd5f3e0000 - 0x00007ffd5f3ec000 	C:\Program Files\Java\jdk-11\bin\vcruntime140_1.dll
0x00007ffd0d850000 - 0x00007ffd0d8de000 	C:\Program Files\Java\jdk-11\bin\msvcp140.dll
0x00007ffd095b0000 - 0x00007ffd0a118000 	C:\Program Files\Java\jdk-11\bin\server\jvm.dll
0x00007ffda94b0000 - 0x00007ffda94b8000 	C:\WINDOWS\System32\PSAPI.DLL
0x00007ffd74690000 - 0x00007ffd74699000 	C:\WINDOWS\SYSTEM32\WSOCK32.dll
0x00007ffda8550000 - 0x00007ffda85c1000 	C:\WINDOWS\System32\WS2_32.dll
0x00007ffda1900000 - 0x00007ffda1934000 	C:\WINDOWS\SYSTEM32\WINMM.dll
0x00007ffda5a40000 - 0x00007ffda5a58000 	C:\WINDOWS\SYSTEM32\kernel.appcore.dll
0x00007ffd5f290000 - 0x00007ffd5f2a0000 	C:\Program Files\Java\jdk-11\bin\verify.dll
0x00007ffda3e20000 - 0x00007ffda4053000 	C:\WINDOWS\SYSTEM32\DBGHELP.DLL
0x00007ffda8860000 - 0x00007ffda8be9000 	C:\WINDOWS\System32\combase.dll
0x00007ffda7ed0000 - 0x00007ffda7fa7000 	C:\WINDOWS\System32\OLEAUT32.dll
0x00007ffda1880000 - 0x00007ffda18b2000 	C:\WINDOWS\SYSTEM32\dbgcore.DLL
0x00007ffda6e80000 - 0x00007ffda6efa000 	C:\WINDOWS\System32\bcryptPrimitives.dll
0x00007ffd0dd50000 - 0x00007ffd0dd78000 	C:\Program Files\Java\jdk-11\bin\java.dll
0x00007ffd58690000 - 0x00007ffd5869a000 	C:\Program Files\Java\jdk-11\bin\jimage.dll
0x00007ffd0dd30000 - 0x00007ffd0dd47000 	C:\Program Files\Java\jdk-11\bin\zip.dll
0x00007ffda74c0000 - 0x00007ffda7d19000 	C:\WINDOWS\System32\SHELL32.dll
0x00007ffda49b0000 - 0x00007ffda52a4000 	C:\WINDOWS\SYSTEM32\windows.storage.dll
0x00007ffda4870000 - 0x00007ffda49ae000 	C:\WINDOWS\SYSTEM32\wintypes.dll
0x00007ffda9630000 - 0x00007ffda9723000 	C:\WINDOWS\System32\SHCORE.dll
0x00007ffda7d40000 - 0x00007ffda7d9e000 	C:\WINDOWS\System32\shlwapi.dll
0x00007ffda6a10000 - 0x00007ffda6a36000 	C:\WINDOWS\SYSTEM32\profapi.dll
0x00007ffd0dc50000 - 0x00007ffd0dc69000 	C:\Program Files\Java\jdk-11\bin\net.dll
0x00007ffd9d210000 - 0x00007ffd9d347000 	C:\WINDOWS\SYSTEM32\WINHTTP.dll
0x00007ffda5f10000 - 0x00007ffda5f79000 	C:\WINDOWS\system32\mswsock.dll
0x00007ffd0dc30000 - 0x00007ffd0dc42000 	C:\Program Files\Java\jdk-11\bin\nio.dll
0x00007ffda5540000 - 0x00007ffda5639000 	C:\WINDOWS\SYSTEM32\DNSAPI.dll
0x00007ffda5510000 - 0x00007ffda553d000 	C:\WINDOWS\SYSTEM32\IPHLPAPI.DLL
0x00007ffda8060000 - 0x00007ffda8069000 	C:\WINDOWS\System32\NSI.dll
0x00007ffd98d30000 - 0x00007ffd98d3a000 	C:\Windows\System32\rasadhlp.dll
0x00007ffd99440000 - 0x00007ffd994c3000 	C:\WINDOWS\System32\fwpuclnt.dll
0x0000027c928e0000 - 0x0000027c928e3000 	C:\Program Files\Java\jdk-11\bin\api-ms-win-core-console-l1-1-0.dll
0x0000027c928f0000 - 0x0000027c928f3000 	C:\Program Files\Java\jdk-11\bin\api-ms-win-core-datetime-l1-1-0.dll
0x0000027c92900000 - 0x0000027c92903000 	C:\Program Files\Java\jdk-11\bin\api-ms-win-core-debug-l1-1-0.dll
0x0000027c92910000 - 0x0000027c92913000 	C:\Program Files\Java\jdk-11\bin\api-ms-win-core-errorhandling-l1-1-0.dll
0x0000027c92920000 - 0x0000027c92924000 	C:\Program Files\Java\jdk-11\bin\api-ms-win-core-file-l1-1-0.dll
0x0000027c92930000 - 0x0000027c92933000 	C:\Program Files\Java\jdk-11\bin\api-ms-win-core-file-l1-2-0.dll
0x0000027c92940000 - 0x0000027c92943000 	C:\Program Files\Java\jdk-11\bin\api-ms-win-core-file-l2-1-0.dll
0x0000027c92950000 - 0x0000027c92953000 	C:\Program Files\Java\jdk-11\bin\api-ms-win-core-handle-l1-1-0.dll
0x0000027cc16e0000 - 0x0000027cc16e3000 	C:\Program Files\Java\jdk-11\bin\api-ms-win-core-heap-l1-1-0.dll
0x0000027cc16f0000 - 0x0000027cc16f3000 	C:\Program Files\Java\jdk-11\bin\api-ms-win-core-interlocked-l1-1-0.dll
0x0000027cc1700000 - 0x0000027cc1703000 	C:\Program Files\Java\jdk-11\bin\api-ms-win-core-libraryloader-l1-1-0.dll
0x0000027cc1710000 - 0x0000027cc1713000 	C:\Program Files\Java\jdk-11\bin\api-ms-win-core-localization-l1-2-0.dll
0x0000027cc1720000 - 0x0000027cc1723000 	C:\Program Files\Java\jdk-11\bin\api-ms-win-core-memory-l1-1-0.dll
0x0000027cc1730000 - 0x0000027cc1733000 	C:\Program Files\Java\jdk-11\bin\api-ms-win-core-namedpipe-l1-1-0.dll
0x0000027cc1740000 - 0x0000027cc1743000 	C:\Program Files\Java\jdk-11\bin\api-ms-win-core-processenvironment-l1-1-0.dll
0x0000027cc1750000 - 0x0000027cc1753000 	C:\Program Files\Java\jdk-11\bin\api-ms-win-core-processthreads-l1-1-0.dll
0x0000027cc1760000 - 0x0000027cc1763000 	C:\Program Files\Java\jdk-11\bin\api-ms-win-core-processthreads-l1-1-1.dll
0x0000027cc1770000 - 0x0000027cc1773000 	C:\Program Files\Java\jdk-11\bin\api-ms-win-core-profile-l1-1-0.dll
0x0000027cc1780000 - 0x0000027cc1783000 	C:\Program Files\Java\jdk-11\bin\api-ms-win-core-rtlsupport-l1-1-0.dll
0x0000027cc1790000 - 0x0000027cc1793000 	C:\Program Files\Java\jdk-11\bin\api-ms-win-core-string-l1-1-0.dll
0x0000027cc19e0000 - 0x0000027cc19e3000 	C:\Program Files\Java\jdk-11\bin\api-ms-win-core-synch-l1-1-0.dll
0x0000027cc19f0000 - 0x0000027cc19f3000 	C:\Program Files\Java\jdk-11\bin\api-ms-win-core-synch-l1-2-0.dll
0x0000027cc1a00000 - 0x0000027cc1a03000 	C:\Program Files\Java\jdk-11\bin\api-ms-win-core-sysinfo-l1-1-0.dll
0x0000027cc17a0000 - 0x0000027cc17a3000 	C:\Program Files\Java\jdk-11\bin\api-ms-win-core-timezone-l1-1-0.dll
0x0000027cc17b0000 - 0x0000027cc17b3000 	C:\Program Files\Java\jdk-11\bin\api-ms-win-core-util-l1-1-0.dll
0x0000027cc17c0000 - 0x0000027cc17c3000 	C:\Program Files\Java\jdk-11\bin\api-ms-win-crt-conio-l1-1-0.dll
0x0000027cc17d0000 - 0x0000027cc17d4000 	C:\Program Files\Java\jdk-11\bin\api-ms-win-crt-convert-l1-1-0.dll
0x0000027cc17e0000 - 0x0000027cc17e3000 	C:\Program Files\Java\jdk-11\bin\api-ms-win-crt-environment-l1-1-0.dll
0x0000027cc17f0000 - 0x0000027cc17f3000 	C:\Program Files\Java\jdk-11\bin\api-ms-win-crt-filesystem-l1-1-0.dll
0x0000027cc1800000 - 0x0000027cc1803000 	C:\Program Files\Java\jdk-11\bin\api-ms-win-crt-heap-l1-1-0.dll
0x0000027cc1810000 - 0x0000027cc1813000 	C:\Program Files\Java\jdk-11\bin\api-ms-win-crt-locale-l1-1-0.dll
0x0000027cc1820000 - 0x0000027cc1825000 	C:\Program Files\Java\jdk-11\bin\api-ms-win-crt-math-l1-1-0.dll
0x0000027cc1830000 - 0x0000027cc1835000 	C:\Program Files\Java\jdk-11\bin\api-ms-win-crt-multibyte-l1-1-0.dll
0x0000027cc1840000 - 0x0000027cc1850000 	C:\Program Files\Java\jdk-11\bin\api-ms-win-crt-private-l1-1-0.dll
0x0000027cc1850000 - 0x0000027cc1853000 	C:\Program Files\Java\jdk-11\bin\api-ms-win-crt-process-l1-1-0.dll
0x0000027cc1860000 - 0x0000027cc1864000 	C:\Program Files\Java\jdk-11\bin\api-ms-win-crt-runtime-l1-1-0.dll
0x0000027cc1870000 - 0x0000027cc1874000 	C:\Program Files\Java\jdk-11\bin\api-ms-win-crt-stdio-l1-1-0.dll
0x0000027cc1880000 - 0x0000027cc1884000 	C:\Program Files\Java\jdk-11\bin\api-ms-win-crt-string-l1-1-0.dll
0x0000027cc1890000 - 0x0000027cc1893000 	C:\Program Files\Java\jdk-11\bin\api-ms-win-crt-time-l1-1-0.dll
0x0000027cc18a0000 - 0x0000027cc18a3000 	C:\Program Files\Java\jdk-11\bin\api-ms-win-crt-utility-l1-1-0.dll
0x00007ffd891b0000 - 0x00007ffd892b0000 	C:\Program Files\Java\jdk-11\bin\ucrtbase.dll
0x00007ffd899b0000 - 0x00007ffd899fe000 	C:\Windows\System32\concrt140.dll
0x00007ffd9c0c0000 - 0x00007ffd9c0e3000 	C:\Users\Abhijeet Patil\.openjfx\cache\11.0.2\prism_d3d.dll
0x00007ffd182b0000 - 0x00007ffd18459000 	C:\WINDOWS\system32\d3d9.dll
0x00007ffda4060000 - 0x00007ffda408b000 	C:\WINDOWS\SYSTEM32\dwmapi.dll
0x00007ffda3c20000 - 0x00007ffda3c56000 	C:\WINDOWS\SYSTEM32\dxcore.dll
0x00007ffda3b40000 - 0x00007ffda3beb000 	C:\WINDOWS\system32\uxtheme.dll
0x00007ffd3b840000 - 0x00007ffd3ba78000 	C:\WINDOWS\System32\DriverStore\FileRepository\iigd_dch.inf_amd64_3fd734cf72127ac9\igdumdim64.dll
0x00007ffda8e70000 - 0x00007ffda9010000 	C:\WINDOWS\System32\ole32.dll
0x00007ffcd74f0000 - 0x00007ffcd8860000 	C:\WINDOWS\System32\DriverStore\FileRepository\iigd_dch.inf_amd64_3fd734cf72127ac9\igd9dxva64.dll
0x00007ffda80d0000 - 0x00007ffda8544000 	C:\WINDOWS\System32\SETUPAPI.dll
0x00007ffda6770000 - 0x00007ffda67be000 	C:\WINDOWS\SYSTEM32\cfgmgr32.dll
0x00007ffd210a0000 - 0x00007ffd22dc1000 	C:\WINDOWS\System32\DriverStore\FileRepository\iigd_dch.inf_amd64_3fd734cf72127ac9\media_bin_64.dll
0x00007ffd98ef0000 - 0x00007ffd99328000 	C:\WINDOWS\System32\DriverStore\FileRepository\iigd_dch.inf_amd64_3fd734cf72127ac9\igdgmm64.dll
0x00007ffd9e930000 - 0x00007ffd9e97a000 	C:\WINDOWS\SYSTEM32\directxdatabasehelper.dll
0x00007ffd89750000 - 0x00007ffd89795000 	C:\Users\Abhijeet Patil\.openjfx\cache\11.0.2\glass.dll
0x00007ffda9530000 - 0x00007ffda9629000 	C:\WINDOWS\System32\COMDLG32.dll
0x00007ffda8cb0000 - 0x00007ffda8dff000 	C:\WINDOWS\System32\MSCTF.dll
0x00007ffd397e0000 - 0x00007ffd39807000 	C:\WINDOWS\System32\DriverStore\FileRepository\iigd_dch.inf_amd64_3fd734cf72127ac9\igdinfo64.dll
0x00007ffd90e80000 - 0x00007ffd94d2d000 	C:\WINDOWS\System32\DriverStore\FileRepository\iigd_dch.inf_amd64_3fd734cf72127ac9\igc64.dll
0x00007ffda6260000 - 0x00007ffda627b000 	C:\WINDOWS\SYSTEM32\CRYPTSP.dll
0x00007ffda5a00000 - 0x00007ffda5a35000 	C:\WINDOWS\system32\rsaenh.dll
0x00007ffda5fb0000 - 0x00007ffda5fdc000 	C:\WINDOWS\SYSTEM32\USERENV.dll
0x00007ffda6380000 - 0x00007ffda63a8000 	C:\WINDOWS\SYSTEM32\bcrypt.dll
0x00007ffda6240000 - 0x00007ffda624c000 	C:\WINDOWS\SYSTEM32\CRYPTBASE.dll
0x00007ffd9d470000 - 0x00007ffd9d489000 	C:\WINDOWS\SYSTEM32\dhcpcsvc6.DLL
0x00007ffd9d110000 - 0x00007ffd9d12f000 	C:\WINDOWS\SYSTEM32\dhcpcsvc.DLL
0x00007ffda3080000 - 0x00007ffda308d000 	C:\Program Files\Java\jdk-11\bin\sunmscapi.dll
0x00007ffda6d10000 - 0x00007ffda6e76000 	C:\WINDOWS\System32\CRYPT32.dll
0x00007ffda6350000 - 0x00007ffda637d000 	C:\WINDOWS\SYSTEM32\ncrypt.dll
0x00007ffda6310000 - 0x00007ffda6347000 	C:\WINDOWS\SYSTEM32\NTASN1.dll
0x00007ffd37a30000 - 0x00007ffd37a57000 	C:\Program Files\Java\jdk-11\bin\sunec.dll
0x00007ffd245b0000 - 0x00007ffd245c7000 	C:\WINDOWS\system32\napinsp.dll
0x00007ffd24590000 - 0x00007ffd245ab000 	C:\WINDOWS\system32\pnrpnsp.dll
0x00007ffd24570000 - 0x00007ffd24581000 	C:\WINDOWS\System32\winrnr.dll
0x00007ffd667c0000 - 0x00007ffd667d5000 	C:\WINDOWS\system32\wshbth.dll
0x00007ffd39ac0000 - 0x00007ffd39ae1000 	C:\WINDOWS\system32\nlansp_c.dll

dbghelp: loaded successfully - version: 4.0.5 - missing functions: none
symbol engine: initialized successfully - sym options: 0x614 - pdb path: .;C:\Program Files\Java\jdk-11\bin;C:\WINDOWS\SYSTEM32;C:\WINDOWS\WinSxS\amd64_microsoft.windows.common-controls_6595b64144ccf1df_6.0.22621.2506_none_270c5ae97388e100;C:\Program Files\Java\jdk-11\bin\server;C:\Users\Abhijeet Patil\.openjfx\cache\11.0.2;C:\WINDOWS\System32\DriverStore\FileRepository\iigd_dch.inf_amd64_3fd734cf72127ac9;C:\Program Files\Common Files\Microsoft Shared\Ink;C:\Users\Abhijeet Patil\AppData\Local\Temp;C:\Users\Abhijeet Patil\AppData\Local\Temp\jna--1372347662

VM Arguments:
jvm_args: -Djava.util.logging.config.file=./logging.properties -Dsentry.environment=production -Dsentry.release=unspecified -Dsentry.tags=OS:windows --add-modules=javafx.controls,javafx.fxml,javafx.graphics,javafx.web --module-path=C:\Users\Abhijeet Patil\.gradle\caches\modules-2\files-2.1\org.openjfx\javafx-web\11.0.2\d84a525af501320e2d60931d5a30242a2dd47f8c\javafx-web-11.0.2-win.jar;C:\Users\Abhijeet Patil\.gradle\caches\modules-2\files-2.1\org.openjfx\javafx-media\11.0.2\a9d052aba5dc676f26b5cfcd33a68e381f08a47a\javafx-media-11.0.2-win.jar;C:\Users\Abhijeet Patil\.gradle\caches\modules-2\files-2.1\org.openjfx\javafx-fxml\11.0.2\b3242e4c031558574de2a1da685bb5fcdbb8a530\javafx-fxml-11.0.2-win.jar;C:\Users\Abhijeet Patil\.gradle\caches\modules-2\files-2.1\org.openjfx\javafx-controls\11.0.2\6c763707769c18adce406904c771c2ad1fcc370b\javafx-controls-11.0.2-win.jar;C:\Users\Abhijeet Patil\.gradle\caches\modules-2\files-2.1\org.openjfx\javafx-graphics\11.0.2\20459ea2cf714942bcbeb78a7f70ba3531dc1a44\javafx-graphics-11.0.2-win.jar;C:\Users\Abhijeet Patil\.gradle\caches\modules-2\files-2.1\org.openjfx\javafx-base\11.0.2\1852e57b8cf9a9b6488c33605bccd5d06ff210e1\javafx-base-11.0.2-win.jar -Dfile.encoding=windows-1252 -Duser.country=IN -Duser.language=en -Duser.variant 
java_command: com.workshiftly.application.ApplicationStarter
java_class_path (initial): D:\ws\ws_desktop_app_upgraded\build\classes\java\main;D:\ws\ws_desktop_app_upgraded\build\resources\main;C:\Users\Abhijeet Patil\.gradle\caches\modules-2\files-2.1\com.jfoenix\jfoenix\9.0.10\a7625792db8d15615ea6eebbc31e01504f20b2df\jfoenix-9.0.10.jar;C:\Users\Abhijeet Patil\.gradle\caches\modules-2\files-2.1\org.ini4j\ini4j\0.5.4\4a3ee4146a90c619b20977d65951825f5675b560\ini4j-0.5.4.jar;C:\Users\Abhijeet Patil\.gradle\caches\modules-2\files-2.1\com.j256.ormlite\ormlite-jdbc\5.1\8c5fac7d12ee7d3c82a4eb01534779fc66f75d4a\ormlite-jdbc-5.1.jar;C:\Users\Abhijeet Patil\.gradle\caches\modules-2\files-2.1\com.j256.ormlite\ormlite-core\5.1\bf7a747016c99ac01577d3268a4ac9c24e94d5de\ormlite-core-5.1.jar;C:\Users\Abhijeet Patil\.gradle\caches\modules-2\files-2.1\io.github.willena\sqlite-jdbc\3.35.5.3\ac7fb4e73316bbdf2e6f2c2014029851eaae66f1\sqlite-jdbc-3.35.5.3.jar;C:\Users\Abhijeet Patil\.gradle\caches\modules-2\files-2.1\com.1stleg\jnativehook\2.1.0\49e72ddee45ca9cf332c50b4c716781ac0df07fd\jnativehook-2.1.0.jar;C:\Users\Abhijeet Patil\.gradle\caches\modules-2\files-2.1\net.java.dev.jna\jna-platform\5.6.0\d18424ffb8bbfd036d71bcaab9b546858f2ef986\jna-platform-5.6.0.jar;C:\Users\Abhijeet Patil\.gradle\caches\modules-2\files-2.1\net.java.dev.jna\jna\5.6.0\330f2244e9030119ab3030fc3fededc86713d9cc\jna-5.6.0.jar;C:\Users\Abhijeet Patil\.gradle\caches\modules-2\files-2.1\com.konghq\unirest-object-mappers-gson\3.7.02\3bf52589393e039ffd122acadad4fb1a1610ee84\unirest-object-mappers-gson-3.7.02.jar;C:\Users\Abhijeet Patil\.gradle\caches\modules-2\files-2.1\commons-validator\commons-validator\1.6\e989d1e87cdd60575df0765ed5bac65c905d7908\commons-validator-1.6.jar;C:\Users\Abhijeet Patil\.gradle\caches\modules-2\files-2.1\com.github.javafaker\javafaker\1.0.2\be0ff271b1208416822db4438864df47f90af92f\javafaker-1.0.2.jar;C:\Users\Abhijeet Patil\.gradle\caches\modules-2\files-2.1\org.apache.commons\commons-lang3\3.11\68e9a6adf7cf8eb7e9d31bbc554c7c75eeaac568\commons-lan
Launcher Type: SUN_STANDARD

[Global flags]
     intx CICompilerCount                          = 4                                         {product} {ergonomic}
     uint ConcGCThreads                            = 2                                         {product} {ergonomic}
     uint G1ConcRefinementThreads                  = 8                                         {product} {ergonomic}
   size_t G1HeapRegionSize                         = 2097152                                   {product} {ergonomic}
    uintx GCDrainStackTargetSize                   = 64                                        {product} {ergonomic}
   size_t InitialHeapSize                          = 532676608                                 {product} {ergonomic}
   size_t MarkStackSize                            = 4194304                                   {product} {ergonomic}
   size_t MaxHeapSize                              = 8522825728                                {product} {ergonomic}
   size_t MaxNewSize                               = 5112856576                                {product} {ergonomic}
   size_t MinHeapDeltaBytes                        = 2097152                                   {product} {ergonomic}
    uintx NonNMethodCodeHeapSize                   = 5836300                                {pd product} {ergonomic}
    uintx NonProfiledCodeHeapSize                  = 122910970                              {pd product} {ergonomic}
    uintx ProfiledCodeHeapSize                     = 122910970                              {pd product} {ergonomic}
    uintx ReservedCodeCacheSize                    = 251658240                              {pd product} {ergonomic}
     bool SegmentedCodeCache                       = true                                      {product} {ergonomic}
     bool UseCompressedClassPointers               = true                                 {lp64_product} {ergonomic}
     bool UseCompressedOops                        = true                                 {lp64_product} {ergonomic}
     bool UseG1GC                                  = true                                      {product} {ergonomic}
     bool UseLargePagesIndividualAllocation        = false                                  {pd product} {ergonomic}

Logging:
Log output configuration:
 #0: stdout all=warning uptime,level,tags
 #1: stderr all=off uptime,level,tags

Environment Variables:
JAVA_HOME=C:\Program Files\Java\jdk-11
PATH=C:\Program Files\Common Files\Oracle\Java\javapath;C:\Program Files (x86)\Common Files\Oracle\Java\javapath;C:\Program Files\Microsoft\jdk-11.0.12.7-hotspot\bin;C:\Windows\system32;C:\Windows;C:\Windows\System32\Wbem;C:\Windows\System32\WindowsPowerShell\v1.0\;C:\Windows\System32\OpenSSH\;C:\Program Files\dotnet\;C:\Program Files\Microsoft SQL Server\Client SDK\ODBC\170\Tools\Binn\;C:\Program Files\Azure Data Studio\bin;C:\Users\dell\AppData\Roaming\nvm;C:\Program Files\nodejs;C:\WINDOWS\system32;C:\WINDOWS;C:\WINDOWS\System32\Wbem;C:\WINDOWS\System32\WindowsPowerShell\v1.0\;C:\WINDOWS\System32\OpenSSH\;C:\Program Files\PuTTY\;C:\Program Files (x86)\Microsoft SQL Server\160\DTS\Binn\;C:\Program Files (x86)\Microsoft SQL Server\160\Tools\Binn\;C:\Program Files\Microsoft SQL Server\160\Tools\Binn\;C:\Program Files\Microsoft SQL Server\160\DTS\Binn\;C:\Program Files\Microsoft SQL Server\150\Tools\Binn\;C:\Users\Abhijeet Patil\AppData\Local\Microsoft\WindowsApps;C:\Users\Abhijeet Patil\AppData\Local\GitHubDesktop\bin;C:\Users\Abhijeet Patil\.dotnet\tools;C:\Development\flutter\bin;C:\Users\Abhijeet Patil\AppData\Local\Programs\Git\cmd;C:\Users\Abhijeet Patil\AppData\Local\Programs\Microsoft VS Code\bin;C:\gradle-6.5\bin;C:\Program Files (x86)\WiX Toolset v3.11\bin;C:\Program Files (x86)\Inno Setup 6;C:\javafx-sdk-20.0.1;
USERNAME=Abhijeet Patil
OS=Windows_NT
PROCESSOR_IDENTIFIER=Intel64 Family 6 Model 140 Stepping 2, GenuineIntel



---------------  S Y S T E M  ---------------

OS: Windows 11 , 64 bit Build 22621 (10.0.22621.2506)
Hyper-V role detected

CPU:total 8 (initial active 8) (4 cores per cpu, 2 threads per core) family 6 model 140 stepping 2 microcode 0x16, cmov, cx8, fxsr, mmx, sse, sse2, sse3, ssse3, sse4.1, sse4.2, popcnt, avx, avx2, aes, clmul, erms, 3dnowpref, lzcnt, ht, tsc, tscinvbit, bmi1, bmi2, adx, evex, sha, fma

Memory: 4k page, system-wide physical 32506M (17619M free)
TotalPageFile size 37370M (AvailPageFile size 21391M)
current process WorkingSet (physical memory assigned to process): 811M, peak: 812M
current process commit charge ("private bytes"): 873M, peak: 874M

vm_info: Java HotSpot(TM) 64-Bit Server VM (11.0.18+9-LTS-195) for windows-amd64 JRE (11.0.18+9-LTS-195), built on Dec  6 2022 15:50:58 by "mach5one" with MS VC++ 17.1 (VS2022)

END.
